<?xml version="1.0" encoding="UTF-8"?>
<coverage generated="1779996689024" clover="3.2.0">
  <project timestamp="1779996689025" name="All files">
    <metrics statements="3268" coveredstatements="2363" conditionals="2373" coveredconditionals="1722" methods="351" coveredmethods="264" elements="5992" coveredelements="4349" complexity="0" loc="3268" ncloc="3268" packages="5" files="31" classes="31"/>
    <package name="core">
      <metrics statements="2239" coveredstatements="1919" conditionals="1923" coveredconditionals="1569" methods="216" coveredmethods="201"/>
      <file name="AutonomousAgentSimulator.ts" path="/root/.gemini/antigravity-cli/scratch/Quantum-Flow-OS/src/core/AutonomousAgentSimulator.ts">
        <metrics statements="97" coveredstatements="78" conditionals="30" coveredconditionals="18" methods="15" coveredmethods="12"/>
        <line num="11" count="9" type="stmt"/>
        <line num="12" count="9" type="stmt"/>
        <line num="48" count="9" type="stmt"/>
        <line num="49" count="32" type="stmt"/>
        <line num="50" count="32" type="stmt"/>
        <line num="51" count="32" type="stmt"/>
        <line num="52" count="32" type="stmt"/>
        <line num="55" count="32" type="stmt"/>
        <line num="121" count="32" type="stmt"/>
        <line num="122" count="32" type="stmt"/>
        <line num="129" count="33" type="stmt"/>
        <line num="136" count="33" type="stmt"/>
        <line num="143" count="33" type="stmt"/>
        <line num="155" count="100" type="stmt"/>
        <line num="156" count="100" type="stmt"/>
        <line num="161" count="100" type="stmt"/>
        <line num="168" count="0" type="stmt"/>
        <line num="175" count="6" type="stmt"/>
        <line num="182" count="2" type="stmt"/>
        <line num="183" count="2" type="stmt"/>
        <line num="184" count="2" type="stmt"/>
        <line num="185" count="2" type="stmt"/>
        <line num="186" count="2" type="stmt"/>
        <line num="187" count="2" type="stmt"/>
        <line num="189" count="2" type="stmt"/>
        <line num="191" count="2" type="stmt"/>
        <line num="193" count="6" type="cond" truecount="2" falsecount="0"/>
        <line num="194" count="6" type="cond" truecount="0" falsecount="1"/>
        <line num="195" count="0" type="stmt"/>
        <line num="198" count="6" type="stmt"/>
        <line num="201" count="6" type="stmt"/>
        <line num="202" count="6" type="stmt"/>
        <line num="204" count="6" type="cond" truecount="2" falsecount="0"/>
        <line num="206" count="34" type="stmt"/>
        <line num="207" count="2" type="stmt"/>
        <line num="209" count="4" type="cond" truecount="2" falsecount="0"/>
        <line num="211" count="2" type="stmt"/>
        <line num="212" count="30" type="stmt"/>
        <line num="214" count="2" type="stmt"/>
        <line num="217" count="2" type="stmt"/>
        <line num="219" count="32" type="stmt"/>
        <line num="222" count="2" type="stmt"/>
        <line num="226" count="6" type="stmt"/>
        <line num="241" count="6" type="stmt"/>
        <line num="243" count="6" type="cond" truecount="2" falsecount="0"/>
        <line num="244" count="1" type="stmt"/>
        <line num="245" count="1" type="stmt"/>
        <line num="249" count="1" type="stmt"/>
        <line num="254" count="1" type="stmt"/>
        <line num="255" count="1" type="cond" truecount="0" falsecount="1"/>
        <line num="256" count="0" type="stmt"/>
        <line num="259" count="0" type="stmt"/>
        <line num="261" count="5" type="cond" truecount="1" falsecount="1"/>
        <line num="262" count="0" type="stmt"/>
        <line num="263" count="0" type="stmt"/>
        <line num="264" count="0" type="stmt"/>
        <line num="265" count="0" type="stmt"/>
        <line num="268" count="0" type="stmt"/>
        <line num="274" count="0" type="stmt"/>
        <line num="279" count="5" type="stmt"/>
        <line num="280" count="5" type="stmt"/>
        <line num="281" count="5" type="stmt"/>
        <line num="287" count="6" type="cond" truecount="1" falsecount="1"/>
        <line num="288" count="6" type="stmt"/>
        <line num="289" count="6" type="stmt"/>
        <line num="296" count="0" type="stmt"/>
        <line num="297" count="0" type="stmt"/>
        <line num="305" count="0" type="cond" truecount="0" falsecount="2"/>
        <line num="307" count="0" type="stmt"/>
        <line num="308" count="0" type="cond" truecount="0" falsecount="1"/>
        <line num="310" count="0" type="stmt"/>
        <line num="316" count="2" type="stmt"/>
        <line num="317" count="2" type="stmt"/>
        <line num="318" count="2" type="stmt"/>
        <line num="319" count="6" type="stmt"/>
        <line num="320" count="6" type="stmt"/>
        <line num="321" count="6" type="stmt"/>
        <line num="322" count="6" type="stmt"/>
        <line num="325" count="6" type="cond" truecount="1" falsecount="1"/>
        <line num="326" count="6" type="stmt"/>
        <line num="328" count="6" type="cond" truecount="1" falsecount="1"/>
        <line num="329" count="6" type="stmt"/>
        <line num="330" count="0" type="cond" truecount="0" falsecount="1"/>
        <line num="331" count="0" type="stmt"/>
        <line num="334" count="6" type="stmt"/>
        <line num="343" count="2" type="cond" truecount="1" falsecount="1"/>
        <line num="347" count="2" type="stmt"/>
        <line num="358" count="2" type="stmt"/>
        <line num="359" count="2" type="cond" truecount="0" falsecount="1"/>
        <line num="360" count="0" type="stmt"/>
        <line num="363" count="2" type="stmt"/>
        <line num="364" count="2" type="stmt"/>
        <line num="371" count="3" type="stmt"/>
        <line num="378" count="1" type="stmt"/>
        <line num="379" count="1" type="stmt"/>
        <line num="380" count="1" type="stmt"/>
        <line num="381" count="1" type="stmt"/>
      </file>
      <file name="BuddhistEthicsEngine.ts" path="/root/.gemini/antigravity-cli/scratch/Quantum-Flow-OS/src/core/BuddhistEthicsEngine.ts">
        <metrics statements="107" coveredstatements="91" conditionals="161" coveredconditionals="149" methods="6" coveredmethods="6"/>
        <line num="19" count="10" type="stmt"/>
        <line num="20" count="10" type="stmt"/>
        <line num="39" count="10" type="stmt"/>
        <line num="40" count="36" type="stmt"/>
        <line num="41" count="36" type="stmt"/>
        <line num="45" count="36" type="stmt"/>
        <line num="46" count="36" type="cond" truecount="2" falsecount="0"/>
        <line num="53" count="28" type="stmt"/>
        <line num="54" count="28" type="stmt"/>
        <line num="55" count="28" type="stmt"/>
        <line num="58" count="28" type="stmt"/>
        <line num="60" count="28" type="cond" truecount="7" falsecount="0"/>
        <line num="61" count="2" type="stmt"/>
        <line num="62" count="2" type="stmt"/>
        <line num="63" count="26" type="cond" truecount="6" falsecount="1"/>
        <line num="64" count="0" type="stmt"/>
        <line num="65" count="0" type="stmt"/>
        <line num="68" count="28" type="cond" truecount="7" falsecount="0"/>
        <line num="69" count="4" type="stmt"/>
        <line num="70" count="4" type="stmt"/>
        <line num="71" count="24" type="cond" truecount="3" falsecount="1"/>
        <line num="72" count="0" type="stmt"/>
        <line num="75" count="28" type="cond" truecount="1" falsecount="0"/>
        <line num="76" count="3" type="cond" truecount="5" falsecount="1"/>
        <line num="77" count="0" type="stmt"/>
        <line num="78" count="0" type="stmt"/>
        <line num="83" count="28" type="cond" truecount="4" falsecount="1"/>
        <line num="84" count="0" type="stmt"/>
        <line num="86" count="28" type="cond" truecount="5" falsecount="0"/>
        <line num="87" count="1" type="stmt"/>
        <line num="90" count="28" type="stmt"/>
        <line num="93" count="28" type="stmt"/>
        <line num="94" count="28" type="cond" truecount="16" falsecount="0"/>
        <line num="97" count="5" type="stmt"/>
        <line num="98" count="5" type="stmt"/>
        <line num="100" count="28" type="cond" truecount="10" falsecount="1"/>
        <line num="102" count="0" type="stmt"/>
        <line num="104" count="28" type="cond" truecount="6" falsecount="0"/>
        <line num="105" count="9" type="stmt"/>
        <line num="107" count="28" type="cond" truecount="5" falsecount="0"/>
        <line num="108" count="1" type="stmt"/>
        <line num="109" count="1" type="stmt"/>
        <line num="112" count="28" type="stmt"/>
        <line num="115" count="28" type="stmt"/>
        <line num="116" count="28" type="cond" truecount="2" falsecount="0"/>
        <line num="117" count="26" type="stmt"/>
        <line num="118" count="26" type="stmt"/>
        <line num="120" count="2" type="stmt"/>
        <line num="123" count="28" type="cond" truecount="5" falsecount="1"/>
        <line num="124" count="0" type="stmt"/>
        <line num="126" count="28" type="cond" truecount="4" falsecount="1"/>
        <line num="127" count="0" type="stmt"/>
        <line num="129" count="28" type="cond" truecount="5" falsecount="0"/>
        <line num="130" count="1" type="stmt"/>
        <line num="133" count="28" type="stmt"/>
        <line num="136" count="28" type="stmt"/>
        <line num="139" count="28" type="cond" truecount="3" falsecount="0"/>
        <line num="140" count="28" type="stmt"/>
        <line num="143" count="28" type="cond" truecount="8" falsecount="0"/>
        <line num="144" count="1" type="stmt"/>
        <line num="145" count="1" type="stmt"/>
        <line num="146" count="27" type="cond" truecount="4" falsecount="0"/>
        <line num="147" count="1" type="stmt"/>
        <line num="151" count="28" type="cond" truecount="5" falsecount="1"/>
        <line num="152" count="0" type="stmt"/>
        <line num="153" count="0" type="stmt"/>
        <line num="155" count="28" type="cond" truecount="4" falsecount="1"/>
        <line num="156" count="0" type="stmt"/>
        <line num="159" count="28" type="stmt"/>
        <line num="162" count="28" type="stmt"/>
        <line num="163" count="28" type="cond" truecount="5" falsecount="1"/>
        <line num="164" count="0" type="stmt"/>
        <line num="165" count="0" type="stmt"/>
        <line num="167" count="28" type="cond" truecount="4" falsecount="0"/>
        <line num="168" count="21" type="stmt"/>
        <line num="170" count="28" type="cond" truecount="5" falsecount="0"/>
        <line num="171" count="1" type="stmt"/>
        <line num="172" count="1" type="stmt"/>
        <line num="175" count="28" type="stmt"/>
        <line num="179" count="28" type="stmt"/>
        <line num="182" count="28" type="cond" truecount="2" falsecount="0"/>
        <line num="183" count="4" type="stmt"/>
        <line num="184" count="24" type="cond" truecount="1" falsecount="0"/>
        <line num="185" count="2" type="stmt"/>
        <line num="188" count="28" type="stmt"/>
        <line num="192" count="28" type="stmt"/>
        <line num="193" count="28" type="stmt"/>
        <line num="195" count="28" type="stmt"/>
        <line num="198" count="28" type="stmt"/>
        <line num="199" count="28" type="stmt"/>
        <line num="201" count="28" type="cond" truecount="3" falsecount="1"/>
        <line num="202" count="0" type="stmt"/>
        <line num="203" count="28" type="cond" truecount="4" falsecount="0"/>
        <line num="204" count="26" type="stmt"/>
        <line num="205" count="2" type="cond" truecount="3" falsecount="1"/>
        <line num="206" count="2" type="stmt"/>
        <line num="208" count="0" type="stmt"/>
        <line num="211" count="28" type="stmt"/>
        <line num="226" count="28" type="stmt"/>
        <line num="227" count="28" type="cond" truecount="1" falsecount="0"/>
        <line num="228" count="1" type="stmt"/>
        <line num="231" count="28" type="stmt"/>
        <line num="232" count="28" type="stmt"/>
        <line num="236" count="3" type="stmt"/>
        <line num="240" count="34" type="cond" truecount="2" falsecount="0"/>
        <line num="246" count="4" type="stmt"/>
        <line num="250" count="1" type="stmt"/>
      </file>
      <file name="CareEthicsEngine.ts" path="/root/.gemini/antigravity-cli/scratch/Quantum-Flow-OS/src/core/CareEthicsEngine.ts">
        <metrics statements="125" coveredstatements="101" conditionals="102" coveredconditionals="72" methods="16" coveredmethods="14"/>
        <line num="10" count="10" type="stmt"/>
        <line num="11" count="10" type="stmt"/>
        <line num="13" count="10" type="stmt"/>
        <line num="43" count="10" type="stmt"/>
        <line num="44" count="35" type="stmt"/>
        <line num="45" count="35" type="stmt"/>
        <line num="49" count="35" type="stmt"/>
        <line num="50" count="35" type="cond" truecount="2" falsecount="0"/>
        <line num="57" count="8" type="stmt"/>
        <line num="58" count="8" type="stmt"/>
        <line num="60" count="8" type="cond" truecount="2" falsecount="0"/>
        <line num="61" count="7" type="stmt"/>
        <line num="70" count="1" type="stmt"/>
        <line num="71" count="1" type="stmt"/>
        <line num="72" count="1" type="stmt"/>
        <line num="75" count="8" type="stmt"/>
        <line num="76" count="8" type="stmt"/>
        <line num="77" count="8" type="stmt"/>
        <line num="84" count="1" type="stmt"/>
        <line num="85" count="1" type="stmt"/>
        <line num="86" count="1" type="cond" truecount="0" falsecount="1"/>
        <line num="88" count="1" type="stmt"/>
        <line num="89" count="1" type="stmt"/>
        <line num="91" count="1" type="stmt"/>
        <line num="92" count="1" type="stmt"/>
        <line num="93" count="1" type="stmt"/>
        <line num="100" count="5" type="stmt"/>
        <line num="107" count="25" type="stmt"/>
        <line num="110" count="25" type="stmt"/>
        <line num="113" count="25" type="stmt"/>
        <line num="116" count="25" type="stmt"/>
        <line num="119" count="25" type="stmt"/>
        <line num="120" count="25" type="cond" truecount="4" falsecount="0"/>
        <line num="121" count="2" type="stmt"/>
        <line num="122" count="23" type="cond" truecount="4" falsecount="0"/>
        <line num="123" count="1" type="stmt"/>
        <line num="125" count="22" type="stmt"/>
        <line num="129" count="25" type="stmt"/>
        <line num="130" count="25" type="stmt"/>
        <line num="133" count="25" type="cond" truecount="2" falsecount="0"/>
        <line num="134" count="9" type="stmt"/>
        <line num="135" count="4" type="stmt"/>
        <line num="137" count="21" type="stmt"/>
        <line num="140" count="25" type="cond" truecount="2" falsecount="0"/>
        <line num="141" count="1" type="stmt"/>
        <line num="142" count="24" type="cond" truecount="2" falsecount="0"/>
        <line num="143" count="2" type="stmt"/>
        <line num="145" count="22" type="stmt"/>
        <line num="148" count="25" type="cond" truecount="2" falsecount="0"/>
        <line num="149" count="1" type="stmt"/>
        <line num="150" count="24" type="cond" truecount="1" falsecount="0"/>
        <line num="151" count="2" type="stmt"/>
        <line num="154" count="25" type="stmt"/>
        <line num="156" count="25" type="stmt"/>
        <line num="169" count="25" type="stmt"/>
        <line num="171" count="25" type="stmt"/>
        <line num="172" count="25" type="cond" truecount="0" falsecount="1"/>
        <line num="173" count="0" type="stmt"/>
        <line num="176" count="25" type="stmt"/>
        <line num="177" count="25" type="stmt"/>
        <line num="184" count="25" type="stmt"/>
        <line num="185" count="10" type="stmt"/>
        <line num="186" count="10" type="stmt"/>
        <line num="189" count="10" type="cond" truecount="1" falsecount="0"/>
        <line num="190" count="4" type="stmt"/>
        <line num="191" count="4" type="stmt"/>
        <line num="195" count="10" type="cond" truecount="1" falsecount="0"/>
        <line num="196" count="7" type="stmt"/>
        <line num="197" count="7" type="stmt"/>
        <line num="201" count="10" type="cond" truecount="0" falsecount="1"/>
        <line num="202" count="0" type="stmt"/>
        <line num="203" count="0" type="stmt"/>
        <line num="206" count="10" type="cond" truecount="1" falsecount="1"/>
        <line num="208" count="10" type="stmt"/>
        <line num="221" count="25" type="stmt"/>
        <line num="222" count="25" type="stmt"/>
        <line num="225" count="25" type="cond" truecount="4" falsecount="0"/>
        <line num="226" count="2" type="stmt"/>
        <line num="228" count="25" type="cond" truecount="3" falsecount="1"/>
        <line num="229" count="0" type="stmt"/>
        <line num="231" count="25" type="cond" truecount="3" falsecount="1"/>
        <line num="232" count="0" type="stmt"/>
        <line num="236" count="25" type="cond" truecount="5" falsecount="0"/>
        <line num="237" count="1" type="stmt"/>
        <line num="239" count="25" type="cond" truecount="3" falsecount="1"/>
        <line num="240" count="0" type="stmt"/>
        <line num="242" count="25" type="cond" truecount="3" falsecount="1"/>
        <line num="243" count="0" type="stmt"/>
        <line num="247" count="25" type="cond" truecount="2" falsecount="1"/>
        <line num="249" count="0" type="cond" truecount="0" falsecount="1"/>
        <line num="252" count="25" type="stmt"/>
        <line num="259" count="25" type="stmt"/>
        <line num="260" count="25" type="stmt"/>
        <line num="262" count="25" type="cond" truecount="7" falsecount="0"/>
        <line num="263" count="25" type="cond" truecount="5" falsecount="0"/>
        <line num="265" count="25" type="stmt"/>
        <line num="267" count="25" type="cond" truecount="2" falsecount="0"/>
        <line num="268" count="1" type="stmt"/>
        <line num="269" count="1" type="cond" truecount="1" falsecount="0"/>
        <line num="270" count="1" type="stmt"/>
        <line num="272" count="24" type="cond" truecount="2" falsecount="0"/>
        <line num="273" count="2" type="stmt"/>
        <line num="274" count="2" type="cond" truecount="0" falsecount="1"/>
        <line num="275" count="0" type="stmt"/>
        <line num="279" count="22" type="cond" truecount="3" falsecount="1"/>
        <line num="280" count="0" type="stmt"/>
        <line num="284" count="25" type="stmt"/>
        <line num="291" count="25" type="cond" truecount="3" falsecount="0"/>
        <line num="293" count="0" type="stmt"/>
        <line num="294" count="0" type="cond" truecount="0" falsecount="4"/>
        <line num="295" count="0" type="cond" truecount="0" falsecount="5"/>
        <line num="298" count="0" type="stmt"/>
        <line num="299" count="0" type="stmt"/>
        <line num="300" count="0" type="stmt"/>
        <line num="301" count="0" type="stmt"/>
        <line num="304" count="0" type="stmt"/>
        <line num="305" count="0" type="stmt"/>
        <line num="306" count="0" type="cond" truecount="0" falsecount="3"/>
        <line num="308" count="0" type="cond" truecount="0" falsecount="2"/>
        <line num="309" count="0" type="stmt"/>
        <line num="310" count="0" type="cond" truecount="0" falsecount="1"/>
        <line num="311" count="0" type="stmt"/>
        <line num="321" count="32" type="cond" truecount="1" falsecount="0"/>
        <line num="322" count="24" type="stmt"/>
        <line num="329" count="2" type="stmt"/>
      </file>
      <file name="ChatAICognitiveEngine.ts" path="/root/.gemini/antigravity-cli/scratch/Quantum-Flow-OS/src/core/ChatAICognitiveEngine.ts">
        <metrics statements="266" coveredstatements="164" conditionals="220" coveredconditionals="77" methods="23" coveredmethods="22"/>
        <line num="15" count="9" type="stmt"/>
        <line num="16" count="9" type="stmt"/>
        <line num="17" count="9" type="stmt"/>
        <line num="18" count="9" type="stmt"/>
        <line num="19" count="9" type="stmt"/>
        <line num="43" count="9" type="stmt"/>
        <line num="44" count="32" type="stmt"/>
        <line num="45" count="32" type="stmt"/>
        <line num="49" count="32" type="stmt"/>
        <line num="51" count="32" type="stmt"/>
        <line num="52" count="32" type="stmt"/>
        <line num="55" count="32" type="stmt"/>
        <line num="56" count="32" type="cond" truecount="2" falsecount="0"/>
        <line num="57" count="32" type="cond" truecount="0" falsecount="1"/>
        <line num="58" count="0" type="stmt"/>
        <line num="60" count="32" type="stmt"/>
        <line num="61" count="32" type="stmt"/>
        <line num="68" count="32" type="stmt"/>
        <line num="75" count="2" type="stmt"/>
        <line num="86" count="7" type="stmt"/>
        <line num="87" count="7" type="cond" truecount="1" falsecount="0"/>
        <line num="88" count="3" type="stmt"/>
        <line num="92" count="7" type="stmt"/>
        <line num="98" count="7" type="stmt"/>
        <line num="99" count="7" type="stmt"/>
        <line num="102" count="7" type="stmt"/>
        <line num="103" count="7" type="cond" truecount="1" falsecount="0"/>
        <line num="104" count="7" type="stmt"/>
        <line num="112" count="7" type="stmt"/>
        <line num="113" count="7" type="cond" truecount="0" falsecount="1"/>
        <line num="114" count="0" type="stmt"/>
        <line num="115" count="0" type="stmt"/>
        <line num="116" count="0" type="stmt"/>
        <line num="120" count="7" type="cond" truecount="1" falsecount="0"/>
        <line num="122" count="7" type="stmt"/>
        <line num="123" count="7" type="stmt"/>
        <line num="124" count="0" type="stmt"/>
        <line num="126" count="7" type="stmt"/>
        <line num="127" count="7" type="stmt"/>
        <line num="128" count="7" type="stmt"/>
        <line num="132" count="7" type="cond" truecount="1" falsecount="0"/>
        <line num="133" count="7" type="stmt"/>
        <line num="141" count="7" type="stmt"/>
        <line num="142" count="7" type="cond" truecount="0" falsecount="1"/>
        <line num="143" count="0" type="stmt"/>
        <line num="144" count="0" type="stmt"/>
        <line num="150" count="7" type="stmt"/>
        <line num="157" count="7" type="stmt"/>
        <line num="158" count="7" type="stmt"/>
        <line num="165" count="7" type="cond" truecount="1" falsecount="0"/>
        <line num="166" count="3" type="stmt"/>
        <line num="169" count="7" type="stmt"/>
        <line num="170" count="7" type="stmt"/>
        <line num="172" count="7" type="stmt"/>
        <line num="179" count="12" type="stmt"/>
        <line num="180" count="3" type="cond" truecount="1" falsecount="0"/>
        <line num="181" count="3" type="stmt"/>
        <line num="182" count="3" type="cond" truecount="1" falsecount="0"/>
        <line num="183" count="2" type="stmt"/>
        <line num="185" count="3" type="stmt"/>
        <line num="188" count="3" type="stmt"/>
        <line num="196" count="7" type="stmt"/>
        <line num="197" count="7" type="cond" truecount="1" falsecount="0"/>
        <line num="198" count="1" type="stmt"/>
        <line num="200" count="6" type="cond" truecount="1" falsecount="0"/>
        <line num="201" count="1" type="stmt"/>
        <line num="203" count="5" type="cond" truecount="3" falsecount="0"/>
        <line num="204" count="5" type="stmt"/>
        <line num="206" count="0" type="cond" truecount="0" falsecount="3"/>
        <line num="207" count="0" type="stmt"/>
        <line num="209" count="0" type="cond" truecount="0" falsecount="3"/>
        <line num="210" count="0" type="stmt"/>
        <line num="212" count="0" type="cond" truecount="0" falsecount="3"/>
        <line num="213" count="0" type="stmt"/>
        <line num="215" count="0" type="cond" truecount="0" falsecount="3"/>
        <line num="216" count="0" type="stmt"/>
        <line num="218" count="0" type="cond" truecount="0" falsecount="3"/>
        <line num="219" count="0" type="stmt"/>
        <line num="221" count="0" type="cond" truecount="0" falsecount="3"/>
        <line num="222" count="0" type="stmt"/>
        <line num="224" count="0" type="cond" truecount="0" falsecount="3"/>
        <line num="225" count="0" type="stmt"/>
        <line num="227" count="0" type="cond" truecount="0" falsecount="3"/>
        <line num="228" count="0" type="stmt"/>
        <line num="230" count="0" type="stmt"/>
        <line num="237" count="7" type="stmt"/>
        <line num="240" count="7" type="stmt"/>
        <line num="241" count="7" type="cond" truecount="2" falsecount="0"/>
        <line num="243" count="7" type="stmt"/>
        <line num="244" count="7" type="cond" truecount="3" falsecount="0"/>
        <line num="246" count="4" type="cond" truecount="1" falsecount="1"/>
        <line num="247" count="4" type="stmt"/>
        <line num="250" count="7" type="cond" truecount="3" falsecount="0"/>
        <line num="251" count="7" type="stmt"/>
        <line num="252" count="7" type="stmt"/>
        <line num="256" count="7" type="stmt"/>
        <line num="257" count="7" type="stmt"/>
        <line num="258" count="7" type="cond" truecount="1" falsecount="1"/>
        <line num="259" count="7" type="stmt"/>
        <line num="261" count="7" type="stmt"/>
        <line num="263" count="7" type="stmt"/>
        <line num="264" count="7" type="stmt"/>
        <line num="266" count="7" type="stmt"/>
        <line num="276" count="0" type="stmt"/>
        <line num="278" count="0" type="cond" truecount="0" falsecount="1"/>
        <line num="279" count="0" type="stmt"/>
        <line num="282" count="0" type="stmt"/>
        <line num="283" count="0" type="stmt"/>
        <line num="284" count="0" type="cond" truecount="0" falsecount="5"/>
        <line num="285" count="0" type="stmt"/>
        <line num="286" count="0" type="cond" truecount="0" falsecount="4"/>
        <line num="287" count="0" type="stmt"/>
        <line num="289" count="0" type="stmt"/>
        <line num="293" count="0" type="stmt"/>
        <line num="294" count="0" type="stmt"/>
        <line num="295" count="0" type="cond" truecount="0" falsecount="1"/>
        <line num="296" count="0" type="stmt"/>
        <line num="299" count="0" type="stmt"/>
        <line num="306" count="7" type="stmt"/>
        <line num="309" count="7" type="cond" truecount="2" falsecount="0"/>
        <line num="310" count="7" type="stmt"/>
        <line num="311" count="7" type="cond" truecount="3" falsecount="0"/>
        <line num="312" count="4" type="cond" truecount="1" falsecount="1"/>
        <line num="313" count="4" type="stmt"/>
        <line num="315" count="7" type="stmt"/>
        <line num="318" count="7" type="cond" truecount="1" falsecount="1"/>
        <line num="319" count="7" type="cond" truecount="1" falsecount="1"/>
        <line num="320" count="7" type="cond" truecount="1" falsecount="1"/>
        <line num="321" count="7" type="cond" truecount="1" falsecount="1"/>
        <line num="324" count="7" type="cond" truecount="4" falsecount="0"/>
        <line num="325" count="1" type="stmt"/>
        <line num="326" count="1" type="cond" truecount="1" falsecount="1"/>
        <line num="327" count="0" type="stmt"/>
        <line num="328" count="1" type="cond" truecount="1" falsecount="1"/>
        <line num="329" count="0" type="stmt"/>
        <line num="330" count="1" type="cond" truecount="3" falsecount="1"/>
        <line num="331" count="1" type="stmt"/>
        <line num="332" count="0" type="cond" truecount="0" falsecount="4"/>
        <line num="333" count="0" type="stmt"/>
        <line num="334" count="0" type="cond" truecount="0" falsecount="2"/>
        <line num="335" count="0" type="stmt"/>
        <line num="336" count="0" type="cond" truecount="0" falsecount="2"/>
        <line num="337" count="0" type="stmt"/>
        <line num="338" count="0" type="cond" truecount="0" falsecount="2"/>
        <line num="339" count="0" type="stmt"/>
        <line num="340" count="0" type="cond" truecount="0" falsecount="2"/>
        <line num="341" count="0" type="stmt"/>
        <line num="342" count="0" type="cond" truecount="0" falsecount="2"/>
        <line num="343" count="0" type="stmt"/>
        <line num="344" count="0" type="cond" truecount="0" falsecount="2"/>
        <line num="345" count="0" type="stmt"/>
        <line num="346" count="0" type="cond" truecount="0" falsecount="3"/>
        <line num="347" count="0" type="stmt"/>
        <line num="349" count="1" type="cond" truecount="1" falsecount="1"/>
        <line num="353" count="6" type="cond" truecount="1" falsecount="0"/>
        <line num="354" count="1" type="stmt"/>
        <line num="355" count="1" type="cond" truecount="1" falsecount="1"/>
        <line num="356" count="1" type="cond" truecount="1" falsecount="1"/>
        <line num="357" count="1" type="stmt"/>
        <line num="360" count="5" type="cond" truecount="1" falsecount="0"/>
        <line num="361" count="1" type="stmt"/>
        <line num="362" count="1" type="cond" truecount="1" falsecount="1"/>
        <line num="363" count="1" type="cond" truecount="1" falsecount="1"/>
        <line num="364" count="1" type="stmt"/>
        <line num="369" count="1" type="stmt"/>
        <line num="370" count="1" type="stmt"/>
        <line num="373" count="4" type="cond" truecount="3" falsecount="0"/>
        <line num="374" count="4" type="stmt"/>
        <line num="375" count="4" type="cond" truecount="1" falsecount="1"/>
        <line num="376" count="4" type="cond" truecount="2" falsecount="2"/>
        <line num="377" count="4" type="stmt"/>
        <line num="380" count="0" type="cond" truecount="0" falsecount="3"/>
        <line num="381" count="0" type="stmt"/>
        <line num="382" count="0" type="cond" truecount="0" falsecount="2"/>
        <line num="383" count="0" type="cond" truecount="0" falsecount="2"/>
        <line num="384" count="0" type="stmt"/>
        <line num="387" count="0" type="cond" truecount="0" falsecount="3"/>
        <line num="388" count="0" type="stmt"/>
        <line num="389" count="0" type="cond" truecount="0" falsecount="4"/>
        <line num="390" count="0" type="cond" truecount="0" falsecount="2"/>
        <line num="391" count="0" type="stmt"/>
        <line num="394" count="0" type="cond" truecount="0" falsecount="3"/>
        <line num="395" count="0" type="stmt"/>
        <line num="396" count="0" type="cond" truecount="0" falsecount="2"/>
        <line num="397" count="0" type="cond" truecount="0" falsecount="2"/>
        <line num="398" count="0" type="stmt"/>
        <line num="401" count="0" type="cond" truecount="0" falsecount="3"/>
        <line num="402" count="0" type="stmt"/>
        <line num="403" count="0" type="cond" truecount="0" falsecount="2"/>
        <line num="404" count="0" type="cond" truecount="0" falsecount="2"/>
        <line num="405" count="0" type="stmt"/>
        <line num="408" count="0" type="cond" truecount="0" falsecount="3"/>
        <line num="409" count="0" type="stmt"/>
        <line num="410" count="0" type="cond" truecount="0" falsecount="2"/>
        <line num="411" count="0" type="cond" truecount="0" falsecount="4"/>
        <line num="412" count="0" type="stmt"/>
        <line num="415" count="0" type="cond" truecount="0" falsecount="3"/>
        <line num="416" count="0" type="stmt"/>
        <line num="417" count="0" type="cond" truecount="0" falsecount="2"/>
        <line num="418" count="0" type="cond" truecount="0" falsecount="2"/>
        <line num="419" count="0" type="stmt"/>
        <line num="422" count="0" type="cond" truecount="0" falsecount="3"/>
        <line num="423" count="0" type="stmt"/>
        <line num="424" count="0" type="cond" truecount="0" falsecount="2"/>
        <line num="425" count="0" type="cond" truecount="0" falsecount="2"/>
        <line num="426" count="0" type="stmt"/>
        <line num="429" count="0" type="cond" truecount="0" falsecount="3"/>
        <line num="430" count="0" type="stmt"/>
        <line num="431" count="0" type="cond" truecount="0" falsecount="4"/>
        <line num="432" count="0" type="cond" truecount="0" falsecount="2"/>
        <line num="433" count="0" type="stmt"/>
        <line num="434" count="0" type="stmt"/>
        <line num="438" count="0" type="stmt"/>
        <line num="444" count="0" type="stmt"/>
        <line num="458" count="3" type="cond" truecount="0" falsecount="1"/>
        <line num="460" count="3" type="stmt"/>
        <line num="461" count="3" type="cond" truecount="2" falsecount="0"/>
        <line num="462" count="3" type="cond" truecount="1" falsecount="1"/>
        <line num="464" count="3" type="stmt"/>
        <line num="466" count="3" type="cond" truecount="2" falsecount="0"/>
        <line num="469" count="1" type="stmt"/>
        <line num="470" count="1" type="stmt"/>
        <line num="472" count="1" type="stmt"/>
        <line num="473" count="1" type="stmt"/>
        <line num="475" count="1" type="stmt"/>
        <line num="479" count="1" type="stmt"/>
        <line num="480" count="1" type="stmt"/>
        <line num="484" count="1" type="cond" truecount="3" falsecount="2"/>
        <line num="485" count="1" type="stmt"/>
        <line num="487" count="1" type="stmt"/>
        <line num="495" count="9" type="stmt"/>
        <line num="496" count="36" type="cond" truecount="2" falsecount="0"/>
        <line num="501" count="1" type="stmt"/>
        <line num="504" count="1" type="stmt"/>
        <line num="512" count="2" type="cond" truecount="1" falsecount="0"/>
        <line num="515" count="2" type="stmt"/>
        <line num="516" count="2" type="stmt"/>
        <line num="518" count="2" type="stmt"/>
        <line num="519" count="2" type="stmt"/>
        <line num="521" count="2" type="stmt"/>
        <line num="523" count="2" type="stmt"/>
        <line num="532" count="3" type="stmt"/>
        <line num="539" count="15" type="stmt"/>
        <line num="540" count="7" type="cond" truecount="1" falsecount="0"/>
        <line num="541" count="7" type="stmt"/>
        <line num="552" count="7" type="stmt"/>
        <line num="554" count="7" type="stmt"/>
        <line num="561" count="32" type="cond" truecount="1" falsecount="0"/>
        <line num="562" count="6" type="stmt"/>
        <line num="563" count="6" type="stmt"/>
        <line num="564" count="6" type="stmt"/>
        <line num="565" count="6" type="cond" truecount="1" falsecount="0"/>
        <line num="566" count="6" type="stmt"/>
        <line num="568" count="6" type="stmt"/>
        <line num="569" count="6" type="cond" truecount="4" falsecount="0"/>
        <line num="570" count="6" type="stmt"/>
        <line num="574" count="0" type="stmt"/>
        <line num="583" count="14" type="stmt"/>
        <line num="584" count="14" type="stmt"/>
        <line num="586" count="0" type="stmt"/>
        <line num="594" count="2" type="stmt"/>
        <line num="598" count="3" type="stmt"/>
        <line num="602" count="3" type="stmt"/>
        <line num="606" count="3" type="stmt"/>
        <line num="613" count="1" type="stmt"/>
        <line num="614" count="1" type="stmt"/>
      </file>
      <file name="ConfucianEthicsEngine.ts" path="/root/.gemini/antigravity-cli/scratch/Quantum-Flow-OS/src/core/ConfucianEthicsEngine.ts">
        <metrics statements="96" coveredstatements="79" conditionals="151" coveredconditionals="139" methods="5" coveredmethods="4"/>
        <line num="18" count="10" type="stmt"/>
        <line num="19" count="10" type="stmt"/>
        <line num="38" count="10" type="stmt"/>
        <line num="39" count="36" type="stmt"/>
        <line num="43" count="36" type="stmt"/>
        <line num="44" count="36" type="cond" truecount="2" falsecount="0"/>
        <line num="51" count="28" type="stmt"/>
        <line num="52" count="28" type="stmt"/>
        <line num="53" count="28" type="stmt"/>
        <line num="56" count="28" type="stmt"/>
        <line num="58" count="28" type="cond" truecount="7" falsecount="0"/>
        <line num="59" count="1" type="stmt"/>
        <line num="60" count="1" type="stmt"/>
        <line num="61" count="27" type="cond" truecount="5" falsecount="0"/>
        <line num="62" count="1" type="stmt"/>
        <line num="63" count="1" type="stmt"/>
        <line num="66" count="28" type="cond" truecount="8" falsecount="0"/>
        <line num="67" count="4" type="stmt"/>
        <line num="68" count="4" type="stmt"/>
        <line num="69" count="24" type="cond" truecount="5" falsecount="1"/>
        <line num="70" count="0" type="stmt"/>
        <line num="73" count="28" type="cond" truecount="1" falsecount="0"/>
        <line num="74" count="3" type="cond" truecount="4" falsecount="1"/>
        <line num="75" count="0" type="stmt"/>
        <line num="76" count="0" type="stmt"/>
        <line num="80" count="28" type="stmt"/>
        <line num="83" count="28" type="stmt"/>
        <line num="85" count="28" type="cond" truecount="7" falsecount="0"/>
        <line num="86" count="1" type="stmt"/>
        <line num="87" count="1" type="stmt"/>
        <line num="88" count="27" type="cond" truecount="7" falsecount="0"/>
        <line num="89" count="1" type="stmt"/>
        <line num="90" count="1" type="stmt"/>
        <line num="93" count="28" type="cond" truecount="5" falsecount="0"/>
        <line num="94" count="1" type="stmt"/>
        <line num="96" count="28" type="cond" truecount="5" falsecount="0"/>
        <line num="97" count="2" type="stmt"/>
        <line num="100" count="28" type="stmt"/>
        <line num="103" count="28" type="stmt"/>
        <line num="106" count="28" type="cond" truecount="7" falsecount="0"/>
        <line num="107" count="2" type="cond" truecount="3" falsecount="0"/>
        <line num="108" count="2" type="stmt"/>
        <line num="109" count="2" type="stmt"/>
        <line num="113" count="28" type="cond" truecount="7" falsecount="1"/>
        <line num="114" count="0" type="stmt"/>
        <line num="115" count="0" type="stmt"/>
        <line num="118" count="28" type="cond" truecount="6" falsecount="0"/>
        <line num="119" count="6" type="stmt"/>
        <line num="122" count="28" type="stmt"/>
        <line num="125" count="28" type="stmt"/>
        <line num="127" count="28" type="cond" truecount="8" falsecount="0"/>
        <line num="128" count="16" type="stmt"/>
        <line num="129" count="16" type="stmt"/>
        <line num="132" count="28" type="cond" truecount="5" falsecount="1"/>
        <line num="133" count="0" type="stmt"/>
        <line num="134" count="0" type="stmt"/>
        <line num="137" count="28" type="cond" truecount="4" falsecount="1"/>
        <line num="138" count="0" type="stmt"/>
        <line num="141" count="28" type="stmt"/>
        <line num="144" count="28" type="stmt"/>
        <line num="146" count="28" type="cond" truecount="6" falsecount="0"/>
        <line num="147" count="1" type="stmt"/>
        <line num="148" count="1" type="stmt"/>
        <line num="151" count="28" type="cond" truecount="6" falsecount="1"/>
        <line num="152" count="0" type="stmt"/>
        <line num="153" count="0" type="stmt"/>
        <line num="156" count="28" type="stmt"/>
        <line num="159" count="28" type="stmt"/>
        <line num="161" count="28" type="cond" truecount="6" falsecount="0"/>
        <line num="162" count="1" type="cond" truecount="5" falsecount="1"/>
        <line num="163" count="0" type="stmt"/>
        <line num="164" count="0" type="stmt"/>
        <line num="165" count="1" type="cond" truecount="4" falsecount="1"/>
        <line num="166" count="0" type="stmt"/>
        <line num="167" count="0" type="stmt"/>
        <line num="171" count="28" type="cond" truecount="4" falsecount="1"/>
        <line num="172" count="0" type="stmt"/>
        <line num="175" count="28" type="stmt"/>
        <line num="178" count="28" type="stmt"/>
        <line num="188" count="28" type="stmt"/>
        <line num="189" count="28" type="cond" truecount="2" falsecount="3"/>
        <line num="190" count="0" type="stmt"/>
        <line num="191" count="28" type="cond" truecount="2" falsecount="0"/>
        <line num="192" count="1" type="stmt"/>
        <line num="193" count="27" type="cond" truecount="4" falsecount="0"/>
        <line num="194" count="7" type="stmt"/>
        <line num="197" count="28" type="stmt"/>
        <line num="212" count="28" type="stmt"/>
        <line num="213" count="28" type="cond" truecount="1" falsecount="0"/>
        <line num="214" count="1" type="stmt"/>
        <line num="217" count="28" type="stmt"/>
        <line num="218" count="28" type="stmt"/>
        <line num="222" count="33" type="cond" truecount="1" falsecount="0"/>
        <line num="223" count="25" type="stmt"/>
        <line num="227" count="3" type="stmt"/>
        <line num="231" count="0" type="stmt"/>
      </file>
      <file name="CyberneticSelfOptimizer.ts" path="/root/.gemini/antigravity-cli/scratch/Quantum-Flow-OS/src/core/CyberneticSelfOptimizer.ts">
        <metrics statements="84" coveredstatements="73" conditionals="36" coveredconditionals="28" methods="6" coveredmethods="5"/>
        <line num="10" count="9" type="stmt"/>
        <line num="11" count="9" type="stmt"/>
        <line num="12" count="9" type="stmt"/>
        <line num="35" count="9" type="stmt"/>
        <line num="36" count="32" type="stmt"/>
        <line num="38" count="32" type="stmt"/>
        <line num="41" count="32" type="stmt"/>
        <line num="42" count="32" type="cond" truecount="2" falsecount="0"/>
        <line num="49" count="26" type="stmt"/>
        <line num="50" count="26" type="cond" truecount="1" falsecount="1"/>
        <line num="51" count="26" type="stmt"/>
        <line num="52" count="26" type="stmt"/>
        <line num="54" count="26" type="stmt"/>
        <line num="55" count="26" type="stmt"/>
        <line num="56" count="26" type="stmt"/>
        <line num="58" count="26" type="stmt"/>
        <line num="59" count="26" type="stmt"/>
        <line num="60" count="26" type="stmt"/>
        <line num="61" count="26" type="stmt"/>
        <line num="64" count="26" type="stmt"/>
        <line num="71" count="26" type="cond" truecount="3" falsecount="0"/>
        <line num="73" count="26" type="cond" truecount="2" falsecount="0"/>
        <line num="75" count="3" type="cond" truecount="3" falsecount="1"/>
        <line num="77" count="3" type="stmt"/>
        <line num="78" count="3" type="stmt"/>
        <line num="79" count="3" type="stmt"/>
        <line num="80" count="3" type="stmt"/>
        <line num="82" count="0" type="cond" truecount="0" falsecount="4"/>
        <line num="84" count="0" type="stmt"/>
        <line num="85" count="0" type="stmt"/>
        <line num="86" count="0" type="stmt"/>
        <line num="87" count="0" type="stmt"/>
        <line num="91" count="0" type="stmt"/>
        <line num="92" count="0" type="stmt"/>
        <line num="93" count="0" type="stmt"/>
        <line num="98" count="3" type="cond" truecount="1" falsecount="0"/>
        <line num="102" count="3" type="stmt"/>
        <line num="103" count="3" type="stmt"/>
        <line num="111" count="3" type="stmt"/>
        <line num="120" count="27" type="stmt"/>
        <line num="121" count="135" type="stmt"/>
        <line num="128" count="3" type="stmt"/>
        <line num="129" count="3" type="stmt"/>
        <line num="130" count="3" type="stmt"/>
        <line num="135" count="3" type="stmt"/>
        <line num="136" count="3" type="stmt"/>
        <line num="137" count="3" type="stmt"/>
        <line num="140" count="23" type="stmt"/>
        <line num="141" count="23" type="stmt"/>
        <line num="142" count="23" type="stmt"/>
        <line num="144" count="23" type="stmt"/>
        <line num="146" count="23" type="cond" truecount="1" falsecount="0"/>
        <line num="147" count="5" type="stmt"/>
        <line num="148" count="5" type="stmt"/>
        <line num="150" count="23" type="cond" truecount="1" falsecount="0"/>
        <line num="151" count="5" type="stmt"/>
        <line num="152" count="5" type="stmt"/>
        <line num="154" count="23" type="cond" truecount="1" falsecount="0"/>
        <line num="155" count="1" type="stmt"/>
        <line num="156" count="1" type="stmt"/>
        <line num="159" count="23" type="cond" truecount="1" falsecount="0"/>
        <line num="160" count="5" type="stmt"/>
        <line num="162" count="5" type="stmt"/>
        <line num="163" count="5" type="stmt"/>
        <line num="164" count="5" type="stmt"/>
        <line num="168" count="23" type="cond" truecount="1" falsecount="0"/>
        <line num="173" count="1" type="stmt"/>
        <line num="176" count="1" type="stmt"/>
        <line num="177" count="1" type="cond" truecount="1" falsecount="0"/>
        <line num="178" count="1" type="stmt"/>
        <line num="179" count="1" type="stmt"/>
        <line num="185" count="26" type="cond" truecount="3" falsecount="0"/>
        <line num="186" count="8" type="stmt"/>
        <line num="202" count="8" type="stmt"/>
        <line num="203" count="8" type="cond" truecount="0" falsecount="1"/>
        <line num="204" count="0" type="stmt"/>
        <line num="208" count="8" type="cond" truecount="1" falsecount="0"/>
        <line num="209" count="8" type="stmt"/>
        <line num="218" count="8" type="stmt"/>
        <line num="219" count="8" type="stmt"/>
        <line num="222" count="18" type="stmt"/>
        <line num="229" count="1" type="stmt"/>
        <line num="236" count="0" type="stmt"/>
        <line num="237" count="0" type="stmt"/>
      </file>
      <file name="DeontologicalGameEngine.ts" path="/root/.gemini/antigravity-cli/scratch/Quantum-Flow-OS/src/core/DeontologicalGameEngine.ts">
        <metrics statements="92" coveredstatements="87" conditionals="32" coveredconditionals="23" methods="11" coveredmethods="9"/>
        <line num="9" count="10" type="stmt"/>
        <line num="55" count="10" type="stmt"/>
        <line num="56" count="35" type="stmt"/>
        <line num="63" count="35" type="cond" truecount="2" falsecount="0"/>
        <line num="64" count="35" type="cond" truecount="2" falsecount="0"/>
        <line num="71" count="0" type="stmt"/>
        <line num="78" count="0" type="stmt"/>
        <line num="89" count="7" type="stmt"/>
        <line num="90" count="7" type="stmt"/>
        <line num="96" count="7" type="stmt"/>
        <line num="97" count="7" type="stmt"/>
        <line num="107" count="50" type="stmt"/>
        <line num="110" count="50" type="stmt"/>
        <line num="111" count="100" type="stmt"/>
        <line num="112" count="100" type="cond" truecount="0" falsecount="1"/>
        <line num="113" count="0" type="stmt"/>
        <line num="118" count="100" type="cond" truecount="1" falsecount="1"/>
        <line num="119" count="145" type="stmt"/>
        <line num="120" count="100" type="cond" truecount="0" falsecount="1"/>
        <line num="121" count="0" type="stmt"/>
        <line num="127" count="100" type="stmt"/>
        <line num="128" count="100" type="stmt"/>
        <line num="129" count="200" type="cond" truecount="1" falsecount="0"/>
        <line num="130" count="100" type="stmt"/>
        <line num="131" count="100" type="cond" truecount="1" falsecount="1"/>
        <line num="132" count="100" type="stmt"/>
        <line num="133" count="145" type="stmt"/>
        <line num="135" count="100" type="cond" truecount="1" falsecount="0"/>
        <line num="136" count="100" type="stmt"/>
        <line num="142" count="100" type="stmt"/>
        <line num="143" count="100" type="stmt"/>
        <line num="144" count="100" type="stmt"/>
        <line num="145" count="100" type="stmt"/>
        <line num="149" count="100" type="stmt"/>
        <line num="156" count="50" type="stmt"/>
        <line num="163" count="2" type="stmt"/>
        <line num="164" count="2" type="cond" truecount="0" falsecount="1"/>
        <line num="165" count="0" type="stmt"/>
        <line num="169" count="2" type="stmt"/>
        <line num="172" count="2" type="stmt"/>
        <line num="175" count="2" type="stmt"/>
        <line num="178" count="2" type="stmt"/>
        <line num="179" count="2" type="cond" truecount="3" falsecount="0"/>
        <line num="180" count="2" type="stmt"/>
        <line num="181" count="2" type="stmt"/>
        <line num="184" count="2" type="stmt"/>
        <line num="185" count="2" type="stmt"/>
        <line num="186" count="3" type="cond" truecount="1" falsecount="0"/>
        <line num="187" count="1" type="stmt"/>
        <line num="188" count="1" type="stmt"/>
        <line num="192" count="2" type="cond" truecount="1" falsecount="0"/>
        <line num="194" count="1" type="stmt"/>
        <line num="200" count="2" type="stmt"/>
        <line num="201" count="2" type="stmt"/>
        <line num="202" count="2" type="stmt"/>
        <line num="204" count="2" type="cond" truecount="1" falsecount="0"/>
        <line num="205" count="1" type="stmt"/>
        <line num="206" count="1" type="cond" truecount="1" falsecount="1"/>
        <line num="207" count="1" type="stmt"/>
        <line num="213" count="2" type="stmt"/>
        <line num="234" count="4" type="stmt"/>
        <line num="236" count="4" type="stmt"/>
        <line num="237" count="16" type="stmt"/>
        <line num="240" count="16" type="stmt"/>
        <line num="241" count="24" type="stmt"/>
        <line num="242" count="24" type="stmt"/>
        <line num="246" count="24" type="cond" truecount="1" falsecount="1"/>
        <line num="247" count="24" type="stmt"/>
        <line num="248" count="39" type="cond" truecount="1" falsecount="0"/>
        <line num="251" count="24" type="stmt"/>
        <line num="252" count="24" type="stmt"/>
        <line num="255" count="24" type="cond" truecount="1" falsecount="0"/>
        <line num="256" count="12" type="stmt"/>
        <line num="257" count="12" type="stmt"/>
        <line num="261" count="24" type="cond" truecount="1" falsecount="0"/>
        <line num="264" count="16" type="cond" truecount="1" falsecount="0"/>
        <line num="265" count="4" type="stmt"/>
        <line num="269" count="4" type="stmt"/>
        <line num="278" count="2" type="stmt"/>
        <line num="279" count="2" type="cond" truecount="0" falsecount="1"/>
        <line num="281" count="2" type="stmt"/>
        <line num="282" count="6" type="cond" truecount="1" falsecount="0"/>
        <line num="283" count="2" type="stmt"/>
        <line num="286" count="4" type="stmt"/>
        <line num="287" count="4" type="cond" truecount="1" falsecount="1"/>
        <line num="288" count="4" type="stmt"/>
        <line num="289" count="4" type="stmt"/>
        <line num="291" count="4" type="stmt"/>
        <line num="292" count="8" type="stmt"/>
        <line num="293" count="12" type="stmt"/>
        <line num="300" count="4" type="stmt"/>
        <line num="303" count="2" type="stmt"/>
      </file>
      <file name="EcocentricEthicsEngine.ts" path="/root/.gemini/antigravity-cli/scratch/Quantum-Flow-OS/src/core/EcocentricEthicsEngine.ts">
        <metrics statements="64" coveredstatements="62" conditionals="56" coveredconditionals="54" methods="4" coveredmethods="4"/>
        <line num="11" count="10" type="stmt"/>
        <line num="12" count="10" type="stmt"/>
        <line num="27" count="10" type="stmt"/>
        <line num="28" count="36" type="stmt"/>
        <line num="32" count="36" type="stmt"/>
        <line num="33" count="36" type="cond" truecount="2" falsecount="0"/>
        <line num="40" count="28" type="stmt"/>
        <line num="41" count="28" type="stmt"/>
        <line num="42" count="28" type="stmt"/>
        <line num="45" count="28" type="stmt"/>
        <line num="47" count="28" type="cond" truecount="4" falsecount="0"/>
        <line num="48" count="1" type="stmt"/>
        <line num="50" count="28" type="cond" truecount="4" falsecount="0"/>
        <line num="51" count="2" type="stmt"/>
        <line num="53" count="28" type="cond" truecount="4" falsecount="0"/>
        <line num="54" count="1" type="stmt"/>
        <line num="58" count="28" type="cond" truecount="5" falsecount="0"/>
        <line num="59" count="1" type="stmt"/>
        <line num="62" count="28" type="stmt"/>
        <line num="65" count="28" type="stmt"/>
        <line num="67" count="28" type="cond" truecount="5" falsecount="0"/>
        <line num="68" count="2" type="stmt"/>
        <line num="70" count="28" type="cond" truecount="3" falsecount="1"/>
        <line num="71" count="0" type="stmt"/>
        <line num="73" count="28" type="cond" truecount="4" falsecount="0"/>
        <line num="74" count="1" type="stmt"/>
        <line num="78" count="28" type="cond" truecount="5" falsecount="0"/>
        <line num="79" count="1" type="stmt"/>
        <line num="82" count="28" type="stmt"/>
        <line num="86" count="28" type="stmt"/>
        <line num="89" count="28" type="cond" truecount="0" falsecount="1"/>
        <line num="90" count="0" type="stmt"/>
        <line num="93" count="28" type="stmt"/>
        <line num="96" count="28" type="stmt"/>
        <line num="97" count="28" type="cond" truecount="2" falsecount="0"/>
        <line num="98" count="25" type="stmt"/>
        <line num="99" count="3" type="cond" truecount="2" falsecount="0"/>
        <line num="100" count="1" type="stmt"/>
        <line num="101" count="2" type="cond" truecount="2" falsecount="0"/>
        <line num="102" count="1" type="stmt"/>
        <line num="104" count="1" type="stmt"/>
        <line num="108" count="28" type="cond" truecount="2" falsecount="0"/>
        <line num="109" count="25" type="stmt"/>
        <line num="110" count="25" type="stmt"/>
        <line num="111" count="3" type="cond" truecount="2" falsecount="0"/>
        <line num="112" count="1" type="stmt"/>
        <line num="113" count="2" type="cond" truecount="2" falsecount="0"/>
        <line num="114" count="1" type="stmt"/>
        <line num="115" count="1" type="stmt"/>
        <line num="117" count="1" type="stmt"/>
        <line num="118" count="1" type="stmt"/>
        <line num="121" count="28" type="cond" truecount="1" falsecount="0"/>
        <line num="122" count="1" type="stmt"/>
        <line num="124" count="28" type="cond" truecount="1" falsecount="0"/>
        <line num="125" count="2" type="stmt"/>
        <line num="128" count="28" type="stmt"/>
        <line num="139" count="28" type="stmt"/>
        <line num="140" count="28" type="cond" truecount="1" falsecount="0"/>
        <line num="141" count="1" type="stmt"/>
        <line num="144" count="28" type="stmt"/>
        <line num="145" count="28" type="stmt"/>
        <line num="152" count="33" type="cond" truecount="1" falsecount="0"/>
        <line num="153" count="25" type="stmt"/>
        <line num="160" count="3" type="stmt"/>
      </file>
      <file name="EthicalEntropyEngine.ts" path="/root/.gemini/antigravity-cli/scratch/Quantum-Flow-OS/src/core/EthicalEntropyEngine.ts">
        <metrics statements="90" coveredstatements="82" conditionals="40" coveredconditionals="28" methods="9" coveredmethods="9"/>
        <line num="9" count="10" type="stmt"/>
        <line num="30" count="10" type="stmt"/>
        <line num="31" count="38" type="stmt"/>
        <line num="33" count="38" type="stmt"/>
        <line num="34" count="38" type="stmt"/>
        <line num="37" count="38" type="stmt"/>
        <line num="46" count="38" type="stmt"/>
        <line num="53" count="38" type="stmt"/>
        <line num="54" count="38" type="stmt"/>
        <line num="55" count="152" type="cond" truecount="1" falsecount="0"/>
        <line num="56" count="135" type="stmt"/>
        <line num="59" count="38" type="stmt"/>
        <line num="66" count="1" type="cond" truecount="0" falsecount="1"/>
        <line num="69" count="1" type="stmt"/>
        <line num="76" count="1" type="stmt"/>
        <line num="77" count="2" type="stmt"/>
        <line num="78" count="2" type="stmt"/>
        <line num="80" count="2" type="stmt"/>
        <line num="81" count="2" type="stmt"/>
        <line num="85" count="1" type="stmt"/>
        <line num="86" count="1" type="stmt"/>
        <line num="95" count="1" type="stmt"/>
        <line num="102" count="35" type="stmt"/>
        <line num="103" count="35" type="stmt"/>
        <line num="105" count="35" type="stmt"/>
        <line num="108" count="35" type="cond" truecount="0" falsecount="1"/>
        <line num="109" count="0" type="stmt"/>
        <line num="112" count="35" type="stmt"/>
        <line num="113" count="35" type="stmt"/>
        <line num="120" count="164" type="stmt"/>
        <line num="121" count="164" type="cond" truecount="1" falsecount="0"/>
        <line num="124" count="39" type="stmt"/>
        <line num="127" count="39" type="stmt"/>
        <line num="128" count="39" type="stmt"/>
        <line num="129" count="39" type="stmt"/>
        <line num="130" count="39" type="stmt"/>
        <line num="132" count="39" type="stmt"/>
        <line num="133" count="159" type="stmt"/>
        <line num="134" count="159" type="stmt"/>
        <line num="135" count="159" type="stmt"/>
        <line num="136" count="159" type="stmt"/>
        <line num="137" count="159" type="stmt"/>
        <line num="138" count="159" type="stmt"/>
        <line num="141" count="39" type="stmt"/>
        <line num="142" count="39" type="stmt"/>
        <line num="143" count="39" type="cond" truecount="0" falsecount="1"/>
        <line num="145" count="39" type="stmt"/>
        <line num="146" count="39" type="stmt"/>
        <line num="153" count="190" type="stmt"/>
        <line num="154" count="190" type="cond" truecount="1" falsecount="0"/>
        <line num="155" count="26" type="stmt"/>
        <line num="164" count="164" type="stmt"/>
        <line num="165" count="164" type="stmt"/>
        <line num="167" count="164" type="stmt"/>
        <line num="168" count="164" type="stmt"/>
        <line num="171" count="164" type="cond" truecount="2" falsecount="0"/>
        <line num="175" count="17" type="stmt"/>
        <line num="176" count="147" type="cond" truecount="4" falsecount="0"/>
        <line num="177" count="1" type="stmt"/>
        <line num="178" count="146" type="cond" truecount="2" falsecount="1"/>
        <line num="179" count="0" type="stmt"/>
        <line num="183" count="164" type="cond" truecount="2" falsecount="0"/>
        <line num="184" count="4" type="stmt"/>
        <line num="185" count="160" type="cond" truecount="1" falsecount="1"/>
        <line num="186" count="0" type="stmt"/>
        <line num="187" count="160" type="cond" truecount="0" falsecount="1"/>
        <line num="188" count="0" type="stmt"/>
        <line num="191" count="164" type="stmt"/>
        <line num="204" count="63" type="stmt"/>
        <line num="207" count="63" type="cond" truecount="3" falsecount="2"/>
        <line num="211" count="63" type="stmt"/>
        <line num="212" count="63" type="cond" truecount="2" falsecount="0"/>
        <line num="213" count="1" type="stmt"/>
        <line num="215" count="62" type="cond" truecount="2" falsecount="0"/>
        <line num="216" count="3" type="stmt"/>
        <line num="218" count="59" type="cond" truecount="0" falsecount="1"/>
        <line num="219" count="0" type="stmt"/>
        <line num="224" count="63" type="stmt"/>
        <line num="225" count="63" type="cond" truecount="2" falsecount="0"/>
        <line num="226" count="4" type="stmt"/>
        <line num="227" count="59" type="cond" truecount="1" falsecount="1"/>
        <line num="228" count="0" type="stmt"/>
        <line num="229" count="59" type="cond" truecount="0" falsecount="1"/>
        <line num="230" count="0" type="stmt"/>
        <line num="233" count="63" type="stmt"/>
        <line num="249" count="1" type="stmt"/>
        <line num="250" count="1" type="cond" truecount="0" falsecount="1"/>
        <line num="251" count="0" type="stmt"/>
        <line num="256" count="1" type="stmt"/>
        <line num="268" count="1" type="stmt"/>
      </file>
      <file name="EthicalLedger.ts" path="/root/.gemini/antigravity-cli/scratch/Quantum-Flow-OS/src/core/EthicalLedger.ts">
        <metrics statements="39" coveredstatements="30" conditionals="7" coveredconditionals="5" methods="8" coveredmethods="7"/>
        <line num="8" count="10" type="stmt"/>
        <line num="9" count="10" type="stmt"/>
        <line num="21" count="10" type="stmt"/>
        <line num="25" count="36" type="stmt"/>
        <line num="26" count="36" type="stmt"/>
        <line num="33" count="36" type="stmt"/>
        <line num="43" count="36" type="stmt"/>
        <line num="44" count="36" type="stmt"/>
        <line num="52" count="182" type="cond" truecount="2" falsecount="0"/>
        <line num="55" count="182" type="stmt"/>
        <line num="62" count="182" type="stmt"/>
        <line num="72" count="58" type="stmt"/>
        <line num="74" count="58" type="stmt"/>
        <line num="83" count="58" type="stmt"/>
        <line num="88" count="58" type="stmt"/>
        <line num="89" count="58" type="stmt"/>
        <line num="96" count="6" type="stmt"/>
        <line num="104" count="48" type="stmt"/>
        <line num="105" count="88" type="stmt"/>
        <line num="106" count="88" type="stmt"/>
        <line num="109" count="88" type="stmt"/>
        <line num="110" count="88" type="cond" truecount="1" falsecount="0"/>
        <line num="111" count="6" type="stmt"/>
        <line num="114" count="6" type="stmt"/>
        <line num="118" count="82" type="cond" truecount="0" falsecount="1"/>
        <line num="119" count="0" type="stmt"/>
        <line num="122" count="0" type="stmt"/>
        <line num="126" count="42" type="stmt"/>
        <line num="134" count="3" type="cond" truecount="2" falsecount="1"/>
        <line num="135" count="0" type="stmt"/>
        <line num="138" count="3" type="stmt"/>
        <line num="139" count="3" type="stmt"/>
        <line num="141" count="3" type="stmt"/>
        <line num="148" count="0" type="stmt"/>
        <line num="149" count="0" type="stmt"/>
        <line num="150" count="0" type="stmt"/>
        <line num="151" count="0" type="stmt"/>
        <line num="152" count="0" type="stmt"/>
        <line num="154" count="0" type="stmt"/>
      </file>
      <file name="ExistentialistEthicsEngine.ts" path="/root/.gemini/antigravity-cli/scratch/Quantum-Flow-OS/src/core/ExistentialistEthicsEngine.ts">
        <metrics statements="53" coveredstatements="48" conditionals="43" coveredconditionals="39" methods="4" coveredmethods="4"/>
        <line num="12" count="10" type="stmt"/>
        <line num="13" count="10" type="stmt"/>
        <line num="28" count="10" type="stmt"/>
        <line num="29" count="34" type="stmt"/>
        <line num="33" count="34" type="stmt"/>
        <line num="34" count="34" type="cond" truecount="2" falsecount="0"/>
        <line num="41" count="25" type="stmt"/>
        <line num="42" count="25" type="stmt"/>
        <line num="43" count="25" type="stmt"/>
        <line num="46" count="25" type="stmt"/>
        <line num="47" count="25" type="stmt"/>
        <line num="49" count="25" type="cond" truecount="6" falsecount="0"/>
        <line num="50" count="1" type="stmt"/>
        <line num="51" count="1" type="stmt"/>
        <line num="52" count="24" type="cond" truecount="3" falsecount="1"/>
        <line num="53" count="0" type="stmt"/>
        <line num="54" count="0" type="stmt"/>
        <line num="57" count="25" type="cond" truecount="6" falsecount="0"/>
        <line num="58" count="1" type="stmt"/>
        <line num="59" count="1" type="cond" truecount="0" falsecount="1"/>
        <line num="60" count="0" type="stmt"/>
        <line num="64" count="25" type="stmt"/>
        <line num="67" count="25" type="stmt"/>
        <line num="69" count="25" type="cond" truecount="2" falsecount="0"/>
        <line num="70" count="23" type="stmt"/>
        <line num="72" count="2" type="stmt"/>
        <line num="75" count="25" type="cond" truecount="6" falsecount="0"/>
        <line num="76" count="1" type="stmt"/>
        <line num="77" count="24" type="cond" truecount="4" falsecount="1"/>
        <line num="78" count="0" type="stmt"/>
        <line num="81" count="25" type="stmt"/>
        <line num="85" count="25" type="stmt"/>
        <line num="86" count="25" type="stmt"/>
        <line num="89" count="25" type="cond" truecount="2" falsecount="0"/>
        <line num="90" count="1" type="stmt"/>
        <line num="91" count="1" type="stmt"/>
        <line num="93" count="24" type="stmt"/>
        <line num="96" count="25" type="cond" truecount="2" falsecount="0"/>
        <line num="97" count="1" type="stmt"/>
        <line num="98" count="24" type="cond" truecount="1" falsecount="0"/>
        <line num="99" count="2" type="stmt"/>
        <line num="102" count="25" type="cond" truecount="2" falsecount="0"/>
        <line num="103" count="23" type="stmt"/>
        <line num="105" count="2" type="stmt"/>
        <line num="108" count="25" type="stmt"/>
        <line num="119" count="25" type="stmt"/>
        <line num="120" count="25" type="cond" truecount="0" falsecount="1"/>
        <line num="121" count="0" type="stmt"/>
        <line num="124" count="25" type="stmt"/>
        <line num="125" count="25" type="stmt"/>
        <line num="132" count="32" type="cond" truecount="1" falsecount="0"/>
        <line num="133" count="24" type="stmt"/>
        <line num="140" count="2" type="stmt"/>
      </file>
      <file name="GrandUnifiedEthicsEngine.ts" path="/root/.gemini/antigravity-cli/scratch/Quantum-Flow-OS/src/core/GrandUnifiedEthicsEngine.ts">
        <metrics statements="124" coveredstatements="120" conditionals="78" coveredconditionals="70" methods="5" coveredmethods="5"/>
        <line num="10" count="9" type="stmt"/>
        <line num="11" count="9" type="stmt"/>
        <line num="49" count="9" type="stmt"/>
        <line num="51" count="32" type="stmt"/>
        <line num="54" count="32" type="stmt"/>
        <line num="76" count="32" type="stmt"/>
        <line num="77" count="32" type="stmt"/>
        <line num="78" count="32" type="cond" truecount="2" falsecount="0"/>
        <line num="88" count="30" type="stmt"/>
        <line num="89" count="30" type="cond" truecount="2" falsecount="0"/>
        <line num="92" count="30" type="stmt"/>
        <line num="93" count="30" type="cond" truecount="2" falsecount="0"/>
        <line num="98" count="30" type="stmt"/>
        <line num="99" count="30" type="cond" truecount="2" falsecount="0"/>
        <line num="100" count="30" type="cond" truecount="2" falsecount="0"/>
        <line num="103" count="30" type="stmt"/>
        <line num="104" count="30" type="cond" truecount="2" falsecount="0"/>
        <line num="105" count="30" type="cond" truecount="2" falsecount="0"/>
        <line num="108" count="30" type="stmt"/>
        <line num="109" count="30" type="cond" truecount="2" falsecount="0"/>
        <line num="112" count="30" type="stmt"/>
        <line num="113" count="30" type="cond" truecount="2" falsecount="0"/>
        <line num="116" count="30" type="stmt"/>
        <line num="117" count="30" type="cond" truecount="2" falsecount="0"/>
        <line num="120" count="30" type="stmt"/>
        <line num="121" count="30" type="cond" truecount="2" falsecount="0"/>
        <line num="124" count="30" type="stmt"/>
        <line num="125" count="30" type="cond" truecount="2" falsecount="0"/>
        <line num="128" count="30" type="stmt"/>
        <line num="129" count="30" type="cond" truecount="2" falsecount="0"/>
        <line num="132" count="30" type="stmt"/>
        <line num="133" count="30" type="cond" truecount="2" falsecount="0"/>
        <line num="136" count="30" type="stmt"/>
        <line num="137" count="30" type="cond" truecount="2" falsecount="0"/>
        <line num="140" count="30" type="stmt"/>
        <line num="141" count="30" type="cond" truecount="2" falsecount="0"/>
        <line num="144" count="30" type="stmt"/>
        <line num="145" count="30" type="cond" truecount="2" falsecount="0"/>
        <line num="148" count="30" type="stmt"/>
        <line num="149" count="30" type="cond" truecount="2" falsecount="0"/>
        <line num="152" count="30" type="stmt"/>
        <line num="153" count="30" type="stmt"/>
        <line num="156" count="30" type="stmt"/>
        <line num="157" count="30" type="stmt"/>
        <line num="160" count="30" type="stmt"/>
        <line num="162" count="30" type="stmt"/>
        <line num="164" count="30" type="stmt"/>
        <line num="186" count="30" type="stmt"/>
        <line num="187" count="30" type="stmt"/>
        <line num="189" count="30" type="stmt"/>
        <line num="190" count="540" type="stmt"/>
        <line num="191" count="540" type="stmt"/>
        <line num="192" count="540" type="cond" truecount="1" falsecount="1"/>
        <line num="193" count="540" type="stmt"/>
        <line num="194" count="540" type="stmt"/>
        <line num="197" count="30" type="cond" truecount="1" falsecount="1"/>
        <line num="200" count="30" type="stmt"/>
        <line num="201" count="30" type="stmt"/>
        <line num="202" count="30" type="stmt"/>
        <line num="203" count="30" type="stmt"/>
        <line num="205" count="30" type="stmt"/>
        <line num="206" count="540" type="stmt"/>
        <line num="207" count="540" type="stmt"/>
        <line num="208" count="540" type="cond" truecount="1" falsecount="0"/>
        <line num="209" count="31" type="stmt"/>
        <line num="210" count="31" type="stmt"/>
        <line num="212" count="540" type="cond" truecount="1" falsecount="0"/>
        <line num="213" count="54" type="stmt"/>
        <line num="214" count="54" type="stmt"/>
        <line num="219" count="30" type="stmt"/>
        <line num="220" count="30" type="cond" truecount="4" falsecount="0"/>
        <line num="221" count="7" type="stmt"/>
        <line num="222" count="23" type="cond" truecount="2" falsecount="2"/>
        <line num="223" count="0" type="stmt"/>
        <line num="224" count="23" type="cond" truecount="4" falsecount="0"/>
        <line num="225" count="22" type="stmt"/>
        <line num="226" count="1" type="cond" truecount="3" falsecount="1"/>
        <line num="227" count="0" type="stmt"/>
        <line num="229" count="1" type="stmt"/>
        <line num="233" count="30" type="stmt"/>
        <line num="234" count="30" type="stmt"/>
        <line num="236" count="30" type="stmt"/>
        <line num="237" count="30" type="stmt"/>
        <line num="238" count="30" type="stmt"/>
        <line num="240" count="30" type="cond" truecount="2" falsecount="0"/>
        <line num="241" count="28" type="stmt"/>
        <line num="242" count="28" type="cond" truecount="1" falsecount="0"/>
        <line num="243" count="1" type="stmt"/>
        <line num="245" count="28" type="cond" truecount="1" falsecount="0"/>
        <line num="246" count="23" type="stmt"/>
        <line num="248" count="28" type="cond" truecount="0" falsecount="1"/>
        <line num="249" count="0" type="stmt"/>
        <line num="251" count="28" type="cond" truecount="1" falsecount="0"/>
        <line num="252" count="23" type="stmt"/>
        <line num="254" count="28" type="cond" truecount="1" falsecount="0"/>
        <line num="255" count="1" type="stmt"/>
        <line num="257" count="28" type="cond" truecount="1" falsecount="0"/>
        <line num="258" count="1" type="stmt"/>
        <line num="260" count="28" type="cond" truecount="1" falsecount="0"/>
        <line num="261" count="23" type="stmt"/>
        <line num="263" count="28" type="cond" truecount="1" falsecount="0"/>
        <line num="264" count="23" type="stmt"/>
        <line num="266" count="28" type="cond" truecount="1" falsecount="0"/>
        <line num="267" count="22" type="stmt"/>
        <line num="269" count="28" type="cond" truecount="1" falsecount="0"/>
        <line num="270" count="23" type="stmt"/>
        <line num="272" count="28" type="cond" truecount="1" falsecount="0"/>
        <line num="273" count="23" type="stmt"/>
        <line num="275" count="28" type="cond" truecount="1" falsecount="0"/>
        <line num="276" count="23" type="stmt"/>
        <line num="278" count="28" type="cond" truecount="1" falsecount="0"/>
        <line num="279" count="23" type="stmt"/>
        <line num="282" count="2" type="stmt"/>
        <line num="285" count="30" type="stmt"/>
        <line num="298" count="30" type="stmt"/>
        <line num="299" count="30" type="cond" truecount="0" falsecount="1"/>
        <line num="300" count="0" type="stmt"/>
        <line num="303" count="30" type="stmt"/>
        <line num="304" count="30" type="stmt"/>
        <line num="311" count="1" type="stmt"/>
        <line num="318" count="9" type="cond" truecount="0" falsecount="1"/>
        <line num="319" count="9" type="stmt"/>
        <line num="326" count="1" type="stmt"/>
        <line num="330" count="1" type="stmt"/>
      </file>
      <file name="KantianEthicsEngine.ts" path="/root/.gemini/antigravity-cli/scratch/Quantum-Flow-OS/src/core/KantianEthicsEngine.ts">
        <metrics statements="57" coveredstatements="47" conditionals="55" coveredconditionals="46" methods="8" coveredmethods="6"/>
        <line num="12" count="10" type="stmt"/>
        <line num="13" count="10" type="stmt"/>
        <line num="41" count="10" type="stmt"/>
        <line num="42" count="35" type="stmt"/>
        <line num="46" count="35" type="stmt"/>
        <line num="47" count="35" type="cond" truecount="2" falsecount="0"/>
        <line num="54" count="26" type="stmt"/>
        <line num="55" count="26" type="stmt"/>
        <line num="56" count="26" type="stmt"/>
        <line num="59" count="26" type="stmt"/>
        <line num="61" count="26" type="cond" truecount="2" falsecount="0"/>
        <line num="62" count="1" type="cond" truecount="1" falsecount="1"/>
        <line num="63" count="1" type="stmt"/>
        <line num="64" count="1" type="stmt"/>
        <line num="66" count="0" type="stmt"/>
        <line num="67" count="0" type="stmt"/>
        <line num="70" count="25" type="stmt"/>
        <line num="73" count="26" type="cond" truecount="2" falsecount="0"/>
        <line num="74" count="2" type="stmt"/>
        <line num="75" count="2" type="stmt"/>
        <line num="77" count="24" type="stmt"/>
        <line num="80" count="26" type="stmt"/>
        <line num="81" count="26" type="cond" truecount="2" falsecount="0"/>
        <line num="83" count="26" type="cond" truecount="2" falsecount="0"/>
        <line num="84" count="23" type="stmt"/>
        <line num="86" count="3" type="stmt"/>
        <line num="89" count="26" type="stmt"/>
        <line num="100" count="26" type="stmt"/>
        <line num="101" count="26" type="cond" truecount="0" falsecount="1"/>
        <line num="102" count="0" type="stmt"/>
        <line num="105" count="26" type="stmt"/>
        <line num="106" count="26" type="stmt"/>
        <line num="113" count="26" type="stmt"/>
        <line num="116" count="26" type="cond" truecount="5" falsecount="0"/>
        <line num="117" count="1" type="stmt"/>
        <line num="125" count="25" type="cond" truecount="4" falsecount="1"/>
        <line num="126" count="0" type="stmt"/>
        <line num="135" count="25" type="cond" truecount="4" falsecount="1"/>
        <line num="136" count="0" type="stmt"/>
        <line num="144" count="25" type="cond" truecount="3" falsecount="1"/>
        <line num="145" count="0" type="stmt"/>
        <line num="153" count="25" type="stmt"/>
        <line num="165" count="26" type="stmt"/>
        <line num="166" count="26" type="cond" truecount="2" falsecount="0"/>
        <line num="170" count="26" type="cond" truecount="7" falsecount="0"/>
        <line num="178" count="26" type="cond" truecount="1" falsecount="0"/>
        <line num="179" count="2" type="stmt"/>
        <line num="188" count="24" type="cond" truecount="1" falsecount="0"/>
        <line num="189" count="5" type="cond" truecount="4" falsecount="0"/>
        <line num="190" count="5" type="cond" truecount="0" falsecount="1"/>
        <line num="191" count="0" type="stmt"/>
        <line num="192" count="0" type="stmt"/>
        <line num="193" count="0" type="stmt"/>
        <line num="195" count="0" type="stmt"/>
        <line num="204" count="24" type="stmt"/>
        <line num="213" count="2" type="stmt"/>
        <line num="217" count="36" type="cond" truecount="2" falsecount="0"/>
      </file>
      <file name="NietzscheanEthicsEngine.ts" path="/root/.gemini/antigravity-cli/scratch/Quantum-Flow-OS/src/core/NietzscheanEthicsEngine.ts">
        <metrics statements="81" coveredstatements="74" conditionals="89" coveredconditionals="82" methods="4" coveredmethods="4"/>
        <line num="15" count="10" type="stmt"/>
        <line num="16" count="10" type="stmt"/>
        <line num="33" count="10" type="stmt"/>
        <line num="34" count="36" type="stmt"/>
        <line num="38" count="36" type="stmt"/>
        <line num="39" count="36" type="cond" truecount="2" falsecount="0"/>
        <line num="46" count="28" type="stmt"/>
        <line num="47" count="28" type="stmt"/>
        <line num="48" count="28" type="stmt"/>
        <line num="52" count="28" type="stmt"/>
        <line num="54" count="28" type="cond" truecount="6" falsecount="0"/>
        <line num="55" count="2" type="stmt"/>
        <line num="57" count="28" type="cond" truecount="4" falsecount="1"/>
        <line num="58" count="0" type="stmt"/>
        <line num="60" count="28" type="cond" truecount="5" falsecount="0"/>
        <line num="61" count="1" type="stmt"/>
        <line num="63" count="28" type="cond" truecount="4" falsecount="0"/>
        <line num="64" count="1" type="stmt"/>
        <line num="67" count="28" type="cond" truecount="1" falsecount="0"/>
        <line num="68" count="3" type="stmt"/>
        <line num="70" count="28" type="stmt"/>
        <line num="74" count="28" type="stmt"/>
        <line num="76" count="28" type="cond" truecount="6" falsecount="0"/>
        <line num="77" count="1" type="stmt"/>
        <line num="79" count="28" type="cond" truecount="5" falsecount="0"/>
        <line num="80" count="1" type="stmt"/>
        <line num="82" count="28" type="cond" truecount="5" falsecount="0"/>
        <line num="83" count="1" type="stmt"/>
        <line num="86" count="28" type="stmt"/>
        <line num="91" count="28" type="stmt"/>
        <line num="93" count="28" type="cond" truecount="4" falsecount="1"/>
        <line num="94" count="0" type="stmt"/>
        <line num="96" count="28" type="cond" truecount="5" falsecount="0"/>
        <line num="97" count="1" type="stmt"/>
        <line num="99" count="28" type="cond" truecount="4" falsecount="0"/>
        <line num="100" count="1" type="stmt"/>
        <line num="102" count="28" type="cond" truecount="3" falsecount="1"/>
        <line num="103" count="0" type="stmt"/>
        <line num="106" count="28" type="stmt"/>
        <line num="110" count="28" type="stmt"/>
        <line num="112" count="28" type="cond" truecount="3" falsecount="1"/>
        <line num="113" count="0" type="stmt"/>
[...]
        <line num="670" count="1" type="stmt"/>
        <line num="671" count="1" type="stmt"/>
        <line num="672" count="1" type="stmt"/>
        <line num="673" count="1" type="stmt"/>
        <line num="675" count="1" type="cond" truecount="2" falsecount="1"/>
        <line num="676" count="0" type="stmt"/>
        <line num="677" count="0" type="stmt"/>
        <line num="680" count="0" type="stmt"/>
        <line num="683" count="1" type="stmt"/>
        <line num="687" count="1" type="stmt"/>
        <line num="689" count="9" type="stmt"/>
        <line num="698" count="1" type="stmt"/>
        <line num="699" count="1" type="stmt"/>
        <line num="706" count="0" type="stmt"/>
        <line num="707" count="0" type="stmt"/>
        <line num="708" count="0" type="stmt"/>
        <line num="715" count="1" type="stmt"/>
        <line num="718" count="6" type="cond" truecount="1" falsecount="2"/>
        <line num="719" count="0" type="stmt"/>
        <line num="720" count="0" type="stmt"/>
        <line num="721" count="0" type="stmt"/>
        <line num="723" count="0" type="stmt"/>
        <line num="724" count="0" type="stmt"/>
        <line num="725" count="0" type="stmt"/>
        <line num="726" count="0" type="stmt"/>
        <line num="727" count="0" type="cond" truecount="0" falsecount="1"/>
        <line num="728" count="0" type="stmt"/>
        <line num="729" count="0" type="stmt"/>
        <line num="730" count="0" type="stmt"/>
        <line num="732" count="0" type="stmt"/>
        <line num="736" count="0" type="stmt"/>
        <line num="737" count="0" type="stmt"/>
        <line num="744" count="0" type="stmt"/>
        <line num="745" count="0" type="stmt"/>
        <line num="746" count="0" type="stmt"/>
        <line num="753" count="0" type="stmt"/>
        <line num="756" count="6" type="cond" truecount="1" falsecount="2"/>
        <line num="757" count="0" type="stmt"/>
        <line num="758" count="0" type="stmt"/>
        <line num="759" count="0" type="stmt"/>
        <line num="761" count="0" type="stmt"/>
        <line num="762" count="0" type="stmt"/>
        <line num="763" count="0" type="stmt"/>
        <line num="764" count="0" type="stmt"/>
        <line num="765" count="0" type="cond" truecount="0" falsecount="4"/>
        <line num="766" count="0" type="stmt"/>
        <line num="767" count="0" type="stmt"/>
        <line num="772" count="0" type="stmt"/>
        <line num="774" count="0" type="stmt"/>
        <line num="783" count="0" type="stmt"/>
        <line num="785" count="0" type="stmt"/>
        <line num="790" count="0" type="stmt"/>
        <line num="791" count="0" type="stmt"/>
        <line num="798" count="0" type="stmt"/>
        <line num="799" count="0" type="stmt"/>
        <line num="800" count="0" type="stmt"/>
        <line num="807" count="0" type="stmt"/>
        <line num="810" count="6" type="cond" truecount="1" falsecount="2"/>
        <line num="811" count="0" type="stmt"/>
        <line num="812" count="0" type="stmt"/>
        <line num="813" count="0" type="stmt"/>
        <line num="815" count="0" type="stmt"/>
        <line num="816" count="0" type="stmt"/>
        <line num="817" count="0" type="stmt"/>
        <line num="818" count="0" type="stmt"/>
        <line num="819" count="0" type="cond" truecount="0" falsecount="1"/>
        <line num="820" count="0" type="stmt"/>
        <line num="821" count="0" type="stmt"/>
        <line num="822" count="0" type="stmt"/>
        <line num="825" count="0" type="stmt"/>
        <line num="826" count="0" type="stmt"/>
        <line num="827" count="0" type="stmt"/>
        <line num="834" count="0" type="stmt"/>
        <line num="835" count="0" type="stmt"/>
        <line num="836" count="0" type="stmt"/>
        <line num="843" count="0" type="stmt"/>
        <line num="846" count="6" type="cond" truecount="3" falsecount="0"/>
        <line num="847" count="1" type="stmt"/>
        <line num="848" count="1" type="stmt"/>
        <line num="849" count="1" type="stmt"/>
        <line num="851" count="1" type="stmt"/>
        <line num="852" count="1" type="stmt"/>
        <line num="853" count="1" type="stmt"/>
        <line num="854" count="1" type="stmt"/>
        <line num="856" count="1" type="cond" truecount="2" falsecount="1"/>
        <line num="857" count="0" type="stmt"/>
        <line num="858" count="0" type="stmt"/>
        <line num="863" count="0" type="stmt"/>
        <line num="867" count="1" type="stmt"/>
        <line num="878" count="1" type="stmt"/>
        <line num="879" count="1" type="stmt"/>
        <line num="880" count="1" type="stmt"/>
        <line num="882" count="1" type="stmt"/>
        <line num="883" count="1" type="stmt"/>
        <line num="896" count="0" type="stmt"/>
        <line num="897" count="0" type="stmt"/>
        <line num="904" count="1" type="stmt"/>
        <line num="907" count="5" type="cond" truecount="1" falsecount="2"/>
        <line num="908" count="0" type="stmt"/>
        <line num="909" count="0" type="stmt"/>
        <line num="910" count="0" type="stmt"/>
        <line num="911" count="0" type="stmt"/>
        <line num="913" count="0" type="stmt"/>
        <line num="914" count="0" type="stmt"/>
        <line num="915" count="0" type="stmt"/>
        <line num="921" count="0" type="stmt"/>
        <line num="924" count="5" type="cond" truecount="1" falsecount="2"/>
        <line num="925" count="0" type="stmt"/>
        <line num="926" count="0" type="stmt"/>
        <line num="927" count="0" type="stmt"/>
        <line num="929" count="0" type="stmt"/>
        <line num="930" count="0" type="stmt"/>
        <line num="931" count="0" type="stmt"/>
        <line num="932" count="0" type="stmt"/>
        <line num="933" count="0" type="cond" truecount="0" falsecount="1"/>
        <line num="934" count="0" type="stmt"/>
        <line num="935" count="0" type="stmt"/>
        <line num="938" count="0" type="stmt"/>
        <line num="941" count="0" type="stmt"/>
        <line num="942" count="0" type="stmt"/>
        <line num="943" count="0" type="cond" truecount="0" falsecount="1"/>
        <line num="944" count="0" type="stmt"/>
        <line num="945" count="0" type="stmt"/>
        <line num="946" count="0" type="stmt"/>
        <line num="951" count="0" type="stmt"/>
        <line num="952" count="0" type="stmt"/>
        <line num="958" count="0" type="stmt"/>
        <line num="959" count="0" type="stmt"/>
        <line num="961" count="0" type="stmt"/>
        <line num="962" count="0" type="stmt"/>
        <line num="963" count="0" type="stmt"/>
        <line num="970" count="0" type="stmt"/>
        <line num="973" count="5" type="cond" truecount="1" falsecount="2"/>
        <line num="974" count="0" type="stmt"/>
        <line num="975" count="0" type="stmt"/>
        <line num="976" count="0" type="stmt"/>
        <line num="978" count="0" type="stmt"/>
        <line num="979" count="0" type="stmt"/>
        <line num="980" count="0" type="stmt"/>
        <line num="981" count="0" type="stmt"/>
        <line num="982" count="0" type="cond" truecount="0" falsecount="4"/>
        <line num="983" count="0" type="stmt"/>
        <line num="984" count="0" type="stmt"/>
        <line num="989" count="0" type="stmt"/>
        <line num="991" count="0" type="stmt"/>
        <line num="996" count="0" type="stmt"/>
        <line num="997" count="0" type="stmt"/>
        <line num="998" count="0" type="stmt"/>
        <line num="1000" count="0" type="stmt"/>
        <line num="1001" count="0" type="stmt"/>
        <line num="1002" count="0" type="stmt"/>
        <line num="1009" count="0" type="stmt"/>
        <line num="1012" count="5" type="cond" truecount="1" falsecount="2"/>
        <line num="1013" count="0" type="stmt"/>
        <line num="1014" count="0" type="stmt"/>
        <line num="1015" count="0" type="stmt"/>
        <line num="1016" count="0" type="stmt"/>
        <line num="1017" count="0" type="stmt"/>
        <line num="1019" count="0" type="stmt"/>
        <line num="1020" count="0" type="stmt"/>
        <line num="1021" count="0" type="stmt"/>
        <line num="1027" count="0" type="stmt"/>
        <line num="1030" count="5" type="cond" truecount="1" falsecount="2"/>
        <line num="1031" count="0" type="stmt"/>
        <line num="1032" count="0" type="stmt"/>
        <line num="1033" count="0" type="stmt"/>
        <line num="1034" count="0" type="stmt"/>
        <line num="1036" count="0" type="stmt"/>
        <line num="1037" count="0" type="stmt"/>
        <line num="1038" count="0" type="stmt"/>
        <line num="1044" count="0" type="stmt"/>
        <line num="1047" count="5" type="cond" truecount="1" falsecount="2"/>
        <line num="1048" count="0" type="stmt"/>
        <line num="1049" count="0" type="stmt"/>
        <line num="1050" count="0" type="stmt"/>
        <line num="1051" count="0" type="stmt"/>
        <line num="1053" count="0" type="stmt"/>
        <line num="1054" count="0" type="stmt"/>
        <line num="1055" count="0" type="stmt"/>
        <line num="1062" count="0" type="stmt"/>
        <line num="1065" count="5" type="cond" truecount="1" falsecount="2"/>
        <line num="1066" count="0" type="stmt"/>
        <line num="1067" count="0" type="stmt"/>
        <line num="1068" count="0" type="stmt"/>
        <line num="1069" count="0" type="stmt"/>
        <line num="1070" count="0" type="stmt"/>
        <line num="1071" count="0" type="stmt"/>
        <line num="1072" count="0" type="stmt"/>
        <line num="1074" count="0" type="stmt"/>
        <line num="1075" count="0" type="stmt"/>
        <line num="1076" count="0" type="stmt"/>
        <line num="1082" count="0" type="stmt"/>
        <line num="1085" count="5" type="cond" truecount="1" falsecount="2"/>
        <line num="1086" count="0" type="stmt"/>
        <line num="1087" count="0" type="stmt"/>
        <line num="1088" count="0" type="stmt"/>
        <line num="1089" count="0" type="stmt"/>
        <line num="1091" count="0" type="stmt"/>
        <line num="1092" count="0" type="stmt"/>
        <line num="1093" count="0" type="stmt"/>
        <line num="1099" count="0" type="stmt"/>
        <line num="1102" count="5" type="cond" truecount="1" falsecount="2"/>
        <line num="1103" count="0" type="stmt"/>
        <line num="1104" count="0" type="stmt"/>
        <line num="1105" count="0" type="stmt"/>
        <line num="1106" count="0" type="stmt"/>
        <line num="1108" count="0" type="stmt"/>
        <line num="1109" count="0" type="stmt"/>
        <line num="1110" count="0" type="stmt"/>
        <line num="1116" count="0" type="stmt"/>
        <line num="1119" count="5" type="cond" truecount="1" falsecount="2"/>
        <line num="1120" count="0" type="stmt"/>
        <line num="1121" count="0" type="stmt"/>
        <line num="1122" count="0" type="stmt"/>
        <line num="1123" count="0" type="stmt"/>
        <line num="1125" count="0" type="stmt"/>
        <line num="1126" count="0" type="stmt"/>
        <line num="1127" count="0" type="stmt"/>
        <line num="1133" count="0" type="stmt"/>
        <line num="1136" count="5" type="cond" truecount="1" falsecount="2"/>
        <line num="1137" count="0" type="stmt"/>
        <line num="1138" count="0" type="stmt"/>
        <line num="1139" count="0" type="stmt"/>
        <line num="1140" count="0" type="stmt"/>
        <line num="1142" count="0" type="stmt"/>
        <line num="1143" count="0" type="stmt"/>
        <line num="1144" count="0" type="stmt"/>
        <line num="1150" count="0" type="stmt"/>
        <line num="1153" count="5" type="cond" truecount="1" falsecount="2"/>
        <line num="1154" count="0" type="stmt"/>
        <line num="1155" count="0" type="stmt"/>
        <line num="1156" count="0" type="stmt"/>
        <line num="1158" count="0" type="stmt"/>
        <line num="1159" count="0" type="stmt"/>
        <line num="1160" count="0" type="stmt"/>
        <line num="1161" count="0" type="stmt"/>
        <line num="1162" count="0" type="cond" truecount="0" falsecount="3"/>
        <line num="1163" count="0" type="stmt"/>
        <line num="1164" count="0" type="stmt"/>
        <line num="1169" count="0" type="stmt"/>
        <line num="1171" count="0" type="stmt"/>
        <line num="1177" count="0" type="stmt"/>
        <line num="1178" count="0" type="stmt"/>
        <line num="1186" count="0" type="stmt"/>
        <line num="1187" count="0" type="stmt"/>
        <line num="1188" count="0" type="stmt"/>
        <line num="1195" count="0" type="stmt"/>
        <line num="1198" count="5" type="cond" truecount="3" falsecount="0"/>
        <line num="1199" count="1" type="stmt"/>
        <line num="1200" count="1" type="stmt"/>
        <line num="1201" count="1" type="stmt"/>
        <line num="1203" count="1" type="stmt"/>
        <line num="1204" count="1" type="stmt"/>
        <line num="1205" count="1" type="stmt"/>
        <line num="1206" count="1" type="stmt"/>
        <line num="1207" count="1" type="cond" truecount="2" falsecount="1"/>
        <line num="1208" count="0" type="stmt"/>
        <line num="1209" count="0" type="stmt"/>
        <line num="1210" count="0" type="stmt"/>
        <line num="1212" count="1" type="cond" truecount="1" falsecount="0"/>
        <line num="1213" count="1" type="stmt"/>
        <line num="1215" count="1" type="stmt"/>
        <line num="1216" count="1" type="stmt"/>
        <line num="1217" count="1" type="stmt"/>
        <line num="1219" count="0" type="stmt"/>
        <line num="1220" count="0" type="stmt"/>
        <line num="1221" count="0" type="cond" truecount="0" falsecount="2"/>
        <line num="1224" count="1" type="stmt"/>
        <line num="1227" count="4" type="cond" truecount="3" falsecount="0"/>
        <line num="1228" count="1" type="stmt"/>
        <line num="1229" count="1" type="stmt"/>
        <line num="1230" count="1" type="stmt"/>
        <line num="1232" count="1" type="stmt"/>
        <line num="1233" count="1" type="stmt"/>
        <line num="1234" count="1" type="stmt"/>
        <line num="1235" count="1" type="stmt"/>
        <line num="1236" count="1" type="cond" truecount="2" falsecount="1"/>
        <line num="1237" count="0" type="stmt"/>
        <line num="1238" count="0" type="stmt"/>
        <line num="1239" count="0" type="stmt"/>
        <line num="1241" count="1" type="stmt"/>
        <line num="1242" count="1" type="stmt"/>
        <line num="1243" count="1" type="stmt"/>
        <line num="1246" count="1" type="stmt"/>
        <line num="1250" count="0" type="stmt"/>
        <line num="1251" count="0" type="stmt"/>
        <line num="1252" count="0" type="cond" truecount="0" falsecount="2"/>
        <line num="1255" count="1" type="stmt"/>
        <line num="1258" count="3" type="cond" truecount="3" falsecount="0"/>
        <line num="1259" count="1" type="stmt"/>
        <line num="1260" count="1" type="stmt"/>
        <line num="1261" count="1" type="stmt"/>
        <line num="1262" count="1" type="stmt"/>
        <line num="1264" count="0" type="stmt"/>
        <line num="1265" count="0" type="stmt"/>
        <line num="1266" count="0" type="cond" truecount="0" falsecount="2"/>
        <line num="1268" count="1" type="stmt"/>
        <line num="1271" count="2" type="cond" truecount="3" falsecount="0"/>
        <line num="1272" count="1" type="stmt"/>
        <line num="1273" count="1" type="stmt"/>
        <line num="1274" count="1" type="stmt"/>
        <line num="1282" count="0" type="stmt"/>
        <line num="1283" count="0" type="stmt"/>
        <line num="1284" count="0" type="cond" truecount="0" falsecount="2"/>
        <line num="1286" count="1" type="stmt"/>
        <line num="1289" count="1" type="cond" truecount="3" falsecount="0"/>
        <line num="1290" count="1" type="stmt"/>
        <line num="1291" count="1" type="stmt"/>
        <line num="1292" count="1" type="stmt"/>
        <line num="1293" count="1" type="stmt"/>
        <line num="1295" count="0" type="stmt"/>
        <line num="1296" count="0" type="stmt"/>
        <line num="1297" count="0" type="cond" truecount="0" falsecount="2"/>
        <line num="1299" count="1" type="stmt"/>
        <line num="1302" count="0" type="cond" truecount="0" falsecount="3"/>
        <line num="1303" count="0" type="stmt"/>
        <line num="1304" count="0" type="cond" truecount="0" falsecount="2"/>
        <line num="1305" count="0" type="stmt"/>
        <line num="1306" count="0" type="stmt"/>
        <line num="1307" count="0" type="stmt"/>
        <line num="1315" count="0" type="stmt"/>
        <line num="1316" count="0" type="stmt"/>
        <line num="1317" count="0" type="cond" truecount="0" falsecount="2"/>
        <line num="1319" count="0" type="stmt"/>
        <line num="1322" count="0" type="cond" truecount="0" falsecount="3"/>
        <line num="1323" count="0" type="stmt"/>
        <line num="1324" count="0" type="stmt"/>
        <line num="1325" count="0" type="stmt"/>
        <line num="1326" count="0" type="stmt"/>
        <line num="1328" count="0" type="stmt"/>
        <line num="1329" count="0" type="stmt"/>
        <line num="1330" count="0" type="stmt"/>
        <line num="1331" count="0" type="cond" truecount="0" falsecount="1"/>
        <line num="1332" count="0" type="stmt"/>
        <line num="1334" count="0" type="stmt"/>
        <line num="1335" count="0" type="stmt"/>
        <line num="1336" count="0" type="stmt"/>
        <line num="1338" count="0" type="stmt"/>
        <line num="1339" count="0" type="stmt"/>
        <line num="1343" count="0" type="stmt"/>
        <line num="1344" count="0" type="stmt"/>
        <line num="1345" count="0" type="cond" truecount="0" falsecount="2"/>
        <line num="1347" count="0" type="stmt"/>
        <line num="1351" count="0" type="cond" truecount="0" falsecount="1"/>
        <line num="1352" count="0" type="stmt"/>
        <line num="1358" count="0" type="cond" truecount="0" falsecount="1"/>
        <line num="1359" count="0" type="stmt"/>
        <line num="1360" count="0" type="stmt"/>
        <line num="1361" count="0" type="stmt"/>
        <line num="1364" count="0" type="stmt"/>
        <line num="1365" count="0" type="stmt"/>
        <line num="1366" count="0" type="cond" truecount="0" falsecount="2"/>
        <line num="1367" count="0" type="cond" truecount="0" falsecount="2"/>
        <line num="1368" count="0" type="cond" truecount="0" falsecount="2"/>
        <line num="1369" count="0" type="cond" truecount="0" falsecount="2"/>
        <line num="1370" count="0" type="cond" truecount="0" falsecount="1"/>
        <line num="1372" count="0" type="stmt"/>
        <line num="1373" count="0" type="cond" truecount="0" falsecount="2"/>
        <line num="1374" count="0" type="cond" truecount="0" falsecount="2"/>
        <line num="1375" count="0" type="stmt"/>
        <line num="1376" count="0" type="stmt"/>
        <line num="1378" count="0" type="stmt"/>
        <line num="1379" count="0" type="stmt"/>
        <line num="1382" count="0" type="stmt"/>
        <line num="1383" count="0" type="stmt"/>
        <line num="1386" count="0" type="stmt"/>
        <line num="1389" count="0" type="stmt"/>
        <line num="1390" count="0" type="stmt"/>
        <line num="1393" count="2" type="stmt"/>
        <line num="1394" count="2" type="stmt"/>
        <line num="1397" count="2" type="stmt"/>
        <line num="1400" count="2" type="stmt"/>
        <line num="1401" count="0" type="stmt"/>
        <line num="1410" count="2" type="stmt"/>
        <line num="1411" count="2" type="cond" truecount="1" falsecount="1"/>
        <line num="1412" count="2" type="stmt"/>
        <line num="1413" count="2" type="stmt"/>
        <line num="1416" count="0" type="stmt"/>
      </file>
    </package>
  </project>
</coverage>
