{"/root/.gemini/antigravity-cli/scratch/Quantum-Flow-OS/src/core/AutonomousAgentSimulator.ts": {"path":"/root/.gemini/antigravity-cli/scratch/Quantum-Flow-OS/src/core/AutonomousAgentSimulator.ts","statementMap":{"0":{"start":{"line":11,"column":0},"end":{"line":11,"column":45}},"1":{"start":{"line":12,"column":0},"end":{"line":12,"column":36}},"2":{"start":{"line":49,"column":48},"end":{"line":49,"column":57}},"3":{"start":{"line":50,"column":24},"end":{"line":50,"column":25}},"4":{"start":{"line":51,"column":44},"end":{"line":51,"column":46}},"5":{"start":{"line":52,"column":36},"end":{"line":52,"column":39}},"6":{"start":{"line":55,"column":28},"end":{"line":118,"column":4}},"7":{"start":{"line":121,"column":4},"end":{"line":121,"column":12}},"8":{"start":{"line":122,"column":4},"end":{"line":122,"column":35}},"9":{"start":{"line":129,"column":4},"end":{"line":134,"column":7}},"10":{"start":{"line":136,"column":4},"end":{"line":141,"column":7}},"11":{"start":{"line":143,"column":4},"end":{"line":148,"column":7}},"12":{"start":{"line":155,"column":15},"end":{"line":155,"column":48}},"13":{"start":{"line":156,"column":4},"end":{"line":160,"column":7}},"14":{"start":{"line":161,"column":4},"end":{"line":161,"column":14}},"15":{"start":{"line":168,"column":4},"end":{"line":168,"column":34}},"16":{"start":{"line":175,"column":4},"end":{"line":175,"column":44}},"17":{"start":{"line":182,"column":4},"end":{"line":182,"column":23}},"18":{"start":{"line":183,"column":22},"end":{"line":183,"column":32}},"19":{"start":{"line":184,"column":25},"end":{"line":184,"column":26}},"20":{"start":{"line":185,"column":23},"end":{"line":185,"column":24}},"21":{"start":{"line":186,"column":23},"end":{"line":186,"column":24}},"22":{"start":{"line":187,"column":25},"end":{"line":187,"column":26}},"23":{"start":{"line":189,"column":22},"end":{"line":189,"column":38}},"24":{"start":{"line":191,"column":4},"end":{"line":313,"column":5}},"25":{"start":{"line":193,"column":30},"end":{"line":193,"column":69}},"26":{"start":{"line":194,"column":6},"end":{"line":196,"column":7}},"27":{"start":{"line":195,"column":8},"end":{"line":195,"column":17}},"28":{"start":{"line":198,"column":6},"end":{"line":198,"column":23}},"29":{"start":{"line":201,"column":29},"end":{"line":201,"column":53}},"30":{"start":{"line":202,"column":24},"end":{"line":202,"column":49}},"31":{"start":{"line":204,"column":6},"end":{"line":223,"column":7}},"32":{"start":{"line":206,"column":8},"end":{"line":206,"column":54}},"33":{"start":{"line":206,"column":33},"end":{"line":206,"column":52}},"34":{"start":{"line":207,"column":8},"end":{"line":208,"column":75}},"35":{"start":{"line":209,"column":13},"end":{"line":223,"column":7}},"36":{"start":{"line":211,"column":8},"end":{"line":213,"column":10}},"37":{"start":{"line":212,"column":20},"end":{"line":212,"column":67}},"38":{"start":{"line":214,"column":8},"end":{"line":214,"column":41}},"39":{"start":{"line":217,"column":8},"end":{"line":221,"column":10}},"40":{"start":{"line":219,"column":12},"end":{"line":220,"column":51}},"41":{"start":{"line":222,"column":8},"end":{"line":222,"column":41}},"42":{"start":{"line":226,"column":29},"end":{"line":238,"column":8}},"43":{"start":{"line":241,"column":26},"end":{"line":241,"column":31}},"44":{"start":{"line":243,"column":6},"end":{"line":285,"column":7}},"45":{"start":{"line":244,"column":8},"end":{"line":260,"column":9}},"46":{"start":{"line":245,"column":25},"end":{"line":247,"column":null}},"47":{"start":{"line":249,"column":29},"end":{"line":252,"column":null}},"48":{"start":{"line":254,"column":10},"end":{"line":254,"column":44}},"49":{"start":{"line":255,"column":10},"end":{"line":257,"column":11}},"50":{"start":{"line":256,"column":12},"end":{"line":256,"column":29}},"51":{"start":{"line":259,"column":10},"end":{"line":259,"column":32}},"52":{"start":{"line":261,"column":13},"end":{"line":285,"column":7}},"53":{"start":{"line":262,"column":8},"end":{"line":262,"column":30}},"54":{"start":{"line":263,"column":8},"end":{"line":263,"column":25}},"55":{"start":{"line":264,"column":8},"end":{"line":277,"column":9}},"56":{"start":{"line":265,"column":10},"end":{"line":273,"column":13}},"57":{"start":{"line":268,"column":14},"end":{"line":270,"column":16}},"58":{"start":{"line":274,"column":10},"end":{"line":274,"column":74}},"59":{"start":{"line":279,"column":34},"end":{"line":279,"column":62}},"60":{"start":{"line":280,"column":32},"end":{"line":280,"column":65}},"61":{"start":{"line":281,"column":8},"end":{"line":284,"column":34}},"62":{"start":{"line":287,"column":6},"end":{"line":312,"column":7}},"63":{"start":{"line":288,"column":8},"end":{"line":288,"column":23}},"64":{"start":{"line":289,"column":8},"end":{"line":294,"column":11}},"65":{"start":{"line":296,"column":8},"end":{"line":296,"column":23}},"66":{"start":{"line":297,"column":8},"end":{"line":302,"column":11}},"67":{"start":{"line":305,"column":8},"end":{"line":311,"column":9}},"68":{"start":{"line":307,"column":10},"end":{"line":307,"column":68}},"69":{"start":{"line":308,"column":15},"end":{"line":311,"column":9}},"70":{"start":{"line":310,"column":10},"end":{"line":310,"column":70}},"71":{"start":{"line":316,"column":23},"end":{"line":316,"column":24}},"72":{"start":{"line":317,"column":24},"end":{"line":317,"column":25}},"73":{"start":{"line":318,"column":25},"end":{"line":340,"column":6}},"74":{"start":{"line":319,"column":23},"end":{"line":319,"column":42}},"75":{"start":{"line":320,"column":22},"end":{"line":320,"column":66}},"76":{"start":{"line":320,"column":49},"end":{"line":320,"column":58}},"77":{"start":{"line":321,"column":6},"end":{"line":321,"column":32}},"78":{"start":{"line":322,"column":6},"end":{"line":322,"column":30}},"79":{"start":{"line":325,"column":8},"end":{"line":325,"column":72}},"80":{"start":{"line":326,"column":66},"end":{"line":326,"column":78}},"81":{"start":{"line":328,"column":6},"end":{"line":332,"column":7}},"82":{"start":{"line":329,"column":8},"end":{"line":329,"column":36}},"83":{"start":{"line":330,"column":13},"end":{"line":332,"column":7}},"84":{"start":{"line":331,"column":8},"end":{"line":331,"column":34}},"85":{"start":{"line":334,"column":6},"end":{"line":339,"column":8}},"86":{"start":{"line":343,"column":6},"end":{"line":345,"column":13}},"87":{"start":{"line":347,"column":41},"end":{"line":356,"column":6}},"88":{"start":{"line":358,"column":4},"end":{"line":358,"column":30}},"89":{"start":{"line":359,"column":4},"end":{"line":361,"column":5}},"90":{"start":{"line":360,"column":6},"end":{"line":360,"column":27}},"91":{"start":{"line":363,"column":4},"end":{"line":363,"column":41}},"92":{"start":{"line":364,"column":4},"end":{"line":364,"column":18}},"93":{"start":{"line":371,"column":4},"end":{"line":371,"column":29}},"94":{"start":{"line":378,"column":4},"end":{"line":378,"column":25}},"95":{"start":{"line":379,"column":4},"end":{"line":379,"column":22}},"96":{"start":{"line":380,"column":4},"end":{"line":380,"column":24}},"97":{"start":{"line":381,"column":4},"end":{"line":381,"column":35}},"98":{"start":{"line":48,"column":0},"end":{"line":48,"column":13}}},"fnMap":{"0":{"name":"(anonymous_0)","decl":{"start":{"line":120,"column":2},"end":{"line":120,"column":null}},"loc":{"start":{"line":120,"column":2},"end":{"line":123,"column":3}}},"1":{"name":"(anonymous_1)","decl":{"start":{"line":128,"column":10},"end":{"line":128,"column":33}},"loc":{"start":{"line":128,"column":33},"end":{"line":149,"column":3}}},"2":{"name":"(anonymous_2)","decl":{"start":{"line":154,"column":9},"end":{"line":154,"column":22}},"loc":{"start":{"line":154,"column":67},"end":{"line":162,"column":3}}},"3":{"name":"(anonymous_3)","decl":{"start":{"line":167,"column":9},"end":{"line":167,"column":20}},"loc":{"start":{"line":167,"column":31},"end":{"line":169,"column":3}}},"4":{"name":"(anonymous_4)","decl":{"start":{"line":174,"column":9},"end":{"line":174,"column":18}},"loc":{"start":{"line":174,"column":18},"end":{"line":176,"column":3}}},"5":{"name":"(anonymous_5)","decl":{"start":{"line":181,"column":9},"end":{"line":181,"column":13}},"loc":{"start":{"line":181,"column":33},"end":{"line":365,"column":3}}},"6":{"name":"(anonymous_6)","decl":{"start":{"line":206,"column":23},"end":{"line":206,"column":24}},"loc":{"start":{"line":206,"column":33},"end":{"line":206,"column":52}}},"7":{"name":"(anonymous_7)","decl":{"start":{"line":212,"column":10},"end":{"line":212,"column":11}},"loc":{"start":{"line":212,"column":20},"end":{"line":212,"column":67}}},"8":{"name":"(anonymous_8)","decl":{"start":{"line":218,"column":10},"end":{"line":218,"column":11}},"loc":{"start":{"line":219,"column":12},"end":{"line":220,"column":51}}},"9":{"name":"(anonymous_9)","decl":{"start":{"line":267,"column":21},"end":{"line":267,"column":26}},"loc":{"start":{"line":267,"column":32},"end":{"line":271,"column":13}}},"10":{"name":"(anonymous_10)","decl":{"start":{"line":274,"column":64},"end":{"line":274,"column":67}},"loc":{"start":{"line":274,"column":69},"end":{"line":274,"column":72}}},"11":{"name":"(anonymous_11)","decl":{"start":{"line":318,"column":39},"end":{"line":318,"column":40}},"loc":{"start":{"line":318,"column":49},"end":{"line":340,"column":5}}},"12":{"name":"(anonymous_12)","decl":{"start":{"line":320,"column":42},"end":{"line":320,"column":43}},"loc":{"start":{"line":320,"column":49},"end":{"line":320,"column":58}}},"13":{"name":"(anonymous_13)","decl":{"start":{"line":370,"column":9},"end":{"line":370,"column":19}},"loc":{"start":{"line":370,"column":19},"end":{"line":372,"column":3}}},"14":{"name":"(anonymous_14)","decl":{"start":{"line":377,"column":9},"end":{"line":377,"column":14}},"loc":{"start":{"line":377,"column":14},"end":{"line":382,"column":3}}}},"branchMap":{"0":{"loc":{"start":{"line":193,"column":30},"end":{"line":193,"column":69}},"type":"cond-expr","locations":[{"start":{"line":193,"column":60},"end":{"line":193,"column":63}},{"start":{"line":193,"column":66},"end":{"line":193,"column":69}}]},"1":{"loc":{"start":{"line":194,"column":6},"end":{"line":196,"column":7}},"type":"if","locations":[{"start":{"line":194,"column":6},"end":{"line":196,"column":7}}]},"2":{"loc":{"start":{"line":204,"column":6},"end":{"line":223,"column":7}},"type":"if","locations":[{"start":{"line":204,"column":6},"end":{"line":223,"column":7}},{"start":{"line":209,"column":13},"end":{"line":223,"column":7}}]},"3":{"loc":{"start":{"line":208,"column":10},"end":{"line":208,"column":74}},"type":"cond-expr","locations":[{"start":{"line":208,"column":45},"end":{"line":208,"column":58}},{"start":{"line":208,"column":61},"end":{"line":208,"column":74}}]},"4":{"loc":{"start":{"line":209,"column":13},"end":{"line":223,"column":7}},"type":"if","locations":[{"start":{"line":209,"column":13},"end":{"line":223,"column":7}},{"start":{"line":215,"column":13},"end":{"line":223,"column":7}}]},"5":{"loc":{"start":{"line":243,"column":6},"end":{"line":285,"column":7}},"type":"if","locations":[{"start":{"line":243,"column":6},"end":{"line":285,"column":7}},{"start":{"line":261,"column":13},"end":{"line":285,"column":7}}]},"6":{"loc":{"start":{"line":255,"column":10},"end":{"line":257,"column":11}},"type":"if","locations":[{"start":{"line":255,"column":10},"end":{"line":257,"column":11}}]},"7":{"loc":{"start":{"line":261,"column":13},"end":{"line":285,"column":7}},"type":"if","locations":[{"start":{"line":261,"column":13},"end":{"line":285,"column":7}},{"start":{"line":278,"column":13},"end":{"line":285,"column":7}}]},"8":{"loc":{"start":{"line":282,"column":10},"end":{"line":284,"column":33}},"type":"binary-expr","locations":[{"start":{"line":282,"column":10},"end":{"line":282,"column":35}},{"start":{"line":283,"column":10},"end":{"line":283,"column":42}},{"start":{"line":284,"column":10},"end":{"line":284,"column":33}}]},"9":{"loc":{"start":{"line":287,"column":6},"end":{"line":312,"column":7}},"type":"if","locations":[{"start":{"line":287,"column":6},"end":{"line":312,"column":7}},{"start":{"line":295,"column":13},"end":{"line":312,"column":7}}]},"10":{"loc":{"start":{"line":305,"column":8},"end":{"line":311,"column":9}},"type":"if","locations":[{"start":{"line":305,"column":8},"end":{"line":311,"column":9}},{"start":{"line":308,"column":15},"end":{"line":311,"column":9}}]},"11":{"loc":{"start":{"line":308,"column":15},"end":{"line":311,"column":9}},"type":"if","locations":[{"start":{"line":308,"column":15},"end":{"line":311,"column":9}}]},"12":{"loc":{"start":{"line":325,"column":8},"end":{"line":325,"column":72}},"type":"cond-expr","locations":[{"start":{"line":325,"column":23},"end":{"line":325,"column":66}},{"start":{"line":325,"column":69},"end":{"line":325,"column":72}}]},"13":{"loc":{"start":{"line":328,"column":6},"end":{"line":332,"column":7}},"type":"if","locations":[{"start":{"line":328,"column":6},"end":{"line":332,"column":7}},{"start":{"line":330,"column":13},"end":{"line":332,"column":7}}]},"14":{"loc":{"start":{"line":330,"column":13},"end":{"line":332,"column":7}},"type":"if","locations":[{"start":{"line":330,"column":13},"end":{"line":332,"column":7}}]},"15":{"loc":{"start":{"line":343,"column":6},"end":{"line":345,"column":13}},"type":"cond-expr","locations":[{"start":{"line":344,"column":10},"end":{"line":344,"column":63}},{"start":{"line":345,"column":10},"end":{"line":345,"column":13}}]},"16":{"loc":{"start":{"line":359,"column":4},"end":{"line":361,"column":5}},"type":"if","locations":[{"start":{"line":359,"column":4},"end":{"line":361,"column":5}}]}},"s":{"0":9,"1":9,"2":32,"3":32,"4":32,"5":32,"6":32,"7":32,"8":32,"9":33,"10":33,"11":33,"12":100,"13":100,"14":100,"15":0,"16":6,"17":2,"18":2,"19":2,"20":2,"21":2,"22":2,"23":2,"24":2,"25":6,"26":6,"27":0,"28":6,"29":6,"30":6,"31":6,"32":2,"33":34,"34":2,"35":4,"36":2,"37":30,"38":2,"39":2,"40":32,"41":2,"42":6,"43":6,"44":6,"45":1,"46":1,"47":1,"48":1,"49":1,"50":0,"51":0,"52":5,"53":0,"54":0,"55":0,"56":0,"57":0,"58":0,"59":5,"60":5,"61":5,"62":6,"63":6,"64":6,"65":0,"66":0,"67":0,"68":0,"69":0,"70":0,"71":2,"72":2,"73":2,"74":6,"75":6,"76":6,"77":6,"78":6,"79":6,"80":6,"81":6,"82":6,"83":0,"84":0,"85":6,"86":2,"87":2,"88":2,"89":2,"90":0,"91":2,"92":2,"93":3,"94":1,"95":1,"96":1,"97":1,"98":9},"f":{"0":32,"1":33,"2":100,"3":0,"4":6,"5":2,"6":34,"7":30,"8":32,"9":0,"10":0,"11":6,"12":6,"13":3,"14":1},"b":{"0":[2,4],"1":[0],"2":[2,4],"3":[1,1],"4":[2,2],"5":[1,5],"6":[0],"7":[0,5],"8":[5,5,5],"9":[6,0],"10":[0,0],"11":[0],"12":[6,0],"13":[6,0],"14":[0],"15":[2,0],"16":[0]}}
,"/root/.gemini/antigravity-cli/scratch/Quantum-Flow-OS/src/core/BuddhistEthicsEngine.ts": {"path":"/root/.gemini/antigravity-cli/scratch/Quantum-Flow-OS/src/core/BuddhistEthicsEngine.ts","statementMap":{"0":{"start":{"line":19,"column":0},"end":{"line":19,"column":45}},"1":{"start":{"line":20,"column":0},"end":{"line":20,"column":36}},"2":{"start":{"line":40,"column":52},"end":{"line":40,"column":54}},"3":{"start":{"line":41,"column":26},"end":{"line":41,"column":27}},"4":{"start":{"line":45,"column":4},"end":{"line":45,"column":12}},"5":{"start":{"line":46,"column":4},"end":{"line":46,"column":56}},"6":{"start":{"line":53,"column":31},"end":{"line":53,"column":33}},"7":{"start":{"line":54,"column":17},"end":{"line":54,"column":42}},"8":{"start":{"line":55,"column":17},"end":{"line":55,"column":49}},"9":{"start":{"line":58,"column":22},"end":{"line":58,"column":24}},"10":{"start":{"line":60,"column":4},"end":{"line":66,"column":5}},"11":{"start":{"line":61,"column":6},"end":{"line":61,"column":24}},"12":{"start":{"line":62,"column":6},"end":{"line":62,"column":104}},"13":{"start":{"line":63,"column":11},"end":{"line":66,"column":5}},"14":{"start":{"line":64,"column":6},"end":{"line":64,"column":24}},"15":{"start":{"line":65,"column":6},"end":{"line":65,"column":98}},"16":{"start":{"line":68,"column":4},"end":{"line":73,"column":5}},"17":{"start":{"line":69,"column":6},"end":{"line":69,"column":24}},"18":{"start":{"line":70,"column":6},"end":{"line":70,"column":93}},"19":{"start":{"line":71,"column":11},"end":{"line":73,"column":5}},"20":{"start":{"line":72,"column":6},"end":{"line":72,"column":24}},"21":{"start":{"line":75,"column":4},"end":{"line":80,"column":5}},"22":{"start":{"line":76,"column":6},"end":{"line":79,"column":7}},"23":{"start":{"line":77,"column":8},"end":{"line":77,"column":58}},"24":{"start":{"line":78,"column":8},"end":{"line":78,"column":120}},"25":{"start":{"line":83,"column":4},"end":{"line":85,"column":5}},"26":{"start":{"line":84,"column":6},"end":{"line":84,"column":24}},"27":{"start":{"line":86,"column":4},"end":{"line":88,"column":5}},"28":{"start":{"line":87,"column":6},"end":{"line":87,"column":24}},"29":{"start":{"line":90,"column":4},"end":{"line":90,"column":58}},"30":{"start":{"line":93,"column":22},"end":{"line":93,"column":24}},"31":{"start":{"line":94,"column":4},"end":{"line":99,"column":5}},"32":{"start":{"line":97,"column":6},"end":{"line":97,"column":24}},"33":{"start":{"line":98,"column":6},"end":{"line":98,"column":108}},"34":{"start":{"line":100,"column":4},"end":{"line":103,"column":5}},"35":{"start":{"line":102,"column":6},"end":{"line":102,"column":24}},"36":{"start":{"line":104,"column":4},"end":{"line":106,"column":5}},"37":{"start":{"line":105,"column":6},"end":{"line":105,"column":24}},"38":{"start":{"line":107,"column":4},"end":{"line":110,"column":5}},"39":{"start":{"line":108,"column":6},"end":{"line":108,"column":24}},"40":{"start":{"line":109,"column":6},"end":{"line":109,"column":98}},"41":{"start":{"line":112,"column":4},"end":{"line":112,"column":58}},"42":{"start":{"line":115,"column":21},"end":{"line":115,"column":23}},"43":{"start":{"line":116,"column":4},"end":{"line":121,"column":5}},"44":{"start":{"line":117,"column":6},"end":{"line":117,"column":23}},"45":{"start":{"line":118,"column":6},"end":{"line":118,"column":102}},"46":{"start":{"line":120,"column":6},"end":{"line":120,"column":23}},"47":{"start":{"line":123,"column":4},"end":{"line":125,"column":5}},"48":{"start":{"line":124,"column":6},"end":{"line":124,"column":23}},"49":{"start":{"line":126,"column":4},"end":{"line":128,"column":5}},"50":{"start":{"line":127,"column":6},"end":{"line":127,"column":23}},"51":{"start":{"line":129,"column":4},"end":{"line":131,"column":5}},"52":{"start":{"line":130,"column":6},"end":{"line":130,"column":23}},"53":{"start":{"line":133,"column":4},"end":{"line":133,"column":56}},"54":{"start":{"line":136,"column":25},"end":{"line":136,"column":27}},"55":{"start":{"line":139,"column":4},"end":{"line":149,"column":5}},"56":{"start":{"line":140,"column":19},"end":{"line":140,"column":41}},"57":{"start":{"line":143,"column":6},"end":{"line":148,"column":7}},"58":{"start":{"line":144,"column":8},"end":{"line":144,"column":29}},"59":{"start":{"line":145,"column":8},"end":{"line":145,"column":125}},"60":{"start":{"line":146,"column":13},"end":{"line":148,"column":7}},"61":{"start":{"line":147,"column":8},"end":{"line":147,"column":29}},"62":{"start":{"line":151,"column":4},"end":{"line":154,"column":5}},"63":{"start":{"line":152,"column":6},"end":{"line":152,"column":27}},"64":{"start":{"line":153,"column":6},"end":{"line":153,"column":113}},"65":{"start":{"line":155,"column":4},"end":{"line":157,"column":5}},"66":{"start":{"line":156,"column":6},"end":{"line":156,"column":27}},"67":{"start":{"line":159,"column":4},"end":{"line":159,"column":64}},"68":{"start":{"line":162,"column":27},"end":{"line":162,"column":29}},"69":{"start":{"line":163,"column":4},"end":{"line":166,"column":5}},"70":{"start":{"line":164,"column":6},"end":{"line":164,"column":29}},"71":{"start":{"line":165,"column":6},"end":{"line":165,"column":113}},"72":{"start":{"line":167,"column":4},"end":{"line":169,"column":5}},"73":{"start":{"line":168,"column":6},"end":{"line":168,"column":29}},"74":{"start":{"line":170,"column":4},"end":{"line":173,"column":5}},"75":{"start":{"line":171,"column":6},"end":{"line":171,"column":29}},"76":{"start":{"line":172,"column":6},"end":{"line":172,"column":119}},"77":{"start":{"line":175,"column":4},"end":{"line":175,"column":68}},"78":{"start":{"line":179,"column":22},"end":{"line":179,"column":84}},"79":{"start":{"line":182,"column":4},"end":{"line":186,"column":5}},"80":{"start":{"line":183,"column":6},"end":{"line":183,"column":106}},"81":{"start":{"line":184,"column":11},"end":{"line":186,"column":5}},"82":{"start":{"line":185,"column":6},"end":{"line":185,"column":123}},"83":{"start":{"line":188,"column":4},"end":{"line":188,"column":56}},"84":{"start":{"line":192,"column":23},"end":{"line":192,"column":46}},"85":{"start":{"line":193,"column":4},"end":{"line":193,"column":37}},"86":{"start":{"line":195,"column":4},"end":{"line":195,"column":77}},"87":{"start":{"line":198,"column":77},"end":{"line":198,"column":86}},"88":{"start":{"line":199,"column":27},"end":{"line":199,"column":129}},"89":{"start":{"line":201,"column":4},"end":{"line":209,"column":5}},"90":{"start":{"line":202,"column":6},"end":{"line":202,"column":32}},"91":{"start":{"line":203,"column":11},"end":{"line":209,"column":5}},"92":{"start":{"line":204,"column":6},"end":{"line":204,"column":28}},"93":{"start":{"line":205,"column":11},"end":{"line":209,"column":5}},"94":{"start":{"line":206,"column":6},"end":{"line":206,"column":28}},"95":{"start":{"line":208,"column":6},"end":{"line":208,"column":34}},"96":{"start":{"line":211,"column":43},"end":{"line":224,"column":6}},"97":{"start":{"line":226,"column":4},"end":{"line":226,"column":44}},"98":{"start":{"line":227,"column":4},"end":{"line":229,"column":5}},"99":{"start":{"line":228,"column":6},"end":{"line":228,"column":37}},"100":{"start":{"line":231,"column":4},"end":{"line":231,"column":49}},"101":{"start":{"line":232,"column":4},"end":{"line":232,"column":22}},"102":{"start":{"line":236,"column":4},"end":{"line":236,"column":34}},"103":{"start":{"line":240,"column":4},"end":{"line":242,"column":13}},"104":{"start":{"line":246,"column":4},"end":{"line":246,"column":30}},"105":{"start":{"line":250,"column":4},"end":{"line":250,"column":27}},"106":{"start":{"line":39,"column":0},"end":{"line":39,"column":13}}},"fnMap":{"0":{"name":"(anonymous_0)","decl":{"start":{"line":44,"column":2},"end":{"line":44,"column":14}},"loc":{"start":{"line":44,"column":55},"end":{"line":47,"column":3}}},"1":{"name":"(anonymous_1)","decl":{"start":{"line":52,"column":9},"end":{"line":52,"column":23}},"loc":{"start":{"line":52,"column":66},"end":{"line":233,"column":3}}},"2":{"name":"(anonymous_2)","decl":{"start":{"line":235,"column":9},"end":{"line":235,"column":29}},"loc":{"start":{"line":235,"column":29},"end":{"line":237,"column":3}}},"3":{"name":"(anonymous_3)","decl":{"start":{"line":239,"column":9},"end":{"line":239,"column":28}},"loc":{"start":{"line":239,"column":28},"end":{"line":243,"column":3}}},"4":{"name":"(anonymous_4)","decl":{"start":{"line":245,"column":9},"end":{"line":245,"column":25}},"loc":{"start":{"line":245,"column":25},"end":{"line":247,"column":3}}},"5":{"name":"(anonymous_5)","decl":{"start":{"line":249,"column":9},"end":{"line":249,"column":27}},"loc":{"start":{"line":249,"column":27},"end":{"line":251,"column":3}}}},"branchMap":{"0":{"loc":{"start":{"line":44,"column":14},"end":{"line":44,"column":55}},"type":"default-arg","locations":[{"start":{"line":44,"column":53},"end":{"line":44,"column":55}}]},"1":{"loc":{"start":{"line":46,"column":26},"end":{"line":46,"column":55}},"type":"binary-expr","locations":[{"start":{"line":46,"column":26},"end":{"line":46,"column":48}},{"start":{"line":46,"column":52},"end":{"line":46,"column":55}}]},"2":{"loc":{"start":{"line":52,"column":40},"end":{"line":52,"column":66}},"type":"default-arg","locations":[{"start":{"line":52,"column":64},"end":{"line":52,"column":66}}]},"3":{"loc":{"start":{"line":60,"column":4},"end":{"line":66,"column":5}},"type":"if","locations":[{"start":{"line":60,"column":4},"end":{"line":66,"column":5}},{"start":{"line":63,"column":11},"end":{"line":66,"column":5}}]},"4":{"loc":{"start":{"line":60,"column":8},"end":{"line":60,"column":149}},"type":"binary-expr","locations":[{"start":{"line":60,"column":8},"end":{"line":60,"column":31}},{"start":{"line":60,"column":35},"end":{"line":60,"column":61}},{"start":{"line":60,"column":65},"end":{"line":60,"column":87}},{"start":{"line":60,"column":91},"end":{"line":60,"column":121}},{"start":{"line":60,"column":125},"end":{"line":60,"column":149}}]},"5":{"loc":{"start":{"line":63,"column":11},"end":{"line":66,"column":5}},"type":"if","locations":[{"start":{"line":63,"column":11},"end":{"line":66,"column":5}}]},"6":{"loc":{"start":{"line":63,"column":15},"end":{"line":63,"column":177}},"type":"binary-expr","locations":[{"start":{"line":63,"column":15},"end":{"line":63,"column":38}},{"start":{"line":63,"column":42},"end":{"line":63,"column":64}},{"start":{"line":63,"column":68},"end":{"line":63,"column":93}},{"start":{"line":63,"column":97},"end":{"line":63,"column":120}},{"start":{"line":63,"column":124},"end":{"line":63,"column":148}},{"start":{"line":63,"column":152},"end":{"line":63,"column":177}}]},"7":{"loc":{"start":{"line":68,"column":4},"end":{"line":73,"column":5}},"type":"if","locations":[{"start":{"line":68,"column":4},"end":{"line":73,"column":5}},{"start":{"line":71,"column":11},"end":{"line":73,"column":5}}]},"8":{"loc":{"start":{"line":68,"column":8},"end":{"line":68,"column":141}},"type":"binary-expr","locations":[{"start":{"line":68,"column":8},"end":{"line":68,"column":32}},{"start":{"line":68,"column":36},"end":{"line":68,"column":61}},{"start":{"line":68,"column":65},"end":{"line":68,"column":91}},{"start":{"line":68,"column":95},"end":{"line":68,"column":116}},{"start":{"line":68,"column":120},"end":{"line":68,"column":141}}]},"9":{"loc":{"start":{"line":71,"column":11},"end":{"line":73,"column":5}},"type":"if","locations":[{"start":{"line":71,"column":11},"end":{"line":73,"column":5}}]},"10":{"loc":{"start":{"line":71,"column":15},"end":{"line":71,"column":100}},"type":"binary-expr","locations":[{"start":{"line":71,"column":15},"end":{"line":71,"column":41}},{"start":{"line":71,"column":45},"end":{"line":71,"column":68}},{"start":{"line":71,"column":72},"end":{"line":71,"column":100}}]},"11":{"loc":{"start":{"line":75,"column":4},"end":{"line":80,"column":5}},"type":"if","locations":[{"start":{"line":75,"column":4},"end":{"line":80,"column":5}}]},"12":{"loc":{"start":{"line":76,"column":6},"end":{"line":79,"column":7}},"type":"if","locations":[{"start":{"line":76,"column":6},"end":{"line":79,"column":7}}]},"13":{"loc":{"start":{"line":76,"column":10},"end":{"line":76,"column":151}},"type":"binary-expr","locations":[{"start":{"line":76,"column":10},"end":{"line":76,"column":33}},{"start":{"line":76,"column":37},"end":{"line":76,"column":63}},{"start":{"line":76,"column":67},"end":{"line":76,"column":89}},{"start":{"line":76,"column":93},"end":{"line":76,"column":123}},{"start":{"line":76,"column":127},"end":{"line":76,"column":151}}]},"14":{"loc":{"start":{"line":83,"column":4},"end":{"line":85,"column":5}},"type":"if","locations":[{"start":{"line":83,"column":4},"end":{"line":85,"column":5}}]},"15":{"loc":{"start":{"line":83,"column":8},"end":{"line":83,"column":111}},"type":"binary-expr","locations":[{"start":{"line":83,"column":8},"end":{"line":83,"column":29}},{"start":{"line":83,"column":33},"end":{"line":83,"column":56}},{"start":{"line":83,"column":60},"end":{"line":83,"column":84}},{"start":{"line":83,"column":88},"end":{"line":83,"column":111}}]},"16":{"loc":{"start":{"line":86,"column":4},"end":{"line":88,"column":5}},"type":"if","locations":[{"start":{"line":86,"column":4},"end":{"line":88,"column":5}}]},"17":{"loc":{"start":{"line":86,"column":8},"end":{"line":86,"column":119}},"type":"binary-expr","locations":[{"start":{"line":86,"column":8},"end":{"line":86,"column":33}},{"start":{"line":86,"column":37},"end":{"line":86,"column":60}},{"start":{"line":86,"column":64},"end":{"line":86,"column":89}},{"start":{"line":86,"column":93},"end":{"line":86,"column":119}}]},"18":{"loc":{"start":{"line":94,"column":4},"end":{"line":99,"column":5}},"type":"if","locations":[{"start":{"line":94,"column":4},"end":{"line":99,"column":5}}]},"19":{"loc":{"start":{"line":94,"column":8},"end":{"line":96,"column":90}},"type":"binary-expr","locations":[{"start":{"line":94,"column":8},"end":{"line":94,"column":31}},{"start":{"line":94,"column":35},"end":{"line":94,"column":60}},{"start":{"line":94,"column":64},"end":{"line":94,"column":87}},{"start":{"line":94,"column":91},"end":{"line":94,"column":112}},{"start":{"line":94,"column":116},"end":{"line":94,"column":139}},{"start":{"line":94,"column":143},"end":{"line":94,"column":167}},{"start":{"line":95,"column":8},"end":{"line":95,"column":31}},{"start":{"line":95,"column":35},"end":{"line":95,"column":60}},{"start":{"line":95,"column":64},"end":{"line":95,"column":87}},{"start":{"line":95,"column":91},"end":{"line":95,"column":112}},{"start":{"line":95,"column":116},"end":{"line":95,"column":139}},{"start":{"line":95,"column":143},"end":{"line":95,"column":167}},{"start":{"line":96,"column":8},"end":{"line":96,"column":34}},{"start":{"line":96,"column":38},"end":{"line":96,"column":62}},{"start":{"line":96,"column":66},"end":{"line":96,"column":90}}]},"20":{"loc":{"start":{"line":100,"column":4},"end":{"line":103,"column":5}},"type":"if","locations":[{"start":{"line":100,"column":4},"end":{"line":103,"column":5}}]},"21":{"loc":{"start":{"line":100,"column":8},"end":{"line":101,"column":147}},"type":"binary-expr","locations":[{"start":{"line":100,"column":8},"end":{"line":100,"column":34}},{"start":{"line":100,"column":38},"end":{"line":100,"column":63}},{"start":{"line":100,"column":67},"end":{"line":100,"column":96}},{"start":{"line":100,"column":100},"end":{"line":100,"column":122}},{"start":{"line":100,"column":126},"end":{"line":100,"column":147}},{"start":{"line":101,"column":8},"end":{"line":101,"column":34}},{"start":{"line":101,"column":38},"end":{"line":101,"column":63}},{"start":{"line":101,"column":67},"end":{"line":101,"column":96}},{"start":{"line":101,"column":100},"end":{"line":101,"column":122}},{"start":{"line":101,"column":126},"end":{"line":101,"column":147}}]},"22":{"loc":{"start":{"line":104,"column":4},"end":{"line":106,"column":5}},"type":"if","locations":[{"start":{"line":104,"column":4},"end":{"line":106,"column":5}}]},"23":{"loc":{"start":{"line":104,"column":8},"end":{"line":104,"column":147}},"type":"binary-expr","locations":[{"start":{"line":104,"column":8},"end":{"line":104,"column":37}},{"start":{"line":104,"column":41},"end":{"line":104,"column":67}},{"start":{"line":104,"column":71},"end":{"line":104,"column":92}},{"start":{"line":104,"column":96},"end":{"line":104,"column":120}},{"start":{"line":104,"column":124},"end":{"line":104,"column":147}}]},"24":{"loc":{"start":{"line":107,"column":4},"end":{"line":110,"column":5}},"type":"if","locations":[{"start":{"line":107,"column":4},"end":{"line":110,"column":5}}]},"25":{"loc":{"start":{"line":107,"column":8},"end":{"line":107,"column":120}},"type":"binary-expr","locations":[{"start":{"line":107,"column":8},"end":{"line":107,"column":32}},{"start":{"line":107,"column":36},"end":{"line":107,"column":64}},{"start":{"line":107,"column":68},"end":{"line":107,"column":92}},{"start":{"line":107,"column":96},"end":{"line":107,"column":120}}]},"26":{"loc":{"start":{"line":116,"column":4},"end":{"line":121,"column":5}},"type":"if","locations":[{"start":{"line":116,"column":4},"end":{"line":121,"column":5}},{"start":{"line":119,"column":11},"end":{"line":121,"column":5}}]},"27":{"loc":{"start":{"line":123,"column":4},"end":{"line":125,"column":5}},"type":"if","locations":[{"start":{"line":123,"column":4},"end":{"line":125,"column":5}}]},"28":{"loc":{"start":{"line":123,"column":8},"end":{"line":123,"column":145}},"type":"binary-expr","locations":[{"start":{"line":123,"column":8},"end":{"line":123,"column":34}},{"start":{"line":123,"column":38},"end":{"line":123,"column":60}},{"start":{"line":123,"column":64},"end":{"line":123,"column":89}},{"start":{"line":123,"column":93},"end":{"line":123,"column":115}},{"start":{"line":123,"column":119},"end":{"line":123,"column":145}}]},"29":{"loc":{"start":{"line":126,"column":4},"end":{"line":128,"column":5}},"type":"if","locations":[{"start":{"line":126,"column":4},"end":{"line":128,"column":5}}]},"30":{"loc":{"start":{"line":126,"column":8},"end":{"line":126,"column":121}},"type":"binary-expr","locations":[{"start":{"line":126,"column":8},"end":{"line":126,"column":33}},{"start":{"line":126,"column":37},"end":{"line":126,"column":64}},{"start":{"line":126,"column":68},"end":{"line":126,"column":92}},{"start":{"line":126,"column":96},"end":{"line":126,"column":121}}]},"31":{"loc":{"start":{"line":129,"column":4},"end":{"line":131,"column":5}},"type":"if","locations":[{"start":{"line":129,"column":4},"end":{"line":131,"column":5}}]},"32":{"loc":{"start":{"line":129,"column":8},"end":{"line":129,"column":120}},"type":"binary-expr","locations":[{"start":{"line":129,"column":8},"end":{"line":129,"column":30}},{"start":{"line":129,"column":34},"end":{"line":129,"column":59}},{"start":{"line":129,"column":63},"end":{"line":129,"column":91}},{"start":{"line":129,"column":95},"end":{"line":129,"column":120}}]},"33":{"loc":{"start":{"line":139,"column":4},"end":{"line":149,"column":5}},"type":"if","locations":[{"start":{"line":139,"column":4},"end":{"line":149,"column":5}}]},"34":{"loc":{"start":{"line":139,"column":8},"end":{"line":139,"column":62}},"type":"binary-expr","locations":[{"start":{"line":139,"column":8},"end":{"line":139,"column":23}},{"start":{"line":139,"column":27},"end":{"line":139,"column":62}}]},"35":{"loc":{"start":{"line":143,"column":6},"end":{"line":148,"column":7}},"type":"if","locations":[{"start":{"line":143,"column":6},"end":{"line":148,"column":7}},{"start":{"line":146,"column":13},"end":{"line":148,"column":7}}]},"36":{"loc":{"start":{"line":143,"column":10},"end":{"line":143,"column":126}},"type":"binary-expr","locations":[{"start":{"line":143,"column":10},"end":{"line":143,"column":25}},{"start":{"line":143,"column":29},"end":{"line":143,"column":44}},{"start":{"line":143,"column":48},"end":{"line":143,"column":66}},{"start":{"line":143,"column":70},"end":{"line":143,"column":89}},{"start":{"line":143,"column":93},"end":{"line":143,"column":108}},{"start":{"line":143,"column":112},"end":{"line":143,"column":126}}]},"37":{"loc":{"start":{"line":146,"column":13},"end":{"line":148,"column":7}},"type":"if","locations":[{"start":{"line":146,"column":13},"end":{"line":148,"column":7}}]},"38":{"loc":{"start":{"line":146,"column":17},"end":{"line":146,"column":66}},"type":"binary-expr","locations":[{"start":{"line":146,"column":17},"end":{"line":146,"column":26}},{"start":{"line":146,"column":30},"end":{"line":146,"column":46}},{"start":{"line":146,"column":50},"end":{"line":146,"column":66}}]},"39":{"loc":{"start":{"line":151,"column":4},"end":{"line":154,"column":5}},"type":"if","locations":[{"start":{"line":151,"column":4},"end":{"line":154,"column":5}}]},"40":{"loc":{"start":{"line":151,"column":8},"end":{"line":151,"column":151}},"type":"binary-expr","locations":[{"start":{"line":151,"column":8},"end":{"line":151,"column":37}},{"start":{"line":151,"column":41},"end":{"line":151,"column":65}},{"start":{"line":151,"column":69},"end":{"line":151,"column":94}},{"start":{"line":151,"column":98},"end":{"line":151,"column":123}},{"start":{"line":151,"column":127},"end":{"line":151,"column":151}}]},"41":{"loc":{"start":{"line":155,"column":4},"end":{"line":157,"column":5}},"type":"if","locations":[{"start":{"line":155,"column":4},"end":{"line":157,"column":5}}]},"42":{"loc":{"start":{"line":155,"column":8},"end":{"line":155,"column":117}},"type":"binary-expr","locations":[{"start":{"line":155,"column":8},"end":{"line":155,"column":33}},{"start":{"line":155,"column":37},"end":{"line":155,"column":62}},{"start":{"line":155,"column":66},"end":{"line":155,"column":89}},{"start":{"line":155,"column":93},"end":{"line":155,"column":117}}]},"43":{"loc":{"start":{"line":163,"column":4},"end":{"line":166,"column":5}},"type":"if","locations":[{"start":{"line":163,"column":4},"end":{"line":166,"column":5}}]},"44":{"loc":{"start":{"line":163,"column":8},"end":{"line":163,"column":142}},"type":"binary-expr","locations":[{"start":{"line":163,"column":8},"end":{"line":163,"column":33}},{"start":{"line":163,"column":37},"end":{"line":163,"column":59}},{"start":{"line":163,"column":63},"end":{"line":163,"column":87}},{"start":{"line":163,"column":91},"end":{"line":163,"column":117}},{"start":{"line":163,"column":121},"end":{"line":163,"column":142}}]},"45":{"loc":{"start":{"line":167,"column":4},"end":{"line":169,"column":5}},"type":"if","locations":[{"start":{"line":167,"column":4},"end":{"line":169,"column":5}}]},"46":{"loc":{"start":{"line":167,"column":8},"end":{"line":167,"column":105}},"type":"binary-expr","locations":[{"start":{"line":167,"column":8},"end":{"line":167,"column":23}},{"start":{"line":167,"column":27},"end":{"line":167,"column":62}},{"start":{"line":167,"column":66},"end":{"line":167,"column":105}}]},"47":{"loc":{"start":{"line":170,"column":4},"end":{"line":173,"column":5}},"type":"if","locations":[{"start":{"line":170,"column":4},"end":{"line":173,"column":5}}]},"48":{"loc":{"start":{"line":170,"column":8},"end":{"line":170,"column":115}},"type":"binary-expr","locations":[{"start":{"line":170,"column":8},"end":{"line":170,"column":30}},{"start":{"line":170,"column":34},"end":{"line":170,"column":56}},{"start":{"line":170,"column":60},"end":{"line":170,"column":85}},{"start":{"line":170,"column":89},"end":{"line":170,"column":115}}]},"49":{"loc":{"start":{"line":182,"column":4},"end":{"line":186,"column":5}},"type":"if","locations":[{"start":{"line":182,"column":4},"end":{"line":186,"column":5}},{"start":{"line":184,"column":11},"end":{"line":186,"column":5}}]},"50":{"loc":{"start":{"line":184,"column":11},"end":{"line":186,"column":5}},"type":"if","locations":[{"start":{"line":184,"column":11},"end":{"line":186,"column":5}}]},"51":{"loc":{"start":{"line":201,"column":4},"end":{"line":209,"column":5}},"type":"if","locations":[{"start":{"line":201,"column":4},"end":{"line":209,"column":5}},{"start":{"line":203,"column":11},"end":{"line":209,"column":5}}]},"52":{"loc":{"start":{"line":201,"column":8},"end":{"line":201,"column":56}},"type":"binary-expr","locations":[{"start":{"line":201,"column":8},"end":{"line":201,"column":27}},{"start":{"line":201,"column":31},"end":{"line":201,"column":56}}]},"53":{"loc":{"start":{"line":203,"column":11},"end":{"line":209,"column":5}},"type":"if","locations":[{"start":{"line":203,"column":11},"end":{"line":209,"column":5}},{"start":{"line":205,"column":11},"end":{"line":209,"column":5}}]},"54":{"loc":{"start":{"line":203,"column":15},"end":{"line":203,"column":61}},"type":"binary-expr","locations":[{"start":{"line":203,"column":15},"end":{"line":203,"column":34}},{"start":{"line":203,"column":38},"end":{"line":203,"column":61}}]},"55":{"loc":{"start":{"line":205,"column":11},"end":{"line":209,"column":5}},"type":"if","locations":[{"start":{"line":205,"column":11},"end":{"line":209,"column":5}},{"start":{"line":207,"column":11},"end":{"line":209,"column":5}}]},"56":{"loc":{"start":{"line":205,"column":15},"end":{"line":205,"column":64}},"type":"binary-expr","locations":[{"start":{"line":205,"column":15},"end":{"line":205,"column":34}},{"start":{"line":205,"column":38},"end":{"line":205,"column":64}}]},"57":{"loc":{"start":{"line":227,"column":4},"end":{"line":229,"column":5}},"type":"if","locations":[{"start":{"line":227,"column":4},"end":{"line":229,"column":5}}]},"58":{"loc":{"start":{"line":240,"column":11},"end":{"line":242,"column":12}},"type":"cond-expr","locations":[{"start":{"line":241,"column":8},"end":{"line":241,"column":66}},{"start":{"line":242,"column":8},"end":{"line":242,"column":12}}]}},"s":{"0":10,"1":10,"2":36,"3":36,"4":36,"5":36,"6":28,"7":28,"8":28,"9":28,"10":28,"11":2,"12":2,"13":26,"14":0,"15":0,"16":28,"17":4,"18":4,"19":24,"20":0,"21":28,"22":3,"23":0,"24":0,"25":28,"26":0,"27":28,"28":1,"29":28,"30":28,"31":28,"32":5,"33":5,"34":28,"35":0,"36":28,"37":9,"38":28,"39":1,"40":1,"41":28,"42":28,"43":28,"44":26,"45":26,"46":2,"47":28,"48":0,"49":28,"50":0,"51":28,"52":1,"53":28,"54":28,"55":28,"56":28,"57":28,"58":1,"59":1,"60":27,"61":1,"62":28,"63":0,"64":0,"65":28,"66":0,"67":28,"68":28,"69":28,"70":0,"71":0,"72":28,"73":21,"74":28,"75":1,"76":1,"77":28,"78":28,"79":28,"80":4,"81":24,"82":2,"83":28,"84":28,"85":28,"86":28,"87":28,"88":28,"89":28,"90":0,"91":28,"92":26,"93":2,"94":2,"95":0,"96":28,"97":28,"98":28,"99":1,"100":28,"101":28,"102":3,"103":34,"104":4,"105":1,"106":10},"f":{"0":36,"1":28,"2":3,"3":34,"4":4,"5":1},"b":{"0":[35],"1":[36,35],"2":[5],"3":[2,26],"4":[28,26,26,26,26],"5":[0],"6":[26,26,26,26,26,26],"7":[4,24],"8":[28,24,24,24,24],"9":[0],"10":[24,24,24],"11":[3],"12":[0],"13":[3,3,3,3,3],"14":[0],"15":[28,28,28,28],"16":[1],"17":[28,28,28,28],"18":[5],"19":[28,28,28,28,28,28,28,28,28,28,26,26,26,26,23],"20":[0],"21":[28,28,28,28,28,28,28,28,28,28],"22":[9],"23":[28,28,28,27,27],"24":[1],"25":[28,27,27,27],"26":[26,2],"27":[0],"28":[28,28,28,28,28],"29":[0],"30":[28,28,28,28],"31":[1],"32":[28,28,28,27],"33":[28],"34":[28,28],"35":[1,27],"36":[28,27,27,27,27,27],"37":[1],"38":[27,1,1],"39":[0],"40":[28,28,28,28,28],"41":[0],"42":[28,28,28,28],"43":[0],"44":[28,28,28,28,28],"45":[21],"46":[28,28,28],"47":[1],"48":[28,27,27,27],"49":[4,24],"50":[2],"51":[0,28],"52":[28,4],"53":[26,2],"54":[28,26],"55":[2,0],"56":[2,1],"57":[1],"58":[26,8]}}
,"/root/.gemini/antigravity-cli/scratch/Quantum-Flow-OS/src/core/CareEthicsEngine.ts": {"path":"/root/.gemini/antigravity-cli/scratch/Quantum-Flow-OS/src/core/CareEthicsEngine.ts","statementMap":{"0":{"start":{"line":10,"column":0},"end":{"line":10,"column":45}},"1":{"start":{"line":11,"column":0},"end":{"line":11,"column":36}},"2":{"start":{"line":13,"column":0},"end":{"line":13,"column":90}},"3":{"start":{"line":44,"column":53},"end":{"line":44,"column":62}},"4":{"start":{"line":45,"column":48},"end":{"line":45,"column":50}},"5":{"start":{"line":49,"column":4},"end":{"line":49,"column":12}},"6":{"start":{"line":50,"column":4},"end":{"line":50,"column":56}},"7":{"start":{"line":57,"column":16},"end":{"line":57,"column":54}},"8":{"start":{"line":58,"column":14},"end":{"line":58,"column":41}},"9":{"start":{"line":60,"column":4},"end":{"line":73,"column":5}},"10":{"start":{"line":61,"column":6},"end":{"line":68,"column":8}},"11":{"start":{"line":70,"column":6},"end":{"line":70,"column":65}},"12":{"start":{"line":71,"column":6},"end":{"line":71,"column":34}},"13":{"start":{"line":72,"column":6},"end":{"line":72,"column":39}},"14":{"start":{"line":75,"column":4},"end":{"line":75,"column":37}},"15":{"start":{"line":76,"column":4},"end":{"line":76,"column":43}},"16":{"start":{"line":77,"column":4},"end":{"line":77,"column":15}},"17":{"start":{"line":84,"column":16},"end":{"line":84,"column":54}},"18":{"start":{"line":85,"column":16},"end":{"line":85,"column":43}},"19":{"start":{"line":86,"column":4},"end":{"line":86,"column":26}},"20":{"start":{"line":86,"column":14},"end":{"line":86,"column":26}},"21":{"start":{"line":88,"column":4},"end":{"line":88,"column":55}},"22":{"start":{"line":89,"column":4},"end":{"line":89,"column":37}},"23":{"start":{"line":91,"column":4},"end":{"line":91,"column":37}},"24":{"start":{"line":92,"column":4},"end":{"line":92,"column":43}},"25":{"start":{"line":93,"column":4},"end":{"line":93,"column":15}},"26":{"start":{"line":100,"column":4},"end":{"line":100,"column":51}},"27":{"start":{"line":107,"column":31},"end":{"line":107,"column":33}},"28":{"start":{"line":110,"column":34},"end":{"line":110,"column":71}},"29":{"start":{"line":113,"column":36},"end":{"line":113,"column":87}},"30":{"start":{"line":116,"column":39},"end":{"line":116,"column":105}},"31":{"start":{"line":119,"column":79},"end":{"line":119,"column":93}},"32":{"start":{"line":120,"column":4},"end":{"line":126,"column":5}},"33":{"start":{"line":121,"column":6},"end":{"line":121,"column":37}},"34":{"start":{"line":122,"column":11},"end":{"line":126,"column":5}},"35":{"start":{"line":123,"column":6},"end":{"line":123,"column":38}},"36":{"start":{"line":125,"column":6},"end":{"line":125,"column":33}},"37":{"start":{"line":129,"column":29},"end":{"line":129,"column":104}},"38":{"start":{"line":130,"column":4},"end":{"line":130,"column":95}},"39":{"start":{"line":133,"column":4},"end":{"line":138,"column":5}},"40":{"start":{"line":134,"column":32},"end":{"line":134,"column":117}},"41":{"start":{"line":134,"column":69},"end":{"line":134,"column":112}},"42":{"start":{"line":135,"column":6},"end":{"line":135,"column":213}},"43":{"start":{"line":137,"column":6},"end":{"line":137,"column":110}},"44":{"start":{"line":140,"column":4},"end":{"line":146,"column":5}},"45":{"start":{"line":141,"column":6},"end":{"line":141,"column":181}},"46":{"start":{"line":142,"column":11},"end":{"line":146,"column":5}},"47":{"start":{"line":143,"column":6},"end":{"line":143,"column":199}},"48":{"start":{"line":145,"column":6},"end":{"line":145,"column":115}},"49":{"start":{"line":148,"column":4},"end":{"line":152,"column":5}},"50":{"start":{"line":149,"column":6},"end":{"line":149,"column":153}},"51":{"start":{"line":150,"column":11},"end":{"line":152,"column":5}},"52":{"start":{"line":151,"column":6},"end":{"line":151,"column":142}},"53":{"start":{"line":154,"column":4},"end":{"line":154,"column":108}},"54":{"start":{"line":156,"column":39},"end":{"line":166,"column":6}},"55":{"start":{"line":169,"column":4},"end":{"line":169,"column":60}},"56":{"start":{"line":171,"column":4},"end":{"line":171,"column":44}},"57":{"start":{"line":172,"column":4},"end":{"line":174,"column":5}},"58":{"start":{"line":173,"column":6},"end":{"line":173,"column":37}},"59":{"start":{"line":176,"column":4},"end":{"line":176,"column":54}},"60":{"start":{"line":177,"column":4},"end":{"line":177,"column":22}},"61":{"start":{"line":184,"column":4},"end":{"line":214,"column":7}},"62":{"start":{"line":185,"column":32},"end":{"line":185,"column":34}},"63":{"start":{"line":186,"column":31},"end":{"line":186,"column":34}},"64":{"start":{"line":189,"column":6},"end":{"line":192,"column":7}},"65":{"start":{"line":190,"column":8},"end":{"line":190,"column":34}},"66":{"start":{"line":191,"column":8},"end":{"line":191,"column":87}},"67":{"start":{"line":195,"column":6},"end":{"line":198,"column":7}},"68":{"start":{"line":196,"column":8},"end":{"line":196,"column":35}},"69":{"start":{"line":197,"column":8},"end":{"line":197,"column":73}},"70":{"start":{"line":201,"column":6},"end":{"line":204,"column":7}},"71":{"start":{"line":202,"column":8},"end":{"line":202,"column":34}},"72":{"start":{"line":203,"column":8},"end":{"line":203,"column":83}},"73":{"start":{"line":206,"column":20},"end":{"line":206,"column":61}},"74":{"start":{"line":208,"column":6},"end":{"line":213,"column":8}},"75":{"start":{"line":221,"column":17},"end":{"line":221,"column":42}},"76":{"start":{"line":222,"column":16},"end":{"line":222,"column":17}},"77":{"start":{"line":225,"column":4},"end":{"line":227,"column":5}},"78":{"start":{"line":226,"column":6},"end":{"line":226,"column":18}},"79":{"start":{"line":228,"column":4},"end":{"line":230,"column":5}},"80":{"start":{"line":229,"column":6},"end":{"line":229,"column":18}},"81":{"start":{"line":231,"column":4},"end":{"line":233,"column":5}},"82":{"start":{"line":232,"column":6},"end":{"line":232,"column":18}},"83":{"start":{"line":236,"column":4},"end":{"line":238,"column":5}},"84":{"start":{"line":237,"column":6},"end":{"line":237,"column":18}},"85":{"start":{"line":239,"column":4},"end":{"line":241,"column":5}},"86":{"start":{"line":240,"column":6},"end":{"line":240,"column":18}},"87":{"start":{"line":242,"column":4},"end":{"line":244,"column":5}},"88":{"start":{"line":243,"column":6},"end":{"line":243,"column":18}},"89":{"start":{"line":247,"column":4},"end":{"line":250,"column":5}},"90":{"start":{"line":249,"column":6},"end":{"line":249,"column":32}},"91":{"start":{"line":249,"column":21},"end":{"line":249,"column":32}},"92":{"start":{"line":252,"column":4},"end":{"line":252,"column":46}},"93":{"start":{"line":259,"column":17},"end":{"line":259,"column":42}},"94":{"start":{"line":260,"column":20},"end":{"line":260,"column":22}},"95":{"start":{"line":262,"column":25},"end":{"line":262,"column":217}},"96":{"start":{"line":263,"column":26},"end":{"line":263,"column":167}},"97":{"start":{"line":265,"column":35},"end":{"line":265,"column":88}},"98":{"start":{"line":265,"column":61},"end":{"line":265,"column":87}},"99":{"start":{"line":267,"column":4},"end":{"line":282,"column":5}},"100":{"start":{"line":268,"column":6},"end":{"line":268,"column":22}},"101":{"start":{"line":269,"column":6},"end":{"line":271,"column":7}},"102":{"start":{"line":270,"column":8},"end":{"line":270,"column":24}},"103":{"start":{"line":272,"column":11},"end":{"line":282,"column":5}},"104":{"start":{"line":273,"column":6},"end":{"line":273,"column":22}},"105":{"start":{"line":274,"column":6},"end":{"line":276,"column":7}},"106":{"start":{"line":275,"column":8},"end":{"line":275,"column":24}},"107":{"start":{"line":279,"column":6},"end":{"line":281,"column":7}},"108":{"start":{"line":280,"column":8},"end":{"line":280,"column":24}},"109":{"start":{"line":284,"column":4},"end":{"line":284,"column":49}},"110":{"start":{"line":291,"column":4},"end":{"line":291,"column":77}},"111":{"start":{"line":291,"column":70},"end":{"line":291,"column":77}},"112":{"start":{"line":293,"column":17},"end":{"line":293,"column":42}},"113":{"start":{"line":294,"column":26},"end":{"line":294,"column":138}},"114":{"start":{"line":295,"column":26},"end":{"line":295,"column":160}},"115":{"start":{"line":298,"column":4},"end":{"line":314,"column":5}},"116":{"start":{"line":298,"column":17},"end":{"line":298,"column":18}},"117":{"start":{"line":299,"column":6},"end":{"line":313,"column":7}},"118":{"start":{"line":299,"column":19},"end":{"line":299,"column":24}},"119":{"start":{"line":300,"column":25},"end":{"line":300,"column":51}},"120":{"start":{"line":301,"column":25},"end":{"line":301,"column":51}},"121":{"start":{"line":304,"column":26},"end":{"line":304,"column":64}},"122":{"start":{"line":304,"column":46},"end":{"line":304,"column":63}},"123":{"start":{"line":305,"column":26},"end":{"line":305,"column":64}},"124":{"start":{"line":305,"column":46},"end":{"line":305,"column":63}},"125":{"start":{"line":306,"column":8},"end":{"line":306,"column":47}},"126":{"start":{"line":306,"column":38},"end":{"line":306,"column":47}},"127":{"start":{"line":308,"column":8},"end":{"line":312,"column":9}},"128":{"start":{"line":309,"column":10},"end":{"line":309,"column":62}},"129":{"start":{"line":310,"column":15},"end":{"line":312,"column":9}},"130":{"start":{"line":311,"column":10},"end":{"line":311,"column":60}},"131":{"start":{"line":321,"column":4},"end":{"line":321,"column":57}},"132":{"start":{"line":321,"column":45},"end":{"line":321,"column":57}},"133":{"start":{"line":322,"column":4},"end":{"line":322,"column":70}},"134":{"start":{"line":329,"column":4},"end":{"line":329,"column":39}},"135":{"start":{"line":43,"column":0},"end":{"line":43,"column":13}}},"fnMap":{"0":{"name":"(anonymous_0)","decl":{"start":{"line":48,"column":2},"end":{"line":48,"column":14}},"loc":{"start":{"line":48,"column":55},"end":{"line":51,"column":3}}},"1":{"name":"(anonymous_1)","decl":{"start":{"line":56,"column":9},"end":{"line":56,"column":29}},"loc":{"start":{"line":56,"column":85},"end":{"line":78,"column":3}}},"2":{"name":"(anonymous_2)","decl":{"start":{"line":83,"column":9},"end":{"line":83,"column":27}},"loc":{"start":{"line":83,"column":76},"end":{"line":94,"column":3}}},"3":{"name":"(anonymous_3)","decl":{"start":{"line":99,"column":9},"end":{"line":99,"column":28}},"loc":{"start":{"line":99,"column":28},"end":{"line":101,"column":3}}},"4":{"name":"(anonymous_4)","decl":{"start":{"line":106,"column":9},"end":{"line":106,"column":23}},"loc":{"start":{"line":106,"column":66},"end":{"line":178,"column":3}}},"5":{"name":"(anonymous_5)","decl":{"start":{"line":134,"column":59},"end":{"line":134,"column":60}},"loc":{"start":{"line":134,"column":69},"end":{"line":134,"column":112}}},"6":{"name":"(anonymous_6)","decl":{"start":{"line":183,"column":10},"end":{"line":183,"column":31}},"loc":{"start":{"line":183,"column":53},"end":{"line":215,"column":3}}},"7":{"name":"(anonymous_7)","decl":{"start":{"line":184,"column":25},"end":{"line":184,"column":26}},"loc":{"start":{"line":184,"column":33},"end":{"line":214,"column":5}}},"8":{"name":"(anonymous_8)","decl":{"start":{"line":220,"column":10},"end":{"line":220,"column":37}},"loc":{"start":{"line":220,"column":76},"end":{"line":253,"column":3}}},"9":{"name":"(anonymous_9)","decl":{"start":{"line":258,"column":10},"end":{"line":258,"column":40}},"loc":{"start":{"line":258,"column":99},"end":{"line":285,"column":3}}},"10":{"name":"(anonymous_10)","decl":{"start":{"line":265,"column":56},"end":{"line":265,"column":57}},"loc":{"start":{"line":265,"column":61},"end":{"line":265,"column":87}}},"11":{"name":"(anonymous_11)","decl":{"start":{"line":290,"column":10},"end":{"line":290,"column":41}},"loc":{"start":{"line":290,"column":79},"end":{"line":315,"column":3}}},"12":{"name":"(anonymous_12)","decl":{"start":{"line":304,"column":41},"end":{"line":304,"column":42}},"loc":{"start":{"line":304,"column":46},"end":{"line":304,"column":63}}},"13":{"name":"(anonymous_13)","decl":{"start":{"line":305,"column":41},"end":{"line":305,"column":42}},"loc":{"start":{"line":305,"column":46},"end":{"line":305,"column":63}}},"14":{"name":"(anonymous_14)","decl":{"start":{"line":320,"column":9},"end":{"line":320,"column":28}},"loc":{"start":{"line":320,"column":28},"end":{"line":323,"column":3}}},"15":{"name":"(anonymous_15)","decl":{"start":{"line":328,"column":9},"end":{"line":328,"column":29}},"loc":{"start":{"line":328,"column":29},"end":{"line":330,"column":3}}}},"branchMap":{"0":{"loc":{"start":{"line":48,"column":14},"end":{"line":48,"column":55}},"type":"default-arg","locations":[{"start":{"line":48,"column":53},"end":{"line":48,"column":55}}]},"1":{"loc":{"start":{"line":50,"column":26},"end":{"line":50,"column":55}},"type":"binary-expr","locations":[{"start":{"line":50,"column":26},"end":{"line":50,"column":48}},{"start":{"line":50,"column":52},"end":{"line":50,"column":55}}]},"2":{"loc":{"start":{"line":56,"column":66},"end":{"line":56,"column":85}},"type":"default-arg","locations":[{"start":{"line":56,"column":82},"end":{"line":56,"column":85}}]},"3":{"loc":{"start":{"line":60,"column":4},"end":{"line":73,"column":5}},"type":"if","locations":[{"start":{"line":60,"column":4},"end":{"line":73,"column":5}},{"start":{"line":69,"column":11},"end":{"line":73,"column":5}}]},"4":{"loc":{"start":{"line":83,"column":64},"end":{"line":83,"column":76}},"type":"default-arg","locations":[{"start":{"line":83,"column":72},"end":{"line":83,"column":76}}]},"5":{"loc":{"start":{"line":86,"column":4},"end":{"line":86,"column":26}},"type":"if","locations":[{"start":{"line":86,"column":4},"end":{"line":86,"column":26}}]},"6":{"loc":{"start":{"line":106,"column":40},"end":{"line":106,"column":66}},"type":"default-arg","locations":[{"start":{"line":106,"column":64},"end":{"line":106,"column":66}}]},"7":{"loc":{"start":{"line":120,"column":4},"end":{"line":126,"column":5}},"type":"if","locations":[{"start":{"line":120,"column":4},"end":{"line":126,"column":5}},{"start":{"line":122,"column":11},"end":{"line":126,"column":5}}]},"8":{"loc":{"start":{"line":120,"column":8},"end":{"line":120,"column":71}},"type":"binary-expr","locations":[{"start":{"line":120,"column":8},"end":{"line":120,"column":39}},{"start":{"line":120,"column":43},"end":{"line":120,"column":71}}]},"9":{"loc":{"start":{"line":122,"column":11},"end":{"line":126,"column":5}},"type":"if","locations":[{"start":{"line":122,"column":11},"end":{"line":126,"column":5}},{"start":{"line":124,"column":11},"end":{"line":126,"column":5}}]},"10":{"loc":{"start":{"line":122,"column":15},"end":{"line":122,"column":78}},"type":"binary-expr","locations":[{"start":{"line":122,"column":15},"end":{"line":122,"column":46}},{"start":{"line":122,"column":50},"end":{"line":122,"column":78}}]},"11":{"loc":{"start":{"line":133,"column":4},"end":{"line":138,"column":5}},"type":"if","locations":[{"start":{"line":133,"column":4},"end":{"line":138,"column":5}},{"start":{"line":136,"column":11},"end":{"line":138,"column":5}}]},"12":{"loc":{"start":{"line":140,"column":4},"end":{"line":146,"column":5}},"type":"if","locations":[{"start":{"line":140,"column":4},"end":{"line":146,"column":5}},{"start":{"line":142,"column":11},"end":{"line":146,"column":5}}]},"13":{"loc":{"start":{"line":142,"column":11},"end":{"line":146,"column":5}},"type":"if","locations":[{"start":{"line":142,"column":11},"end":{"line":146,"column":5}},{"start":{"line":144,"column":11},"end":{"line":146,"column":5}}]},"14":{"loc":{"start":{"line":148,"column":4},"end":{"line":152,"column":5}},"type":"if","locations":[{"start":{"line":148,"column":4},"end":{"line":152,"column":5}},{"start":{"line":150,"column":11},"end":{"line":152,"column":5}}]},"15":{"loc":{"start":{"line":150,"column":11},"end":{"line":152,"column":5}},"type":"if","locations":[{"start":{"line":150,"column":11},"end":{"line":152,"column":5}}]},"16":{"loc":{"start":{"line":172,"column":4},"end":{"line":174,"column":5}},"type":"if","locations":[{"start":{"line":172,"column":4},"end":{"line":174,"column":5}}]},"17":{"loc":{"start":{"line":189,"column":6},"end":{"line":192,"column":7}},"type":"if","locations":[{"start":{"line":189,"column":6},"end":{"line":192,"column":7}}]},"18":{"loc":{"start":{"line":195,"column":6},"end":{"line":198,"column":7}},"type":"if","locations":[{"start":{"line":195,"column":6},"end":{"line":198,"column":7}}]},"19":{"loc":{"start":{"line":201,"column":6},"end":{"line":204,"column":7}},"type":"if","locations":[{"start":{"line":201,"column":6},"end":{"line":204,"column":7}}]},"20":{"loc":{"start":{"line":206,"column":20},"end":{"line":206,"column":61}},"type":"binary-expr","locations":[{"start":{"line":206,"column":20},"end":{"line":206,"column":51}},{"start":{"line":206,"column":55},"end":{"line":206,"column":61}}]},"21":{"loc":{"start":{"line":225,"column":4},"end":{"line":227,"column":5}},"type":"if","locations":[{"start":{"line":225,"column":4},"end":{"line":227,"column":5}}]},"22":{"loc":{"start":{"line":225,"column":8},"end":{"line":225,"column":87}},"type":"binary-expr","locations":[{"start":{"line":225,"column":8},"end":{"line":225,"column":34}},{"start":{"line":225,"column":38},"end":{"line":225,"column":61}},{"start":{"line":225,"column":65},"end":{"line":225,"column":87}}]},"23":{"loc":{"start":{"line":228,"column":4},"end":{"line":230,"column":5}},"type":"if","locations":[{"start":{"line":228,"column":4},"end":{"line":230,"column":5}}]},"24":{"loc":{"start":{"line":228,"column":8},"end":{"line":228,"column":94}},"type":"binary-expr","locations":[{"start":{"line":228,"column":8},"end":{"line":228,"column":32}},{"start":{"line":228,"column":36},"end":{"line":228,"column":63}},{"start":{"line":228,"column":67},"end":{"line":228,"column":94}}]},"25":{"loc":{"start":{"line":231,"column":4},"end":{"line":233,"column":5}},"type":"if","locations":[{"start":{"line":231,"column":4},"end":{"line":233,"column":5}}]},"26":{"loc":{"start":{"line":231,"column":8},"end":{"line":231,"column":85}},"type":"binary-expr","locations":[{"start":{"line":231,"column":8},"end":{"line":231,"column":32}},{"start":{"line":231,"column":36},"end":{"line":231,"column":59}},{"start":{"line":231,"column":63},"end":{"line":231,"column":85}}]},"27":{"loc":{"start":{"line":236,"column":4},"end":{"line":238,"column":5}},"type":"if","locations":[{"start":{"line":236,"column":4},"end":{"line":238,"column":5}}]},"28":{"loc":{"start":{"line":236,"column":8},"end":{"line":236,"column":117}},"type":"binary-expr","locations":[{"start":{"line":236,"column":8},"end":{"line":236,"column":34}},{"start":{"line":236,"column":38},"end":{"line":236,"column":61}},{"start":{"line":236,"column":65},"end":{"line":236,"column":86}},{"start":{"line":236,"column":90},"end":{"line":236,"column":117}}]},"29":{"loc":{"start":{"line":239,"column":4},"end":{"line":241,"column":5}},"type":"if","locations":[{"start":{"line":239,"column":4},"end":{"line":241,"column":5}}]},"30":{"loc":{"start":{"line":239,"column":8},"end":{"line":239,"column":99}},"type":"binary-expr","locations":[{"start":{"line":239,"column":8},"end":{"line":239,"column":42}},{"start":{"line":239,"column":46},"end":{"line":239,"column":70}},{"start":{"line":239,"column":74},"end":{"line":239,"column":99}}]},"31":{"loc":{"start":{"line":242,"column":4},"end":{"line":244,"column":5}},"type":"if","locations":[{"start":{"line":242,"column":4},"end":{"line":244,"column":5}}]},"32":{"loc":{"start":{"line":242,"column":8},"end":{"line":242,"column":88}},"type":"binary-expr","locations":[{"start":{"line":242,"column":8},"end":{"line":242,"column":32}},{"start":{"line":242,"column":36},"end":{"line":242,"column":60}},{"start":{"line":242,"column":64},"end":{"line":242,"column":88}}]},"33":{"loc":{"start":{"line":247,"column":4},"end":{"line":250,"column":5}},"type":"if","locations":[{"start":{"line":247,"column":4},"end":{"line":250,"column":5}}]},"34":{"loc":{"start":{"line":247,"column":8},"end":{"line":247,"column":67}},"type":"binary-expr","locations":[{"start":{"line":247,"column":8},"end":{"line":247,"column":30}},{"start":{"line":247,"column":34},"end":{"line":247,"column":67}}]},"35":{"loc":{"start":{"line":249,"column":6},"end":{"line":249,"column":32}},"type":"if","locations":[{"start":{"line":249,"column":6},"end":{"line":249,"column":32}}]},"36":{"loc":{"start":{"line":262,"column":25},"end":{"line":262,"column":217}},"type":"binary-expr","locations":[{"start":{"line":262,"column":25},"end":{"line":262,"column":49}},{"start":{"line":262,"column":53},"end":{"line":262,"column":78}},{"start":{"line":262,"column":82},"end":{"line":262,"column":104}},{"start":{"line":262,"column":108},"end":{"line":262,"column":129}},{"start":{"line":262,"column":133},"end":{"line":262,"column":156}},{"start":{"line":262,"column":160},"end":{"line":262,"column":186}},{"start":{"line":262,"column":190},"end":{"line":262,"column":217}}]},"37":{"loc":{"start":{"line":263,"column":26},"end":{"line":263,"column":167}},"type":"binary-expr","locations":[{"start":{"line":263,"column":26},"end":{"line":263,"column":49}},{"start":{"line":263,"column":53},"end":{"line":263,"column":75}},{"start":{"line":263,"column":79},"end":{"line":263,"column":105}},{"start":{"line":263,"column":109},"end":{"line":263,"column":133}},{"start":{"line":263,"column":137},"end":{"line":263,"column":167}}]},"38":{"loc":{"start":{"line":267,"column":4},"end":{"line":282,"column":5}},"type":"if","locations":[{"start":{"line":267,"column":4},"end":{"line":282,"column":5}},{"start":{"line":272,"column":11},"end":{"line":282,"column":5}}]},"39":{"loc":{"start":{"line":269,"column":6},"end":{"line":271,"column":7}},"type":"if","locations":[{"start":{"line":269,"column":6},"end":{"line":271,"column":7}}]},"40":{"loc":{"start":{"line":272,"column":11},"end":{"line":282,"column":5}},"type":"if","locations":[{"start":{"line":272,"column":11},"end":{"line":282,"column":5}},{"start":{"line":277,"column":11},"end":{"line":282,"column":5}}]},"41":{"loc":{"start":{"line":274,"column":6},"end":{"line":276,"column":7}},"type":"if","locations":[{"start":{"line":274,"column":6},"end":{"line":276,"column":7}}]},"42":{"loc":{"start":{"line":279,"column":6},"end":{"line":281,"column":7}},"type":"if","locations":[{"start":{"line":279,"column":6},"end":{"line":281,"column":7}}]},"43":{"loc":{"start":{"line":279,"column":10},"end":{"line":279,"column":92}},"type":"binary-expr","locations":[{"start":{"line":279,"column":10},"end":{"line":279,"column":35}},{"start":{"line":279,"column":39},"end":{"line":279,"column":64}},{"start":{"line":279,"column":68},"end":{"line":279,"column":92}}]},"44":{"loc":{"start":{"line":291,"column":4},"end":{"line":291,"column":77}},"type":"if","locations":[{"start":{"line":291,"column":4},"end":{"line":291,"column":77}}]},"45":{"loc":{"start":{"line":291,"column":8},"end":{"line":291,"column":68}},"type":"binary-expr","locations":[{"start":{"line":291,"column":8},"end":{"line":291,"column":31}},{"start":{"line":291,"column":35},"end":{"line":291,"column":68}}]},"46":{"loc":{"start":{"line":294,"column":26},"end":{"line":294,"column":138}},"type":"binary-expr","locations":[{"start":{"line":294,"column":26},"end":{"line":294,"column":52}},{"start":{"line":294,"column":56},"end":{"line":294,"column":83}},{"start":{"line":294,"column":87},"end":{"line":294,"column":110}},{"start":{"line":294,"column":114},"end":{"line":294,"column":138}}]},"47":{"loc":{"start":{"line":295,"column":26},"end":{"line":295,"column":160}},"type":"binary-expr","locations":[{"start":{"line":295,"column":26},"end":{"line":295,"column":51}},{"start":{"line":295,"column":55},"end":{"line":295,"column":79}},{"start":{"line":295,"column":83},"end":{"line":295,"column":105}},{"start":{"line":295,"column":109},"end":{"line":295,"column":132}},{"start":{"line":295,"column":136},"end":{"line":295,"column":160}}]},"48":{"loc":{"start":{"line":306,"column":8},"end":{"line":306,"column":47}},"type":"if","locations":[{"start":{"line":306,"column":8},"end":{"line":306,"column":47}}]},"49":{"loc":{"start":{"line":306,"column":12},"end":{"line":306,"column":36}},"type":"binary-expr","locations":[{"start":{"line":306,"column":12},"end":{"line":306,"column":22}},{"start":{"line":306,"column":26},"end":{"line":306,"column":36}}]},"50":{"loc":{"start":{"line":308,"column":8},"end":{"line":312,"column":9}},"type":"if","locations":[{"start":{"line":308,"column":8},"end":{"line":312,"column":9}},{"start":{"line":310,"column":15},"end":{"line":312,"column":9}}]},"51":{"loc":{"start":{"line":310,"column":15},"end":{"line":312,"column":9}},"type":"if","locations":[{"start":{"line":310,"column":15},"end":{"line":312,"column":9}}]},"52":{"loc":{"start":{"line":321,"column":4},"end":{"line":321,"column":57}},"type":"if","locations":[{"start":{"line":321,"column":4},"end":{"line":321,"column":57}}]}},"s":{"0":10,"1":10,"2":10,"3":35,"4":35,"5":35,"6":35,"7":8,"8":8,"9":8,"10":7,"11":1,"12":1,"13":1,"14":8,"15":8,"16":8,"17":1,"18":1,"19":1,"20":0,"21":1,"22":1,"23":1,"24":1,"25":1,"26":5,"27":25,"28":25,"29":25,"30":25,"31":25,"32":25,"33":2,"34":23,"35":1,"36":22,"37":25,"38":25,"39":25,"40":4,"41":9,"42":4,"43":21,"44":25,"45":1,"46":24,"47":2,"48":22,"49":25,"50":1,"51":24,"52":2,"53":25,"54":25,"55":25,"56":25,"57":25,"58":0,"59":25,"60":25,"61":25,"62":10,"63":10,"64":10,"65":4,"66":4,"67":10,"68":7,"69":7,"70":10,"71":0,"72":0,"73":10,"74":10,"75":25,"76":25,"77":25,"78":2,"79":25,"80":0,"81":25,"82":0,"83":25,"84":1,"85":25,"86":0,"87":25,"88":0,"89":25,"90":0,"91":0,"92":25,"93":25,"94":25,"95":25,"96":25,"97":25,"98":7,"99":25,"100":1,"101":1,"102":1,"103":24,"104":2,"105":2,"106":0,"107":22,"108":0,"109":25,"110":25,"111":25,"112":0,"113":0,"114":0,"115":0,"116":0,"117":0,"118":0,"119":0,"120":0,"121":0,"122":0,"123":0,"124":0,"125":0,"126":0,"127":0,"128":0,"129":0,"130":0,"131":32,"132":8,"133":24,"134":2,"135":10},"f":{"0":35,"1":8,"2":1,"3":5,"4":25,"5":9,"6":25,"7":10,"8":25,"9":25,"10":7,"11":25,"12":0,"13":0,"14":32,"15":2},"b":{"0":[35],"1":[35,35],"2":[0],"3":[7,1],"4":[0],"5":[0],"6":[0],"7":[2,23],"8":[25,2],"9":[1,22],"10":[23,1],"11":[4,21],"12":[1,24],"13":[2,22],"14":[1,24],"15":[2],"16":[0],"17":[4],"18":[7],"19":[0],"20":[10,0],"21":[2],"22":[25,24,23],"23":[0],"24":[25,25,25],"25":[0],"26":[25,25,25],"27":[1],"28":[25,24,24,24],"29":[0],"30":[25,25,25],"31":[0],"32":[25,25,25],"33":[0],"34":[25,6],"35":[0],"36":[25,25,25,25,25,25,24],"37":[25,24,24,23,23],"38":[1,24],"39":[1],"40":[2,22],"41":[0],"42":[0],"43":[22,22,22],"44":[25],"45":[25,6],"46":[0,0,0,0],"47":[0,0,0,0,0],"48":[0],"49":[0,0],"50":[0,0],"51":[0],"52":[8]}}
,"/root/.gemini/antigravity-cli/scratch/Quantum-Flow-OS/src/core/ChatAICognitiveEngine.ts": {"path":"/root/.gemini/antigravity-cli/scratch/Quantum-Flow-OS/src/core/ChatAICognitiveEngine.ts","statementMap":{"0":{"start":{"line":15,"column":0},"end":{"line":15,"column":45}},"1":{"start":{"line":16,"column":0},"end":{"line":16,"column":25}},"2":{"start":{"line":17,"column":0},"end":{"line":17,"column":29}},"3":{"start":{"line":18,"column":0},"end":{"line":18,"column":36}},"4":{"start":{"line":19,"column":0},"end":{"line":19,"column":66}},"5":{"start":{"line":44,"column":39},"end":{"line":44,"column":41}},"6":{"start":{"line":45,"column":32},"end":{"line":47,"column":80}},"7":{"start":{"line":49,"column":32},"end":{"line":49,"column":35}},"8":{"start":{"line":51,"column":39},"end":{"line":51,"column":43}},"9":{"start":{"line":52,"column":26},"end":{"line":52,"column":58}},"10":{"start":{"line":55,"column":4},"end":{"line":55,"column":12}},"11":{"start":{"line":56,"column":20},"end":{"line":56,"column":81}},"12":{"start":{"line":57,"column":4},"end":{"line":59,"column":5}},"13":{"start":{"line":58,"column":6},"end":{"line":58,"column":49}},"14":{"start":{"line":60,"column":4},"end":{"line":60,"column":71}},"15":{"start":{"line":61,"column":4},"end":{"line":61,"column":22}},"16":{"start":{"line":68,"column":4},"end":{"line":68,"column":21}},"17":{"start":{"line":75,"column":4},"end":{"line":75,"column":35}},"18":{"start":{"line":86,"column":20},"end":{"line":86,"column":54}},"19":{"start":{"line":87,"column":4},"end":{"line":89,"column":5}},"20":{"start":{"line":88,"column":6},"end":{"line":88,"column":49}},"21":{"start":{"line":92,"column":4},"end":{"line":96,"column":7}},"22":{"start":{"line":98,"column":28},"end":{"line":98,"column":30}},"23":{"start":{"line":99,"column":35},"end":{"line":99,"column":37}},"24":{"start":{"line":102,"column":25},"end":{"line":102,"column":29}},"25":{"start":{"line":103,"column":4},"end":{"line":118,"column":5}},"26":{"start":{"line":104,"column":34},"end":{"line":111,"column":8}},"27":{"start":{"line":112,"column":32},"end":{"line":112,"column":70}},"28":{"start":{"line":113,"column":6},"end":{"line":117,"column":7}},"29":{"start":{"line":114,"column":8},"end":{"line":114,"column":31}},"30":{"start":{"line":115,"column":8},"end":{"line":115,"column":245}},"31":{"start":{"line":116,"column":8},"end":{"line":116,"column":54}},"32":{"start":{"line":120,"column":4},"end":{"line":147,"column":5}},"33":{"start":{"line":122,"column":6},"end":{"line":129,"column":7}},"34":{"start":{"line":123,"column":8},"end":{"line":123,"column":109}},"35":{"start":{"line":124,"column":8},"end":{"line":124,"column":72}},"36":{"start":{"line":126,"column":8},"end":{"line":126,"column":124}},"37":{"start":{"line":127,"column":8},"end":{"line":127,"column":125}},"38":{"start":{"line":128,"column":8},"end":{"line":128,"column":73}},"39":{"start":{"line":132,"column":6},"end":{"line":146,"column":7}},"40":{"start":{"line":133,"column":37},"end":{"line":140,"column":10}},"41":{"start":{"line":141,"column":34},"end":{"line":141,"column":73}},"42":{"start":{"line":142,"column":8},"end":{"line":145,"column":9}},"43":{"start":{"line":143,"column":10},"end":{"line":143,"column":179}},"44":{"start":{"line":144,"column":10},"end":{"line":144,"column":63}},"45":{"start":{"line":150,"column":4},"end":{"line":154,"column":7}},"46":{"start":{"line":157,"column":30},"end":{"line":157,"column":58}},"47":{"start":{"line":158,"column":4},"end":{"line":164,"column":6}},"48":{"start":{"line":165,"column":4},"end":{"line":167,"column":5}},"49":{"start":{"line":166,"column":6},"end":{"line":166,"column":55}},"50":{"start":{"line":169,"column":4},"end":{"line":169,"column":22}},"51":{"start":{"line":170,"column":4},"end":{"line":170,"column":55}},"52":{"start":{"line":172,"column":4},"end":{"line":172,"column":19}},"53":{"start":{"line":179,"column":20},"end":{"line":179,"column":66}},"54":{"start":{"line":179,"column":47},"end":{"line":179,"column":65}},"55":{"start":{"line":180,"column":4},"end":{"line":189,"column":5}},"56":{"start":{"line":181,"column":6},"end":{"line":181,"column":30}},"57":{"start":{"line":182,"column":6},"end":{"line":184,"column":7}},"58":{"start":{"line":183,"column":8},"end":{"line":183,"column":39}},"59":{"start":{"line":185,"column":6},"end":{"line":185,"column":24}},"60":{"start":{"line":188,"column":6},"end":{"line":188,"column":43}},"61":{"start":{"line":196,"column":14},"end":{"line":196,"column":32}},"62":{"start":{"line":197,"column":4},"end":{"line":199,"column":5}},"63":{"start":{"line":198,"column":6},"end":{"line":198,"column":267}},"64":{"start":{"line":200,"column":4},"end":{"line":202,"column":5}},"65":{"start":{"line":201,"column":6},"end":{"line":201,"column":315}},"66":{"start":{"line":203,"column":4},"end":{"line":205,"column":5}},"67":{"start":{"line":204,"column":6},"end":{"line":204,"column":292}},"68":{"start":{"line":206,"column":4},"end":{"line":208,"column":5}},"69":{"start":{"line":207,"column":6},"end":{"line":207,"column":281}},"70":{"start":{"line":209,"column":4},"end":{"line":211,"column":5}},"71":{"start":{"line":210,"column":6},"end":{"line":210,"column":286}},"72":{"start":{"line":212,"column":4},"end":{"line":214,"column":5}},"73":{"start":{"line":213,"column":6},"end":{"line":213,"column":262}},"74":{"start":{"line":215,"column":4},"end":{"line":217,"column":5}},"75":{"start":{"line":216,"column":6},"end":{"line":216,"column":265}},"76":{"start":{"line":218,"column":4},"end":{"line":220,"column":5}},"77":{"start":{"line":219,"column":6},"end":{"line":219,"column":277}},"78":{"start":{"line":221,"column":4},"end":{"line":223,"column":5}},"79":{"start":{"line":222,"column":6},"end":{"line":222,"column":272}},"80":{"start":{"line":224,"column":4},"end":{"line":226,"column":5}},"81":{"start":{"line":225,"column":6},"end":{"line":225,"column":249}},"82":{"start":{"line":227,"column":4},"end":{"line":229,"column":5}},"83":{"start":{"line":228,"column":6},"end":{"line":228,"column":248}},"84":{"start":{"line":230,"column":4},"end":{"line":230,"column":130}},"85":{"start":{"line":237,"column":21},"end":{"line":237,"column":88}},"86":{"start":{"line":240,"column":23},"end":{"line":240,"column":47}},"87":{"start":{"line":241,"column":25},"end":{"line":241,"column":50}},"88":{"start":{"line":243,"column":23},"end":{"line":243,"column":35}},"89":{"start":{"line":244,"column":4},"end":{"line":248,"column":5}},"90":{"start":{"line":246,"column":21},"end":{"line":246,"column":136}},"91":{"start":{"line":247,"column":6},"end":{"line":247,"column":44}},"92":{"start":{"line":250,"column":4},"end":{"line":253,"column":5}},"93":{"start":{"line":251,"column":6},"end":{"line":251,"column":145}},"94":{"start":{"line":252,"column":6},"end":{"line":252,"column":67}},"95":{"start":{"line":256,"column":17},"end":{"line":256,"column":38}},"96":{"start":{"line":257,"column":4},"end":{"line":260,"column":7}},"97":{"start":{"line":258,"column":23},"end":{"line":258,"column":65}},"98":{"start":{"line":259,"column":6},"end":{"line":259,"column":48}},"99":{"start":{"line":261,"column":4},"end":{"line":261,"column":27}},"100":{"start":{"line":263,"column":23},"end":{"line":263,"column":44}},"101":{"start":{"line":264,"column":22},"end":{"line":264,"column":64}},"102":{"start":{"line":264,"column":39},"end":{"line":264,"column":57}},"103":{"start":{"line":266,"column":16},"end":{"line":274,"column":6}},"104":{"start":{"line":276,"column":4},"end":{"line":276,"column":28}},"105":{"start":{"line":278,"column":4},"end":{"line":280,"column":5}},"106":{"start":{"line":279,"column":6},"end":{"line":279,"column":74}},"107":{"start":{"line":282,"column":17},"end":{"line":282,"column":40}},"108":{"start":{"line":283,"column":15},"end":{"line":283,"column":17}},"109":{"start":{"line":284,"column":4},"end":{"line":290,"column":5}},"110":{"start":{"line":285,"column":6},"end":{"line":285,"column":36}},"111":{"start":{"line":286,"column":11},"end":{"line":290,"column":5}},"112":{"start":{"line":287,"column":6},"end":{"line":287,"column":33}},"113":{"start":{"line":289,"column":6},"end":{"line":289,"column":65}},"114":{"start":{"line":293,"column":4},"end":{"line":293,"column":51}},"115":{"start":{"line":294,"column":24},"end":{"line":294,"column":45}},"116":{"start":{"line":295,"column":4},"end":{"line":297,"column":5}},"117":{"start":{"line":296,"column":6},"end":{"line":296,"column":51}},"118":{"start":{"line":299,"column":4},"end":{"line":299,"column":16}},"119":{"start":{"line":306,"column":14},"end":{"line":306,"column":33}},"120":{"start":{"line":309,"column":25},"end":{"line":309,"column":50}},"121":{"start":{"line":310,"column":23},"end":{"line":310,"column":35}},"122":{"start":{"line":311,"column":4},"end":{"line":314,"column":5}},"123":{"start":{"line":312,"column":21},"end":{"line":312,"column":136}},"124":{"start":{"line":313,"column":6},"end":{"line":313,"column":44}},"125":{"start":{"line":315,"column":4},"end":{"line":315,"column":46}},"126":{"start":{"line":318,"column":19},"end":{"line":318,"column":65}},"127":{"start":{"line":319,"column":30},"end":{"line":319,"column":68}},"128":{"start":{"line":320,"column":23},"end":{"line":320,"column":62}},"129":{"start":{"line":321,"column":19},"end":{"line":321,"column":73}},"130":{"start":{"line":324,"column":4},"end":{"line":350,"column":5}},"131":{"start":{"line":325,"column":19},"end":{"line":325,"column":21}},"132":{"start":{"line":326,"column":6},"end":{"line":348,"column":7}},"133":{"start":{"line":327,"column":8},"end":{"line":327,"column":123}},"134":{"start":{"line":328,"column":13},"end":{"line":348,"column":7}},"135":{"start":{"line":329,"column":8},"end":{"line":329,"column":117}},"136":{"start":{"line":330,"column":13},"end":{"line":348,"column":7}},"137":{"start":{"line":331,"column":8},"end":{"line":331,"column":120}},"138":{"start":{"line":332,"column":13},"end":{"line":348,"column":7}},"139":{"start":{"line":333,"column":8},"end":{"line":333,"column":132}},"140":{"start":{"line":334,"column":13},"end":{"line":348,"column":7}},"141":{"start":{"line":335,"column":8},"end":{"line":335,"column":104}},"142":{"start":{"line":336,"column":13},"end":{"line":348,"column":7}},"143":{"start":{"line":337,"column":8},"end":{"line":337,"column":115}},"144":{"start":{"line":338,"column":13},"end":{"line":348,"column":7}},"145":{"start":{"line":339,"column":8},"end":{"line":339,"column":114}},"146":{"start":{"line":340,"column":13},"end":{"line":348,"column":7}},"147":{"start":{"line":341,"column":8},"end":{"line":341,"column":128}},"148":{"start":{"line":342,"column":13},"end":{"line":348,"column":7}},"149":{"start":{"line":343,"column":8},"end":{"line":343,"column":101}},"150":{"start":{"line":344,"column":13},"end":{"line":348,"column":7}},"151":{"start":{"line":345,"column":8},"end":{"line":345,"column":108}},"152":{"start":{"line":346,"column":13},"end":{"line":348,"column":7}},"153":{"start":{"line":347,"column":8},"end":{"line":347,"column":120}},"154":{"start":{"line":349,"column":6},"end":{"line":349,"column":384}},"155":{"start":{"line":353,"column":4},"end":{"line":358,"column":5}},"156":{"start":{"line":354,"column":26},"end":{"line":354,"column":76}},"157":{"start":{"line":355,"column":25},"end":{"line":355,"column":71}},"158":{"start":{"line":356,"column":26},"end":{"line":356,"column":91}},"159":{"start":{"line":357,"column":6},"end":{"line":357,"column":414}},"160":{"start":{"line":360,"column":4},"end":{"line":371,"column":5}},"161":{"start":{"line":361,"column":29},"end":{"line":361,"column":82}},"162":{"start":{"line":362,"column":2
[...]
1065,"column":46},"end":{"line":1065,"column":63}}]},"100":{"loc":{"start":{"line":1078,"column":23},"end":{"line":1078,"column":68}},"type":"binary-expr","locations":[{"start":{"line":1078,"column":23},"end":{"line":1078,"column":36}},{"start":{"line":1078,"column":40},"end":{"line":1078,"column":68}}]},"101":{"loc":{"start":{"line":1085,"column":8},"end":{"line":1100,"column":9}},"type":"if","locations":[{"start":{"line":1085,"column":8},"end":{"line":1100,"column":9}}]},"102":{"loc":{"start":{"line":1085,"column":12},"end":{"line":1085,"column":63}},"type":"binary-expr","locations":[{"start":{"line":1085,"column":12},"end":{"line":1085,"column":43}},{"start":{"line":1085,"column":47},"end":{"line":1085,"column":63}}]},"103":{"loc":{"start":{"line":1095,"column":23},"end":{"line":1095,"column":75}},"type":"binary-expr","locations":[{"start":{"line":1095,"column":23},"end":{"line":1095,"column":36}},{"start":{"line":1095,"column":40},"end":{"line":1095,"column":75}}]},"104":{"loc":{"start":{"line":1102,"column":8},"end":{"line":1117,"column":9}},"type":"if","locations":[{"start":{"line":1102,"column":8},"end":{"line":1117,"column":9}}]},"105":{"loc":{"start":{"line":1102,"column":12},"end":{"line":1102,"column":64}},"type":"binary-expr","locations":[{"start":{"line":1102,"column":12},"end":{"line":1102,"column":44}},{"start":{"line":1102,"column":48},"end":{"line":1102,"column":64}}]},"106":{"loc":{"start":{"line":1112,"column":23},"end":{"line":1112,"column":77}},"type":"binary-expr","locations":[{"start":{"line":1112,"column":23},"end":{"line":1112,"column":36}},{"start":{"line":1112,"column":40},"end":{"line":1112,"column":77}}]},"107":{"loc":{"start":{"line":1119,"column":8},"end":{"line":1134,"column":9}},"type":"if","locations":[{"start":{"line":1119,"column":8},"end":{"line":1134,"column":9}}]},"108":{"loc":{"start":{"line":1119,"column":12},"end":{"line":1119,"column":62}},"type":"binary-expr","locations":[{"start":{"line":1119,"column":12},"end":{"line":1119,"column":41}},{"start":{"line":1119,"column":45},"end":{"line":1119,"column":62}}]},"109":{"loc":{"start":{"line":1129,"column":23},"end":{"line":1129,"column":72}},"type":"binary-expr","locations":[{"start":{"line":1129,"column":23},"end":{"line":1129,"column":36}},{"start":{"line":1129,"column":40},"end":{"line":1129,"column":72}}]},"110":{"loc":{"start":{"line":1136,"column":8},"end":{"line":1151,"column":9}},"type":"if","locations":[{"start":{"line":1136,"column":8},"end":{"line":1151,"column":9}}]},"111":{"loc":{"start":{"line":1136,"column":12},"end":{"line":1136,"column":63}},"type":"binary-expr","locations":[{"start":{"line":1136,"column":12},"end":{"line":1136,"column":42}},{"start":{"line":1136,"column":46},"end":{"line":1136,"column":63}}]},"112":{"loc":{"start":{"line":1146,"column":23},"end":{"line":1146,"column":69}},"type":"binary-expr","locations":[{"start":{"line":1146,"column":23},"end":{"line":1146,"column":36}},{"start":{"line":1146,"column":40},"end":{"line":1146,"column":69}}]},"113":{"loc":{"start":{"line":1153,"column":8},"end":{"line":1196,"column":9}},"type":"if","locations":[{"start":{"line":1153,"column":8},"end":{"line":1196,"column":9}}]},"114":{"loc":{"start":{"line":1153,"column":12},"end":{"line":1153,"column":72}},"type":"binary-expr","locations":[{"start":{"line":1153,"column":12},"end":{"line":1153,"column":51}},{"start":{"line":1153,"column":55},"end":{"line":1153,"column":72}}]},"115":{"loc":{"start":{"line":1162,"column":14},"end":{"line":1170,"column":15}},"type":"if","locations":[{"start":{"line":1162,"column":14},"end":{"line":1170,"column":15}}]},"116":{"loc":{"start":{"line":1162,"column":18},"end":{"line":1162,"column":36}},"type":"binary-expr","locations":[{"start":{"line":1162,"column":18},"end":{"line":1162,"column":23}},{"start":{"line":1162,"column":27},"end":{"line":1162,"column":36}}]},"117":{"loc":{"start":{"line":1174,"column":36},"end":{"line":1174,"column":54}},"type":"binary-expr","locations":[{"start":{"line":1174,"column":36},"end":{"line":1174,"column":47}},{"start":{"line":1174,"column":51},"end":{"line":1174,"column":54}}]},"118":{"loc":{"start":{"line":1175,"column":35},"end":{"line":1175,"column":52}},"type":"binary-expr","locations":[{"start":{"line":1175,"column":35},"end":{"line":1175,"column":45}},{"start":{"line":1175,"column":49},"end":{"line":1175,"column":52}}]},"119":{"loc":{"start":{"line":1190,"column":25},"end":{"line":1190,"column":69}},"type":"binary-expr","locations":[{"start":{"line":1190,"column":25},"end":{"line":1190,"column":38}},{"start":{"line":1190,"column":42},"end":{"line":1190,"column":69}}]},"120":{"loc":{"start":{"line":1198,"column":8},"end":{"line":1225,"column":9}},"type":"if","locations":[{"start":{"line":1198,"column":8},"end":{"line":1225,"column":9}}]},"121":{"loc":{"start":{"line":1198,"column":12},"end":{"line":1198,"column":52}},"type":"binary-expr","locations":[{"start":{"line":1198,"column":12},"end":{"line":1198,"column":31}},{"start":{"line":1198,"column":35},"end":{"line":1198,"column":52}}]},"122":{"loc":{"start":{"line":1207,"column":14},"end":{"line":1211,"column":15}},"type":"if","locations":[{"start":{"line":1207,"column":14},"end":{"line":1211,"column":15}}]},"123":{"loc":{"start":{"line":1207,"column":18},"end":{"line":1207,"column":40}},"type":"binary-expr","locations":[{"start":{"line":1207,"column":18},"end":{"line":1207,"column":28}},{"start":{"line":1207,"column":32},"end":{"line":1207,"column":40}}]},"124":{"loc":{"start":{"line":1212,"column":14},"end":{"line":1214,"column":15}},"type":"if","locations":[{"start":{"line":1212,"column":14},"end":{"line":1214,"column":15}}]},"125":{"loc":{"start":{"line":1221,"column":46},"end":{"line":1221,"column":88}},"type":"binary-expr","locations":[{"start":{"line":1221,"column":46},"end":{"line":1221,"column":59}},{"start":{"line":1221,"column":63},"end":{"line":1221,"column":88}}]},"126":{"loc":{"start":{"line":1227,"column":8},"end":{"line":1256,"column":9}},"type":"if","locations":[{"start":{"line":1227,"column":8},"end":{"line":1256,"column":9}}]},"127":{"loc":{"start":{"line":1227,"column":12},"end":{"line":1227,"column":57}},"type":"binary-expr","locations":[{"start":{"line":1227,"column":12},"end":{"line":1227,"column":36}},{"start":{"line":1227,"column":40},"end":{"line":1227,"column":57}}]},"128":{"loc":{"start":{"line":1236,"column":14},"end":{"line":1240,"column":15}},"type":"if","locations":[{"start":{"line":1236,"column":14},"end":{"line":1240,"column":15}}]},"129":{"loc":{"start":{"line":1236,"column":18},"end":{"line":1236,"column":39}},"type":"binary-expr","locations":[{"start":{"line":1236,"column":18},"end":{"line":1236,"column":28}},{"start":{"line":1236,"column":32},"end":{"line":1236,"column":39}}]},"130":{"loc":{"start":{"line":1252,"column":46},"end":{"line":1252,"column":93}},"type":"binary-expr","locations":[{"start":{"line":1252,"column":46},"end":{"line":1252,"column":59}},{"start":{"line":1252,"column":63},"end":{"line":1252,"column":93}}]},"131":{"loc":{"start":{"line":1258,"column":8},"end":{"line":1269,"column":9}},"type":"if","locations":[{"start":{"line":1258,"column":8},"end":{"line":1269,"column":9}}]},"132":{"loc":{"start":{"line":1258,"column":12},"end":{"line":1258,"column":60}},"type":"binary-expr","locations":[{"start":{"line":1258,"column":12},"end":{"line":1258,"column":40}},{"start":{"line":1258,"column":44},"end":{"line":1258,"column":60}}]},"133":{"loc":{"start":{"line":1266,"column":44},"end":{"line":1266,"column":93}},"type":"binary-expr","locations":[{"start":{"line":1266,"column":44},"end":{"line":1266,"column":57}},{"start":{"line":1266,"column":61},"end":{"line":1266,"column":93}}]},"134":{"loc":{"start":{"line":1271,"column":8},"end":{"line":1287,"column":9}},"type":"if","locations":[{"start":{"line":1271,"column":8},"end":{"line":1287,"column":9}}]},"135":{"loc":{"start":{"line":1271,"column":12},"end":{"line":1271,"column":58}},"type":"binary-expr","locations":[{"start":{"line":1271,"column":12},"end":{"line":1271,"column":38}},{"start":{"line":1271,"column":42},"end":{"line":1271,"column":58}}]},"136":{"loc":{"start":{"line":1284,"column":44},"end":{"line":1284,"column":91}},"type":"binary-expr","locations":[{"start":{"line":1284,"column":44},"end":{"line":1284,"column":57}},{"start":{"line":1284,"column":61},"end":{"line":1284,"column":91}}]},"137":{"loc":{"start":{"line":1289,"column":8},"end":{"line":1300,"column":9}},"type":"if","locations":[{"start":{"line":1289,"column":8},"end":{"line":1300,"column":9}}]},"138":{"loc":{"start":{"line":1289,"column":12},"end":{"line":1289,"column":58}},"type":"binary-expr","locations":[{"start":{"line":1289,"column":12},"end":{"line":1289,"column":37}},{"start":{"line":1289,"column":41},"end":{"line":1289,"column":58}}]},"139":{"loc":{"start":{"line":1297,"column":44},"end":{"line":1297,"column":92}},"type":"binary-expr","locations":[{"start":{"line":1297,"column":44},"end":{"line":1297,"column":57}},{"start":{"line":1297,"column":61},"end":{"line":1297,"column":92}}]},"140":{"loc":{"start":{"line":1302,"column":8},"end":{"line":1320,"column":9}},"type":"if","locations":[{"start":{"line":1302,"column":8},"end":{"line":1320,"column":9}}]},"141":{"loc":{"start":{"line":1302,"column":12},"end":{"line":1302,"column":63}},"type":"binary-expr","locations":[{"start":{"line":1302,"column":12},"end":{"line":1302,"column":43}},{"start":{"line":1302,"column":47},"end":{"line":1302,"column":63}}]},"142":{"loc":{"start":{"line":1304,"column":27},"end":{"line":1304,"column":142}},"type":"binary-expr","locations":[{"start":{"line":1304,"column":27},"end":{"line":1304,"column":79}},{"start":{"line":1304,"column":83},"end":{"line":1304,"column":142}}]},"143":{"loc":{"start":{"line":1317,"column":44},"end":{"line":1317,"column":96}},"type":"binary-expr","locations":[{"start":{"line":1317,"column":44},"end":{"line":1317,"column":57}},{"start":{"line":1317,"column":61},"end":{"line":1317,"column":96}}]},"144":{"loc":{"start":{"line":1322,"column":8},"end":{"line":1348,"column":9}},"type":"if","locations":[{"start":{"line":1322,"column":8},"end":{"line":1348,"column":9}}]},"145":{"loc":{"start":{"line":1322,"column":12},"end":{"line":1322,"column":72}},"type":"binary-expr","locations":[{"start":{"line":1322,"column":12},"end":{"line":1322,"column":51}},{"start":{"line":1322,"column":55},"end":{"line":1322,"column":72}}]},"146":{"loc":{"start":{"line":1331,"column":16},"end":{"line":1333,"column":17}},"type":"if","locations":[{"start":{"line":1331,"column":16},"end":{"line":1333,"column":17}}]},"147":{"loc":{"start":{"line":1345,"column":44},"end":{"line":1345,"column":98}},"type":"binary-expr","locations":[{"start":{"line":1345,"column":44},"end":{"line":1345,"column":57}},{"start":{"line":1345,"column":61},"end":{"line":1345,"column":98}}]},"148":{"loc":{"start":{"line":1351,"column":8},"end":{"line":1387,"column":9}},"type":"if","locations":[{"start":{"line":1351,"column":8},"end":{"line":1387,"column":9}}]},"149":{"loc":{"start":{"line":1354,"column":12},"end":{"line":1354,"column":44}},"type":"cond-expr","locations":[{"start":{"line":1354,"column":26},"end":{"line":1354,"column":38}},{"start":{"line":1354,"column":41},"end":{"line":1354,"column":44}}]},"150":{"loc":{"start":{"line":1358,"column":10},"end":{"line":1362,"column":11}},"type":"if","locations":[{"start":{"line":1358,"column":10},"end":{"line":1362,"column":11}}]},"151":{"loc":{"start":{"line":1366,"column":10},"end":{"line":1370,"column":62}},"type":"if","locations":[{"start":{"line":1366,"column":10},"end":{"line":1370,"column":62}},{"start":{"line":1367,"column":15},"end":{"line":1370,"column":62}}]},"152":{"loc":{"start":{"line":1367,"column":15},"end":{"line":1370,"column":62}},"type":"if","locations":[{"start":{"line":1367,"column":15},"end":{"line":1370,"column":62}},{"start":{"line":1368,"column":15},"end":{"line":1370,"column":62}}]},"153":{"loc":{"start":{"line":1368,"column":15},"end":{"line":1370,"column":62}},"type":"if","locations":[{"start":{"line":1368,"column":15},"end":{"line":1370,"column":62}},{"start":{"line":1369,"column":15},"end":{"line":1370,"column":62}}]},"154":{"loc":{"start":{"line":1369,"column":15},"end":{"line":1370,"column":62}},"type":"if","locations":[{"start":{"line":1369,"column":15},"end":{"line":1370,"column":62}},{"start":{"line":1370,"column":15},"end":{"line":1370,"column":62}}]},"155":{"loc":{"start":{"line":1370,"column":15},"end":{"line":1370,"column":62}},"type":"if","locations":[{"start":{"line":1370,"column":15},"end":{"line":1370,"column":62}}]},"156":{"loc":{"start":{"line":1373,"column":12},"end":{"line":1384,"column":13}},"type":"if","locations":[{"start":{"line":1373,"column":12},"end":{"line":1384,"column":13}},{"start":{"line":1381,"column":19},"end":{"line":1384,"column":13}}]},"157":{"loc":{"start":{"line":1374,"column":14},"end":{"line":1380,"column":15}},"type":"if","locations":[{"start":{"line":1374,"column":14},"end":{"line":1380,"column":15}},{"start":{"line":1377,"column":21},"end":{"line":1380,"column":15}}]},"158":{"loc":{"start":{"line":1411,"column":6},"end":{"line":1417,"column":7}},"type":"if","locations":[{"start":{"line":1411,"column":6},"end":{"line":1417,"column":7}},{"start":{"line":1415,"column":13},"end":{"line":1417,"column":7}}]}},"s":{"0":9,"1":9,"2":9,"3":9,"4":9,"5":9,"6":2,"7":2,"8":2,"9":2,"10":2,"11":2,"12":2,"13":2,"14":2,"15":2,"16":2,"17":2,"18":2,"19":2,"20":2,"21":2,"22":2,"23":2,"24":2,"25":2,"26":2,"27":2,"28":2,"29":11,"30":11,"31":11,"32":11,"33":11,"34":11,"35":11,"36":11,"37":0,"38":0,"39":0,"40":11,"41":0,"42":0,"43":0,"44":11,"45":0,"46":0,"47":0,"48":0,"49":0,"50":0,"51":0,"52":0,"53":0,"54":0,"55":0,"56":0,"57":0,"58":0,"59":0,"60":0,"61":0,"62":0,"63":0,"64":11,"65":0,"66":0,"67":0,"68":11,"69":0,"70":0,"71":0,"72":0,"73":0,"74":0,"75":0,"76":0,"77":0,"78":0,"79":0,"80":0,"81":11,"82":2,"83":2,"84":6,"85":2,"86":17,"87":2,"88":2,"89":2,"90":2,"91":2,"92":6,"93":6,"94":6,"95":2,"96":2,"97":2,"98":4,"99":4,"100":4,"101":4,"102":4,"103":4,"104":2,"105":6,"106":6,"107":6,"108":8,"109":2,"110":2,"111":2,"112":9,"113":1,"114":1,"115":1,"116":1,"117":1,"118":1,"119":1,"120":1,"121":0,"122":0,"123":0,"124":1,"125":1,"126":1,"127":0,"128":0,"129":0,"130":1,"131":8,"132":0,"133":0,"134":0,"135":0,"136":0,"137":0,"138":0,"139":0,"140":8,"141":0,"142":0,"143":0,"144":8,"145":0,"146":0,"147":0,"148":0,"149":0,"150":0,"151":0,"152":0,"153":0,"154":0,"155":0,"156":0,"157":0,"158":0,"159":0,"160":0,"161":0,"162":0,"163":0,"164":0,"165":0,"166":0,"167":8,"168":1,"169":1,"170":1,"171":1,"172":1,"173":1,"174":1,"175":1,"176":0,"177":0,"178":0,"179":1,"180":0,"181":1,"182":1,"183":9,"184":0,"185":9,"186":9,"187":9,"188":1,"189":9,"190":1,"191":1,"192":0,"193":0,"194":0,"195":1,"196":7,"197":1,"198":1,"199":1,"200":1,"201":1,"202":1,"203":1,"204":1,"205":0,"206":0,"207":0,"208":1,"209":1,"210":9,"211":1,"212":1,"213":0,"214":0,"215":0,"216":1,"217":6,"218":0,"219":0,"220":0,"221":0,"222":0,"223":0,"224":0,"225":0,"226":0,"227":0,"228":0,"229":0,"230":0,"231":0,"232":0,"233":0,"234":0,"235":0,"236":6,"237":0,"238":0,"239":0,"240":0,"241":0,"242":0,"243":0,"244":0,"245":0,"246":0,"247":0,"248":0,"249":0,"250":0,"251":0,"252":0,"253":0,"254":0,"255":0,"256":0,"257":6,"258":0,"259":0,"260":0,"261":0,"262":0,"263":0,"264":0,"265":0,"266":0,"267":0,"268":0,"269":0,"270":0,"271":0,"272":0,"273":0,"274":0,"275":0,"276":6,"277":1,"278":1,"279":1,"280":1,"281":1,"282":1,"283":1,"284":1,"285":0,"286":0,"287":0,"288":1,"289":1,"290":1,"291":1,"292":1,"293":1,"294":0,"295":0,"296":1,"297":5,"298":0,"299":0,"300":0,"301":0,"302":0,"303":0,"304":0,"305":0,"306":5,"307":0,"308":0,"309":0,"310":0,"311":0,"312":0,"313":0,"314":0,"315":0,"316":0,"317":0,"318":0,"319":0,"320":0,"321":0,"322":0,"323":0,"324":0,"325":0,"326":0,"327":0,"328":0,"329":0,"330":0,"331":0,"332":0,"333":5,"334":0,"335":0,"336":0,"337":0,"338":0,"339":0,"340":0,"341":0,"342":0,"343":0,"344":0,"345":0,"346":0,"347":0,"348":0,"349":0,"350":0,"351":0,"352":0,"353":5,"354":0,"355":0,"356":0,"357":0,"358":0,"359":0,"360":0,"361":0,"362":0,"363":5,"364":0,"365":0,"366":0,"367":0,"368":0,"369":0,"370":0,"371":0,"372":5,"373":0,"374":0,"375":0,"376":0,"377":0,"378":0,"379":0,"380":0,"381":5,"382":0,"383":0,"384":0,"385":0,"386":0,"387":0,"388":0,"389":0,"390":0,"391":0,"392":0,"393":5,"394":0,"395":0,"396":0,"397":0,"398":0,"399":0,"400":0,"401":0,"402":5,"403":0,"404":0,"405":0,"406":0,"407":0,"408":0,"409":0,"410":0,"411":5,"412":0,"413":0,"414":0,"415":0,"416":0,"417":0,"418":0,"419":0,"420":5,"421":0,"422":0,"423":0,"424":0,"425":0,"426":0,"427":0,"428":0,"429":5,"430":0,"431":0,"432":0,"433":0,"434":0,"435":0,"436":0,"437":0,"438":0,"439":0,"440":0,"441":0,"442":0,"443":0,"444":0,"445":0,"446":0,"447":0,"448":5,"449":1,"450":1,"451":1,"452":1,"453":1,"454":1,"455":1,"456":1,"457":0,"458":0,"459":0,"460":1,"461":1,"462":1,"463":1,"464":1,"465":0,"466":0,"467":0,"468":1,"469":4,"470":1,"471":1,"472":1,"473":1,"474":1,"475":1,"476":1,"477":1,"478":0,"479":0,"480":0,"481":1,"482":1,"483":1,"484":1,"485":0,"486":0,"487":0,"488":1,"489":3,"490":1,"491":1,"492":1,"493":1,"494":0,"495":0,"496":0,"497":1,"498":2,"499":1,"500":1,"501":1,"502":0,"503":0,"504":0,"505":1,"506":1,"507":1,"508":1,"509":1,"510":1,"511":0,"512":0,"513":0,"514":1,"515":0,"516":0,"517":0,"518":0,"519":0,"520":0,"521":0,"522":0,"523":0,"524":0,"525":0,"526":0,"527":0,"528":0,"529":0,"530":0,"531":0,"532":0,"533":0,"534":0,"535":0,"536":0,"537":0,"538":0,"539":0,"540":0,"541":0,"542":0,"543":0,"544":0,"545":0,"546":0,"547":0,"548":0,"549":0,"550":0,"551":0,"552":0,"553":0,"554":0,"555":0,"556":0,"557":0,"558":0,"559":0,"560":0,"561":0,"562":0,"563":0,"564":0,"565":0,"566":0,"567":0,"568":0,"569":0,"570":0,"571":0,"572":0,"573":0,"574":2,"575":2,"576":2,"577":2,"578":0,"579":2,"580":2,"581":2,"582":2,"583":0,"584":9},"f":{"0":2,"1":2,"2":2,"3":2,"4":2,"5":11,"6":0,"7":0,"8":0,"9":6,"10":17,"11":6,"12":6,"13":8,"14":1,"15":1,"16":0,"17":0,"18":0,"19":1,"20":1,"21":0,"22":9,"23":9,"24":9,"25":1,"26":1,"27":9,"28":0,"29":0,"30":0,"31":0,"32":0,"33":0,"34":1,"35":1,"36":0,"37":0,"38":0,"39":0,"40":0,"41":0,"42":0,"43":1,"44":1,"45":1,"46":1,"47":1,"48":0,"49":0,"50":0,"51":2,"52":0,"53":2,"54":2,"55":2},"b":{"0":[0],"1":[11,0],"2":[11,0],"3":[11],"4":[0],"5":[0],"6":[11,0],"7":[0,0],"8":[0,0],"9":[0,0],"10":[0],"11":[11,0],"12":[0],"13":[0],"14":[0],"15":[0,0],"16":[0,0],"17":[0,0],"18":[0,0],"19":[0],"20":[11,0],"21":[0],"22":[11,0],"23":[0,0],"24":[0,0],"25":[2],"26":[11,2],"27":[4,2],"28":[6,0],"29":[1],"30":[9,1],"31":[0],"32":[1,0],"33":[0,0],"34":[0],"35":[8,0],"36":[0,0],"37":[0],"38":[8,0],"39":[0],"40":[8,0],"41":[0],"42":[0,0],"43":[0],"44":[0,0],"45":[1],"46":[8,1],"47":[0],"48":[1,1,1],"49":[1,0],"50":[0,0],"51":[0],"52":[0,0],"53":[1],"54":[7,1],"55":[0],"56":[1,1],"57":[0,0],"58":[0],"59":[6,0],"60":[0],"61":[0,0],"62":[0],"63":[6,0],"64":[0],"65":[0,0,0],"66":[0,0],"67":[0],"68":[6,0],"69":[0],"70":[0,0],"71":[1],"72":[6,1],"73":[0],"74":[1,1],"75":[1,1],"76":[0],"77":[5,0],"78":[0,0],"79":[0],"80":[5,0],"81":[0],"82":[0],"83":[0,0],"84":[0],"85":[5,0],"86":[0],"87":[0,0,0],"88":[0,0],"89":[0],"90":[5,0],"91":[0,0],"92":[0],"93":[5,0],"94":[0,0],"95":[0],"96":[5,0],"97":[0,0],"98":[0],"99":[5,0],"100":[0,0],"101":[0],"102":[5,0],"103":[0,0],"104":[0],"105":[5,0],"106":[0,0],"107":[0],"108":[5,0],"109":[0,0],"110":[0],"111":[5,0],"112":[0,0],"113":[0],"114":[5,0],"115":[0],"116":[0,0],"117":[0,0],"118":[0,0],"119":[0,0],"120":[1],"121":[5,1],"122":[0],"123":[1,1],"124":[1],"125":[0,0],"126":[1],"127":[4,1],"128":[0],"129":[1,1],"130":[0,0],"131":[1],"132":[3,1],"133":[0,0],"134":[1],"135":[2,1],"136":[0,0],"137":[1],"138":[1,1],"139":[0,0],"140":[0],"141":[0,0],"142":[0,0],"143":[0,0],"144":[0],"145":[0,0],"146":[0],"147":[0,0],"148":[0],"149":[0,0],"150":[0],"151":[0,0],"152":[0,0],"153":[0,0],"154":[0,0],"155":[0],"156":[0,0],"157":[0,0],"158":[2,0]}}
}
