TN:
SF:src/core/AutonomousAgentSimulator.ts
FN:120,(anonymous_0)
FN:128,(anonymous_1)
FN:154,(anonymous_2)
FN:167,(anonymous_3)
FN:174,(anonymous_4)
FN:181,(anonymous_5)
FN:206,(anonymous_6)
FN:212,(anonymous_7)
FN:218,(anonymous_8)
FN:267,(anonymous_9)
FN:274,(anonymous_10)
FN:318,(anonymous_11)
FN:320,(anonymous_12)
FN:370,(anonymous_13)
FN:377,(anonymous_14)
FNF:15
FNH:12
FNDA:32,(anonymous_0)
FNDA:33,(anonymous_1)
FNDA:100,(anonymous_2)
FNDA:0,(anonymous_3)
FNDA:6,(anonymous_4)
FNDA:2,(anonymous_5)
FNDA:34,(anonymous_6)
FNDA:30,(anonymous_7)
FNDA:32,(anonymous_8)
FNDA:0,(anonymous_9)
FNDA:0,(anonymous_10)
FNDA:6,(anonymous_11)
FNDA:6,(anonymous_12)
FNDA:3,(anonymous_13)
FNDA:1,(anonymous_14)
DA:11,9
DA:12,9
DA:48,9
DA:49,32
DA:50,32
DA:51,32
DA:52,32
DA:55,32
DA:121,32
DA:122,32
DA:129,33
DA:136,33
DA:143,33
DA:155,100
DA:156,100
DA:161,100
DA:168,0
DA:175,6
DA:182,2
DA:183,2
DA:184,2
DA:185,2
DA:186,2
DA:187,2
DA:189,2
DA:191,2
DA:193,6
DA:194,6
DA:195,0
DA:198,6
DA:201,6
DA:202,6
DA:204,6
DA:206,34
DA:207,2
DA:209,4
DA:211,2
DA:212,30
DA:214,2
DA:217,2
DA:219,32
DA:222,2
DA:226,6
DA:241,6
DA:243,6
DA:244,1
DA:245,1
DA:249,1
DA:254,1
DA:255,1
DA:256,0
DA:259,0
DA:261,5
DA:262,0
DA:263,0
DA:264,0
DA:265,0
DA:268,0
DA:274,0
DA:279,5
DA:280,5
DA:281,5
DA:287,6
DA:288,6
DA:289,6
DA:296,0
DA:297,0
DA:305,0
DA:307,0
DA:308,0
DA:310,0
DA:316,2
DA:317,2
DA:318,2
DA:319,6
DA:320,6
DA:321,6
DA:322,6
DA:325,6
DA:326,6
DA:328,6
DA:329,6
DA:330,0
DA:331,0
DA:334,6
DA:343,2
DA:347,2
DA:358,2
DA:359,2
DA:360,0
DA:363,2
DA:364,2
DA:371,3
DA:378,1
DA:379,1
DA:380,1
DA:381,1
LF:97
LH:78
BRDA:193,0,0,2
BRDA:193,0,1,4
BRDA:194,1,0,0
BRDA:204,2,0,2
BRDA:204,2,1,4
BRDA:208,3,0,1
BRDA:208,3,1,1
BRDA:209,4,0,2
BRDA:209,4,1,2
BRDA:243,5,0,1
BRDA:243,5,1,5
BRDA:255,6,0,0
BRDA:261,7,0,0
BRDA:261,7,1,5
BRDA:282,8,0,5
BRDA:282,8,1,5
BRDA:282,8,2,5
BRDA:287,9,0,6
BRDA:287,9,1,0
BRDA:305,10,0,0
BRDA:305,10,1,0
BRDA:308,11,0,0
BRDA:325,12,0,6
BRDA:325,12,1,0
BRDA:328,13,0,6
BRDA:328,13,1,0
BRDA:330,14,0,0
BRDA:343,15,0,2
BRDA:343,15,1,0
BRDA:359,16,0,0
BRF:30
BRH:18
end_of_record
TN:
SF:src/core/BuddhistEthicsEngine.ts
FN:44,(anonymous_0)
FN:52,(anonymous_1)
FN:235,(anonymous_2)
FN:239,(anonymous_3)
FN:245,(anonymous_4)
FN:249,(anonymous_5)
FNF:6
FNH:6
FNDA:36,(anonymous_0)
FNDA:28,(anonymous_1)
FNDA:3,(anonymous_2)
FNDA:34,(anonymous_3)
FNDA:4,(anonymous_4)
FNDA:1,(anonymous_5)
DA:19,10
DA:20,10
DA:39,10
DA:40,36
DA:41,36
DA:45,36
DA:46,36
DA:53,28
DA:54,28
DA:55,28
DA:58,28
DA:60,28
DA:61,2
DA:62,2
DA:63,26
DA:64,0
DA:65,0
DA:68,28
DA:69,4
DA:70,4
DA:71,24
DA:72,0
DA:75,28
DA:76,3
DA:77,0
DA:78,0
DA:83,28
DA:84,0
DA:86,28
DA:87,1
DA:90,28
DA:93,28
DA:94,28
DA:97,5
DA:98,5
DA:100,28
DA:102,0
DA:104,28
DA:105,9
DA:107,28
DA:108,1
DA:109,1
DA:112,28
DA:115,28
DA:116,28
DA:117,26
DA:118,26
DA:120,2
DA:123,28
DA:124,0
DA:126,28
DA:127,0
DA:129,28
DA:130,1
DA:133,28
DA:136,28
DA:139,28
DA:140,28
DA:143,28
DA:144,1
DA:145,1
DA:146,27
DA:147,1
DA:151,28
DA:152,0
DA:153,0
DA:155,28
DA:156,0
DA:159,28
DA:162,28
DA:163,28
DA:164,0
DA:165,0
DA:167,28
DA:168,21
DA:170,28
DA:171,1
DA:172,1
DA:175,28
DA:179,28
DA:182,28
DA:183,4
DA:184,24
DA:185,2
DA:188,28
DA:192,28
DA:193,28
DA:195,28
DA:198,28
DA:199,28
DA:201,28
DA:202,0
DA:203,28
DA:204,26
DA:205,2
DA:206,2
DA:208,0
DA:211,28
DA:226,28
DA:227,28
DA:228,1
DA:231,28
DA:232,28
DA:236,3
DA:240,34
DA:246,4
DA:250,1
LF:107
LH:91
BRDA:44,0,0,35
BRDA:46,1,0,36
BRDA:46,1,1,35
BRDA:52,2,0,5
BRDA:60,3,0,2
BRDA:60,3,1,26
BRDA:60,4,0,28
BRDA:60,4,1,26
BRDA:60,4,2,26
BRDA:60,4,3,26
BRDA:60,4,4,26
BRDA:63,5,0,0
BRDA:63,6,0,26
BRDA:63,6,1,26
BRDA:63,6,2,26
BRDA:63,6,3,26
BRDA:63,6,4,26
BRDA:63,6,5,26
BRDA:68,7,0,4
BRDA:68,7,1,24
BRDA:68,8,0,28
BRDA:68,8,1,24
BRDA:68,8,2,24
BRDA:68,8,3,24
BRDA:68,8,4,24
BRDA:71,9,0,0
BRDA:71,10,0,24
BRDA:71,10,1,24
BRDA:71,10,2,24
BRDA:75,11,0,3
BRDA:76,12,0,0
BRDA:76,13,0,3
BRDA:76,13,1,3
BRDA:76,13,2,3
BRDA:76,13,3,3
BRDA:76,13,4,3
BRDA:83,14,0,0
BRDA:83,15,0,28
BRDA:83,15,1,28
BRDA:83,15,2,28
BRDA:83,15,3,28
BRDA:86,16,0,1
BRDA:86,17,0,28
BRDA:86,17,1,28
BRDA:86,17,2,28
BRDA:86,17,3,28
BRDA:94,18,0,5
BRDA:94,19,0,28
BRDA:94,19,1,28
BRDA:94,19,2,28
BRDA:94,19,3,28
BRDA:94,19,4,28
BRDA:94,19,5,28
BRDA:94,19,6,28
BRDA:94,19,7,28
BRDA:94,19,8,28
BRDA:94,19,9,28
BRDA:94,19,10,26
BRDA:94,19,11,26
BRDA:94,19,12,26
BRDA:94,19,13,26
BRDA:94,19,14,23
BRDA:100,20,0,0
BRDA:100,21,0,28
BRDA:100,21,1,28
BRDA:100,21,2,28
BRDA:100,21,3,28
BRDA:100,21,4,28
BRDA:100,21,5,28
BRDA:100,21,6,28
BRDA:100,21,7,28
BRDA:100,21,8,28
BRDA:100,21,9,28
BRDA:104,22,0,9
BRDA:104,23,0,28
BRDA:104,23,1,28
BRDA:104,23,2,28
BRDA:104,23,3,27
BRDA:104,23,4,27
BRDA:107,24,0,1
BRDA:107,25,0,28
BRDA:107,25,1,27
BRDA:107,25,2,27
BRDA:107,25,3,27
BRDA:116,26,0,26
BRDA:116,26,1,2
BRDA:123,27,0,0
BRDA:123,28,0,28
BRDA:123,28,1,28
BRDA:123,28,2,28
BRDA:123,28,3,28
BRDA:123,28,4,28
BRDA:126,29,0,0
BRDA:126,30,0,28
BRDA:126,30,1,28
BRDA:126,30,2,28
BRDA:126,30,3,28
BRDA:129,31,0,1
BRDA:129,32,0,28
BRDA:129,32,1,28
BRDA:129,32,2,28
BRDA:129,32,3,27
BRDA:139,33,0,28
BRDA:139,34,0,28
BRDA:139,34,1,28
BRDA:143,35,0,1
BRDA:143,35,1,27
BRDA:143,36,0,28
BRDA:143,36,1,27
BRDA:143,36,2,27
BRDA:143,36,3,27
BRDA:143,36,4,27
BRDA:143,36,5,27
BRDA:146,37,0,1
BRDA:146,38,0,27
BRDA:146,38,1,1
BRDA:146,38,2,1
BRDA:151,39,0,0
BRDA:151,40,0,28
BRDA:151,40,1,28
BRDA:151,40,2,28
BRDA:151,40,3,28
BRDA:151,40,4,28
BRDA:155,41,0,0
BRDA:155,42,0,28
BRDA:155,42,1,28
BRDA:155,42,2,28
BRDA:155,42,3,28
BRDA:163,43,0,0
BRDA:163,44,0,28
BRDA:163,44,1,28
BRDA:163,44,2,28
BRDA:163,44,3,28
BRDA:163,44,4,28
BRDA:167,45,0,21
BRDA:167,46,0,28
BRDA:167,46,1,28
BRDA:167,46,2,28
BRDA:170,47,0,1
BRDA:170,48,0,28
BRDA:170,48,1,27
BRDA:170,48,2,27
BRDA:170,48,3,27
BRDA:182,49,0,4
BRDA:182,49,1,24
BRDA:184,50,0,2
BRDA:201,51,0,0
BRDA:201,51,1,28
BRDA:201,52,0,28
BRDA:201,52,1,4
BRDA:203,53,0,26
BRDA:203,53,1,2
BRDA:203,54,0,28
BRDA:203,54,1,26
BRDA:205,55,0,2
BRDA:205,55,1,0
BRDA:205,56,0,2
BRDA:205,56,1,1
BRDA:227,57,0,1
BRDA:240,58,0,26
BRDA:240,58,1,8
BRF:161
BRH:149
end_of_record
TN:
SF:src/core/CareEthicsEngine.ts
FN:48,(anonymous_0)
FN:56,(anonymous_1)
FN:83,(anonymous_2)
FN:99,(anonymous_3)
FN:106,(anonymous_4)
FN:134,(anonymous_5)
FN:183,(anonymous_6)
FN:184,(anonymous_7)
FN:220,(anonymous_8)
FN:258,(anonymous_9)
FN:265,(anonymous_10)
FN:290,(anonymous_11)
FN:304,(anonymous_12)
FN:305,(anonymous_13)
FN:320,(anonymous_14)
FN:328,(anonymous_15)
FNF:16
FNH:14
FNDA:35,(anonymous_0)
FNDA:8,(anonymous_1)
FNDA:1,(anonymous_2)
FNDA:5,(anonymous_3)
FNDA:25,(anonymous_4)
FNDA:9,(anonymous_5)
FNDA:25,(anonymous_6)
FNDA:10,(anonymous_7)
FNDA:25,(anonymous_8)
FNDA:25,(anonymous_9)
FNDA:7,(anonymous_10)
FNDA:25,(anonymous_11)
FNDA:0,(anonymous_12)
FNDA:0,(anonymous_13)
FNDA:32,(anonymous_14)
FNDA:2,(anonymous_15)
DA:10,10
DA:11,10
DA:13,10
DA:43,10
DA:44,35
DA:45,35
DA:49,35
DA:50,35
DA:57,8
DA:58,8
DA:60,8
DA:61,7
DA:70,1
DA:71,1
DA:72,1
DA:75,8
DA:76,8
DA:77,8
DA:84,1
DA:85,1
DA:86,1
DA:88,1
DA:89,1
DA:91,1
DA:92,1
DA:93,1
DA:100,5
DA:107,25
DA:110,25
DA:113,25
DA:116,25
DA:119,25
DA:120,25
DA:121,2
DA:122,23
DA:123,1
DA:125,22
DA:129,25
DA:130,25
DA:133,25
DA:134,9
DA:135,4
DA:137,21
DA:140,25
DA:141,1
DA:142,24
DA:143,2
DA:145,22
DA:148,25
DA:149,1
DA:150,24
DA:151,2
DA:154,25
DA:156,25
DA:169,25
DA:171,25
DA:172,25
DA:173,0
DA:176,25
DA:177,25
DA:184,25
DA:185,10
DA:186,10
DA:189,10
DA:190,4
DA:191,4
DA:195,10
DA:196,7
DA:197,7
DA:201,10
DA:202,0
DA:203,0
DA:206,10
DA:208,10
DA:221,25
DA:222,25
DA:225,25
DA:226,2
DA:228,25
DA:229,0
DA:231,25
DA:232,0
DA:236,25
DA:237,1
DA:239,25
DA:240,0
DA:242,25
DA:243,0
DA:247,25
DA:249,0
DA:252,25
DA:259,25
DA:260,25
DA:262,25
DA:263,25
DA:265,25
DA:267,25
DA:268,1
DA:269,1
DA:270,1
DA:272,24
DA:273,2
DA:274,2
DA:275,0
DA:279,22
DA:280,0
DA:284,25
DA:291,25
DA:293,0
DA:294,0
DA:295,0
DA:298,0
DA:299,0
DA:300,0
DA:301,0
DA:304,0
DA:305,0
DA:306,0
DA:308,0
DA:309,0
DA:310,0
DA:311,0
DA:321,32
DA:322,24
DA:329,2
LF:125
LH:101
BRDA:48,0,0,35
BRDA:50,1,0,35
BRDA:50,1,1,35
BRDA:56,2,0,0
BRDA:60,3,0,7
BRDA:60,3,1,1
BRDA:83,4,0,0
BRDA:86,5,0,0
BRDA:106,6,0,0
BRDA:120,7,0,2
BRDA:120,7,1,23
BRDA:120,8,0,25
BRDA:120,8,1,2
BRDA:122,9,0,1
BRDA:122,9,1,22
BRDA:122,10,0,23
BRDA:122,10,1,1
BRDA:133,11,0,4
BRDA:133,11,1,21
BRDA:140,12,0,1
BRDA:140,12,1,24
BRDA:142,13,0,2
BRDA:142,13,1,22
BRDA:148,14,0,1
BRDA:148,14,1,24
BRDA:150,15,0,2
BRDA:172,16,0,0
BRDA:189,17,0,4
BRDA:195,18,0,7
BRDA:201,19,0,0
BRDA:206,20,0,10
BRDA:206,20,1,0
BRDA:225,21,0,2
BRDA:225,22,0,25
BRDA:225,22,1,24
BRDA:225,22,2,23
BRDA:228,23,0,0
BRDA:228,24,0,25
BRDA:228,24,1,25
BRDA:228,24,2,25
BRDA:231,25,0,0
BRDA:231,26,0,25
BRDA:231,26,1,25
BRDA:231,26,2,25
BRDA:236,27,0,1
BRDA:236,28,0,25
BRDA:236,28,1,24
BRDA:236,28,2,24
BRDA:236,28,3,24
BRDA:239,29,0,0
BRDA:239,30,0,25
BRDA:239,30,1,25
BRDA:239,30,2,25
BRDA:242,31,0,0
BRDA:242,32,0,25
BRDA:242,32,1,25
BRDA:242,32,2,25
BRDA:247,33,0,0
BRDA:247,34,0,25
BRDA:247,34,1,6
BRDA:249,35,0,0
BRDA:262,36,0,25
BRDA:262,36,1,25
BRDA:262,36,2,25
BRDA:262,36,3,25
BRDA:262,36,4,25
BRDA:262,36,5,25
BRDA:262,36,6,24
BRDA:263,37,0,25
BRDA:263,37,1,24
BRDA:263,37,2,24
BRDA:263,37,3,23
BRDA:263,37,4,23
BRDA:267,38,0,1
BRDA:267,38,1,24
BRDA:269,39,0,1
BRDA:272,40,0,2
BRDA:272,40,1,22
BRDA:274,41,0,0
BRDA:279,42,0,0
BRDA:279,43,0,22
BRDA:279,43,1,22
BRDA:279,43,2,22
BRDA:291,44,0,25
BRDA:291,45,0,25
BRDA:291,45,1,6
BRDA:294,46,0,0
BRDA:294,46,1,0
BRDA:294,46,2,0
BRDA:294,46,3,0
BRDA:295,47,0,0
BRDA:295,47,1,0
BRDA:295,47,2,0
BRDA:295,47,3,0
BRDA:295,47,4,0
BRDA:306,48,0,0
BRDA:306,49,0,0
BRDA:306,49,1,0
BRDA:308,50,0,0
BRDA:308,50,1,0
BRDA:310,51,0,0
BRDA:321,52,0,8
BRF:102
BRH:72
end_of_record
TN:
SF:src/core/ChatAICognitiveEngine.ts
FN:54,(anonymous_0)
FN:67,(anonymous_1)
FN:74,(anonymous_2)
FN:85,(anonymous_3)
FN:178,(anonymous_4)
FN:179,(anonymous_5)
FN:195,(anonymous_6)
FN:236,(anonymous_7)
FN:257,(anonymous_8)
FN:264,(anonymous_9)
FN:305,(anonymous_10)
FN:457,(anonymous_11)
FN:494,(anonymous_12)
FN:495,(anonymous_13)
FN:538,(anonymous_14)
FN:539,(anonymous_15)
FN:560,(anonymous_16)
FN:582,(anonymous_17)
FN:593,(anonymous_18)
FN:597,(anonymous_19)
FN:601,(anonymous_20)
FN:605,(anonymous_21)
FN:612,(anonymous_22)
FNF:23
FNH:22
FNDA:32,(anonymous_0)
FNDA:32,(anonymous_1)
FNDA:2,(anonymous_2)
FNDA:7,(anonymous_3)
FNDA:3,(anonymous_4)
FNDA:12,(anonymous_5)
FNDA:7,(anonymous_6)
FNDA:7,(anonymous_7)
FNDA:7,(anonymous_8)
FNDA:0,(anonymous_9)
FNDA:7,(anonymous_10)
FNDA:3,(anonymous_11)
FNDA:9,(anonymous_12)
FNDA:36,(anonymous_13)
FNDA:7,(anonymous_14)
FNDA:15,(anonymous_15)
FNDA:32,(anonymous_16)
FNDA:14,(anonymous_17)
FNDA:2,(anonymous_18)
FNDA:3,(anonymous_19)
FNDA:3,(anonymous_20)
FNDA:3,(anonymous_21)
FNDA:1,(anonymous_22)
DA:15,9
DA:16,9
DA:17,9
DA:18,9
DA:19,9
DA:43,9
DA:44,32
DA:45,32
DA:49,32
DA:51,32
DA:52,32
DA:55,32
DA:56,32
DA:57,32
DA:58,0
DA:60,32
DA:61,32
DA:68,32
DA:75,2
DA:86,7
DA:87,7
DA:88,3
DA:92,7
DA:98,7
DA:99,7
DA:102,7
DA:103,7
DA:104,7
DA:112,7
DA:113,7
DA:114,0
DA:115,0
DA:116,0
DA:120,7
DA:122,7
DA:123,7
DA:124,0
DA:126,7
DA:127,7
DA:128,7
DA:132,7
DA:133,7
DA:141,7
DA:142,7
DA:143,0
DA:144,0
DA:150,7
DA:157,7
DA:158,7
DA:165,7
DA:166,3
DA:169,7
DA:170,7
DA:172,7
DA:179,12
DA:180,3
DA:181,3
DA:182,3
DA:183,2
DA:185,3
DA:188,3
DA:196,7
DA:197,7
DA:198,1
DA:200,6
DA:201,1
DA:203,5
DA:204,5
DA:206,0
DA:207,0
DA:209,0
DA:210,0
DA:212,0
DA:213,0
DA:215,0
DA:216,0
DA:218,0
DA:219,0
DA:221,0
DA:222,0
DA:224,0
DA:225,0
DA:227,0
DA:228,0
DA:230,0
DA:237,7
DA:240,7
DA:241,7
DA:243,7
DA:244,7
DA:246,4
DA:247,4
DA:250,7
DA:251,7
DA:252,7
DA:256,7
DA:257,7
DA:258,7
DA:259,7
DA:261,7
DA:263,7
DA:264,7
DA:266,7
DA:276,0
DA:278,0
DA:279,0
DA:282,0
DA:283,0
DA:284,0
DA:285,0
DA:286,0
DA:287,0
DA:289,0
DA:293,0
DA:294,0
DA:295,0
DA:296,0
DA:299,0
DA:306,7
DA:309,7
DA:310,7
DA:311,7
DA:312,4
DA:313,4
DA:315,7
DA:318,7
DA:319,7
DA:320,7
DA:321,7
DA:324,7
DA:325,1
DA:326,1
DA:327,0
DA:328,1
DA:329,0
DA:330,1
DA:331,1
DA:332,0
DA:333,0
DA:334,0
DA:335,0
DA:336,0
DA:337,0
DA:338,0
DA:339,0
DA:340,0
DA:341,0
DA:342,0
DA:343,0
DA:344,0
DA:345,0
DA:346,0
DA:347,0
DA:349,1
DA:353,6
DA:354,1
DA:355,1
DA:356,1
DA:357,1
DA:360,5
DA:361,1
DA:362,1
DA:363,1
DA:364,1
DA:369,1
DA:370,1
DA:373,4
DA:374,4
DA:375,4
DA:376,4
DA:377,4
DA:380,0
DA:381,0
DA:382,0
DA:383,0
DA:384,0
DA:387,0
DA:388,0
DA:389,0
DA:390,0
DA:391,0
DA:394,0
DA:395,0
DA:396,0
DA:397,0
DA:398,0
DA:401,0
DA:402,0
DA:403,0
DA:404,0
DA:405,0
DA:408,0
DA:409,0
DA:410,0
DA:411,0
DA:412,0
DA:415,0
DA:416,0
DA:417,0
DA:418,0
DA:419,0
DA:422,0
DA:423,0
DA:424,0
DA:425,0
DA:426,0
DA:429,0
DA:430,0
DA:431,0
DA:432,0
DA:433,0
DA:434,0
DA:438,0
DA:444,0
DA:458,3
DA:460,3
DA:461,3
DA:462,3
DA:464,3
DA:466,3
DA:469,1
DA:470,1
DA:472,1
DA:473,1
DA:475,1
DA:479,1
DA:480,1
DA:484,1
DA:485,1
DA:487,1
DA:495,9
DA:496,36
DA:501,1
DA:504,1
DA:512,2
DA:515,2
DA:516,2
DA:518,2
DA:519,2
DA:521,2
DA:523,2
DA:532,3
DA:539,15
DA:540,7
DA:541,7
DA:552,7
DA:554,7
DA:561,32
DA:562,6
DA:563,6
DA:564,6
DA:565,6
DA:566,6
DA:568,6
DA:569,6
DA:570,6
DA:574,0
DA:583,14
DA:584,14
DA:586,0
DA:594,2
DA:598,3
DA:602,3
DA:606,3
DA:613,1
DA:614,1
LF:266
LH:164
BRDA:54,0,0,32
BRDA:56,1,0,32
BRDA:56,1,1,32
BRDA:57,2,0,0
BRDA:87,3,0,3
BRDA:103,4,0,7
BRDA:113,5,0,0
BRDA:120,6,0,7
BRDA:132,7,0,7
BRDA:142,8,0,0
BRDA:162,9,0,7
BRDA:162,9,1,0
BRDA:163,10,0,7
BRDA:163,10,1,0
BRDA:165,11,0,3
BRDA:180,12,0,3
BRDA:182,13,0,2
BRDA:197,14,0,1
BRDA:200,15,0,1
BRDA:203,16,0,5
BRDA:203,17,0,5
BRDA:203,17,1,4
BRDA:206,18,0,0
BRDA:206,19,0,0
BRDA:206,19,1,0
BRDA:209,20,0,0
BRDA:209,21,0,0
BRDA:209,21,1,0
BRDA:212,22,0,0
BRDA:212,23,0,0
BRDA:212,23,1,0
BRDA:215,24,0,0
BRDA:215,25,0,0
BRDA:215,25,1,0
BRDA:218,26,0,0
BRDA:218,27,0,0
BRDA:218,27,1,0
BRDA:221,28,0,0
BRDA:221,29,0,0
BRDA:221,29,1,0
BRDA:224,30,0,0
BRDA:224,31,0,0
BRDA:224,31,1,0
BRDA:227,32,0,0
BRDA:227,33,0,0
BRDA:227,33,1,0
BRDA:241,34,0,7
BRDA:241,34,1,4
BRDA:244,35,0,4
BRDA:244,36,0,7
BRDA:244,36,1,4
BRDA:246,37,0,4
BRDA:246,37,1,0
BRDA:250,38,0,7
BRDA:250,39,0,7
BRDA:250,39,1,7
BRDA:258,40,0,7
BRDA:258,40,1,0
BRDA:278,41,0,0
BRDA:284,42,0,0
BRDA:284,42,1,0
BRDA:284,43,0,0
BRDA:284,43,1,0
BRDA:284,43,2,0
BRDA:286,44,0,0
BRDA:286,44,1,0
BRDA:286,45,0,0
BRDA:286,45,1,0
BRDA:295,46,0,0
BRDA:309,47,0,7
BRDA:309,47,1,4
BRDA:311,48,0,4
BRDA:311,49,0,7
BRDA:311,49,1,4
BRDA:312,50,0,4
BRDA:312,50,1,0
BRDA:318,51,0,7
BRDA:318,51,1,0
BRDA:319,52,0,7
BRDA:319,52,1,0
BRDA:320,53,0,7
BRDA:320,53,1,0
BRDA:321,54,0,7
BRDA:321,54,1,0
BRDA:324,55,0,1
BRDA:324,56,0,7
BRDA:324,56,1,7
BRDA:324,56,2,6
BRDA:326,57,0,0
BRDA:326,57,1,1
BRDA:328,58,0,0
BRDA:328,58,1,1
BRDA:330,59,0,1
BRDA:330,59,1,0
BRDA:330,60,0,1
BRDA:330,60,1,1
BRDA:332,61,0,0
BRDA:332,61,1,0
BRDA:332,62,0,0
BRDA:332,62,1,0
BRDA:334,63,0,0
BRDA:334,63,1,0
BRDA:336,64,0,0
BRDA:336,64,1,0
BRDA:338,65,0,0
BRDA:338,65,1,0
BRDA:340,66,0,0
BRDA:340,66,1,0
BRDA:342,67,0,0
BRDA:342,67,1,0
BRDA:344,68,0,0
BRDA:344,68,1,0
BRDA:346,69,0,0
BRDA:346,70,0,0
BRDA:346,70,1,0
BRDA:349,71,0,1
BRDA:349,71,1,0
BRDA:353,72,0,1
BRDA:355,73,0,1
BRDA:355,73,1,0
BRDA:356,74,0,1
BRDA:356,74,1,0
BRDA:360,75,0,1
BRDA:362,76,0,1
BRDA:362,76,1,0
BRDA:363,77,0,1
BRDA:363,77,1,0
BRDA:373,78,0,4
BRDA:373,79,0,4
BRDA:373,79,1,3
BRDA:375,80,0,4
BRDA:375,80,1,0
BRDA:376,81,0,4
BRDA:376,81,1,0
BRDA:376,82,0,4
BRDA:376,82,1,0
BRDA:380,83,0,0
BRDA:380,84,0,0
BRDA:380,84,1,0
BRDA:382,85,0,0
BRDA:382,85,1,0
BRDA:383,86,0,0
BRDA:383,86,1,0
BRDA:387,87,0,0
BRDA:387,88,0,0
BRDA:387,88,1,0
BRDA:389,89,0,0
BRDA:389,89,1,0
BRDA:389,90,0,0
BRDA:389,90,1,0
BRDA:390,91,0,0
BRDA:390,91,1,0
BRDA:394,92,0,0
BRDA:394,93,0,0
BRDA:394,93,1,0
BRDA:396,94,0,0
BRDA:396,94,1,0
BRDA:397,95,0,0
BRDA:397,95,1,0
BRDA:401,96,0,0
BRDA:401,97,0,0
BRDA:401,97,1,0
BRDA:403,98,0,0
BRDA:403,98,1,0
BRDA:404,99,0,0
BRDA:404,99,1,0
BRDA:408,100,0,0
BRDA:408,101,0,0
BRDA:408,101,1,0
BRDA:410,102,0,0
BRDA:410,102,1,0
BRDA:411,103,0,0
BRDA:411,103,1,0
BRDA:411,104,0,0
BRDA:411,104,1,0
BRDA:415,105,0,0
BRDA:415,106,0,0
BRDA:415,106,1,0
BRDA:417,107,0,0
BRDA:417,107,1,0
BRDA:418,108,0,0
BRDA:418,108,1,0
BRDA:422,109,0,0
BRDA:422,110,0,0
BRDA:422,110,1,0
BRDA:424,111,0,0
BRDA:424,111,1,0
BRDA:425,112,0,0
BRDA:425,112,1,0
BRDA:429,113,0,0
BRDA:429,114,0,0
BRDA:429,114,1,0
BRDA:431,115,0,0
BRDA:431,115,1,0
BRDA:431,116,0,0
BRDA:431,116,1,0
BRDA:432,117,0,0
BRDA:432,117,1,0
BRDA:458,118,0,0
BRDA:461,119,0,3
BRDA:461,119,1,1
BRDA:462,120,0,3
BRDA:462,120,1,0
BRDA:466,121,0,1
BRDA:466,121,1,2
BRDA:484,122,0,1
BRDA:484,123,0,1
BRDA:484,123,1,1
BRDA:484,123,2,0
BRDA:484,123,3,0
BRDA:496,124,0,36
BRDA:496,124,1,36
BRDA:512,125,0,2
BRDA:540,126,0,7
BRDA:561,127,0,6
BRDA:565,128,0,6
BRDA:569,129,0,6
BRDA:569,130,0,6
BRDA:569,130,1,6
BRDA:569,130,2,6
BRF:220
BRH:77
end_of_record
TN:
SF:src/core/ConfucianEthicsEngine.ts
FN:42,(anonymous_0)
FN:50,(anonymous_1)
FN:221,(anonymous_2)
FN:226,(anonymous_3)
FN:230,(anonymous_4)
FNF:5
FNH:4
FNDA:36,(anonymous_0)
FNDA:28,(anonymous_1)
FNDA:33,(anonymous_2)
FNDA:3,(anonymous_3)
FNDA:0,(anonymous_4)
DA:18,10
DA:19,10
DA:38,10
DA:39,36
DA:43,36
DA:44,36
DA:51,28
DA:52,28
DA:53,28
DA:56,28
DA:58,28
DA:59,1
DA:60,1
DA:61,27
DA:62,1
DA:63,1
DA:66,28
DA:67,4
DA:68,4
DA:69,24
DA:70,0
DA:73,28
DA:74,3
DA:75,0
DA:76,0
DA:80,28
DA:83,28
DA:85,28
DA:86,1
DA:87,1
DA:88,27
DA:89,1
DA:90,1
DA:93,28
DA:94,1
DA:96,28
DA:97,2
DA:100,28
DA:103,28
DA:106,28
DA:107,2
DA:108,2
DA:109,2
DA:113,28
DA:114,0
DA:115,0
DA:118,28
DA:119,6
DA:122,28
DA:125,28
DA:127,28
DA:128,16
DA:129,16
DA:132,28
DA:133,0
DA:134,0
DA:137,28
DA:138,0
DA:141,28
DA:144,28
DA:146,28
DA:147,1
DA:148,1
DA:151,28
DA:152,0
DA:153,0
DA:156,28
DA:159,28
DA:161,28
DA:162,1
DA:163,0
DA:164,0
DA:165,1
DA:166,0
DA:167,0
DA:171,28
DA:172,0
DA:175,28
DA:178,28
DA:188,28
DA:189,28
DA:190,0
DA:191,28
DA:192,1
DA:193,27
DA:194,7
DA:197,28
DA:212,28
DA:213,28
DA:214,1
DA:217,28
DA:218,28
DA:222,33
DA:223,25
DA:227,3
DA:231,0
LF:96
LH:79
BRDA:42,0,0,35
BRDA:44,1,0,36
BRDA:44,1,1,35
BRDA:50,2,0,5
BRDA:58,3,0,1
BRDA:58,3,1,27
BRDA:58,4,0,28
BRDA:58,4,1,27
BRDA:58,4,2,27
BRDA:58,4,3,27
BRDA:58,4,4,27
BRDA:61,5,0,1
BRDA:61,6,0,27
BRDA:61,6,1,26
BRDA:61,6,2,26
BRDA:61,6,3,26
BRDA:66,7,0,4
BRDA:66,7,1,24
BRDA:66,8,0,28
BRDA:66,8,1,24
BRDA:66,8,2,24
BRDA:66,8,3,24
BRDA:66,8,4,24
BRDA:66,8,5,24
BRDA:69,9,0,0
BRDA:69,10,0,24
BRDA:69,10,1,24
BRDA:69,10,2,24
BRDA:69,10,3,24
BRDA:69,10,4,24
BRDA:73,11,0,3
BRDA:74,12,0,0
BRDA:74,13,0,3
BRDA:74,13,1,3
BRDA:74,13,2,3
BRDA:74,13,3,3
BRDA:85,14,0,1
BRDA:85,14,1,27
BRDA:85,15,0,28
BRDA:85,15,1,27
BRDA:85,15,2,27
BRDA:85,15,3,27
BRDA:85,15,4,27
BRDA:88,16,0,1
BRDA:88,17,0,27
BRDA:88,17,1,26
BRDA:88,17,2,26
BRDA:88,17,3,26
BRDA:88,17,4,26
BRDA:88,17,5,26
BRDA:93,18,0,1
BRDA:93,19,0,28
BRDA:93,19,1,27
BRDA:93,19,2,27
BRDA:93,19,3,27
BRDA:96,20,0,2
BRDA:96,21,0,28
BRDA:96,21,1,27
BRDA:96,21,2,26
BRDA:96,21,3,26
BRDA:106,22,0,2
BRDA:106,23,0,28
BRDA:106,23,1,27
BRDA:106,23,2,26
BRDA:106,23,3,26
BRDA:106,23,4,26
BRDA:106,23,5,26
BRDA:107,24,0,2
BRDA:107,25,0,2
BRDA:107,25,1,2
BRDA:113,26,0,0
BRDA:113,27,0,28
BRDA:113,27,1,28
BRDA:113,27,2,28
BRDA:113,27,3,28
BRDA:113,27,4,28
BRDA:113,27,5,28
BRDA:113,27,6,28
BRDA:118,28,0,6
BRDA:118,29,0,28
BRDA:118,29,1,23
BRDA:118,29,2,23
BRDA:118,29,3,23
BRDA:118,29,4,23
BRDA:127,30,0,16
BRDA:127,31,0,28
BRDA:127,31,1,28
BRDA:127,31,2,28
BRDA:127,31,3,28
BRDA:127,31,4,13
BRDA:127,31,5,13
BRDA:127,31,6,13
BRDA:132,32,0,0
BRDA:132,33,0,28
BRDA:132,33,1,28
BRDA:132,33,2,28
BRDA:132,33,3,28
BRDA:132,33,4,28
BRDA:137,34,0,0
BRDA:137,35,0,28
BRDA:137,35,1,28
BRDA:137,35,2,28
BRDA:137,35,3,28
BRDA:146,36,0,1
BRDA:146,37,0,28
BRDA:146,37,1,28
BRDA:146,37,2,28
BRDA:146,37,3,28
BRDA:146,37,4,27
BRDA:151,38,0,0
BRDA:151,39,0,28
BRDA:151,39,1,28
BRDA:151,39,2,28
BRDA:151,39,3,28
BRDA:151,39,4,28
BRDA:151,39,5,28
BRDA:161,40,0,1
BRDA:161,41,0,28
BRDA:161,41,1,28
BRDA:161,41,2,28
BRDA:161,41,3,28
BRDA:161,41,4,27
BRDA:162,42,0,0
BRDA:162,42,1,1
BRDA:162,43,0,1
BRDA:162,43,1,1
BRDA:162,43,2,1
BRDA:162,43,3,1
BRDA:165,44,0,0
BRDA:165,45,0,1
BRDA:165,45,1,1
BRDA:165,45,2,1
BRDA:165,45,3,1
BRDA:171,46,0,0
BRDA:171,47,0,28
BRDA:171,47,1,28
BRDA:171,47,2,28
BRDA:171,47,3,28
BRDA:189,48,0,0
BRDA:189,48,1,28
BRDA:189,49,0,28
BRDA:189,49,1,0
BRDA:189,49,2,0
BRDA:191,50,0,1
BRDA:191,50,1,27
BRDA:193,51,0,7
BRDA:193,52,0,27
BRDA:193,52,1,20
BRDA:193,52,2,20
BRDA:213,53,0,1
BRDA:222,54,0,8
BRF:151
BRH:139
end_of_record
TN:
SF:src/core/CyberneticSelfOptimizer.ts
FN:40,(anonymous_0)
FN:48,(anonymous_1)
FN:119,(anonymous_2)
FN:120,(anonymous_3)
FN:228,(anonymous_4)
FN:235,(anonymous_5)
FNF:6
FNH:5
FNDA:32,(anonymous_0)
FNDA:26,(anonymous_1)
FNDA:27,(anonymous_2)
FNDA:135,(anonymous_3)
FNDA:1,(anonymous_4)
FNDA:0,(anonymous_5)
DA:10,9
DA:11,9
DA:12,9
DA:35,9
DA:36,32
DA:38,32
DA:41,32
DA:42,32
DA:49,26
DA:50,26
DA:51,26
DA:52,26
DA:54,26
DA:55,26
DA:56,26
DA:58,26
DA:59,26
DA:60,26
DA:61,26
DA:64,26
DA:71,26
DA:73,26
DA:75,3
DA:77,3
DA:78,3
DA:79,3
DA:80,3
DA:82,0
DA:84,0
DA:85,0
DA:86,0
DA:87,0
DA:91,0
DA:92,0
DA:93,0
DA:98,3
DA:102,3
DA:103,3
DA:111,3
DA:120,27
DA:121,135
DA:128,3
DA:129,3
DA:130,3
DA:135,3
DA:136,3
DA:137,3
DA:140,23
DA:141,23
DA:142,23
DA:144,23
DA:146,23
DA:147,5
DA:148,5
DA:150,23
DA:151,5
DA:152,5
DA:154,23
DA:155,1
DA:156,1
DA:159,23
DA:160,5
DA:162,5
DA:163,5
DA:164,5
DA:168,23
DA:173,1
DA:176,1
DA:177,1
DA:178,1
DA:179,1
DA:185,26
DA:186,8
DA:202,8
DA:203,8
DA:204,0
DA:208,8
DA:209,8
DA:218,8
DA:219,8
DA:222,18
DA:229,1
DA:236,0
DA:237,0
LF:84
LH:73
BRDA:40,0,0,32
BRDA:42,1,0,32
BRDA:42,1,1,32
BRDA:50,2,0,26
BRDA:50,2,1,0
BRDA:71,3,0,26
BRDA:71,3,1,23
BRDA:71,3,2,23
BRDA:73,4,0,3
BRDA:73,4,1,23
BRDA:75,5,0,3
BRDA:75,5,1,0
BRDA:75,6,0,3
BRDA:75,6,1,3
BRDA:82,7,0,0
BRDA:82,7,1,0
BRDA:82,8,0,0
BRDA:82,8,1,0
BRDA:98,9,0,3
BRDA:99,10,0,3
BRDA:99,10,1,0
BRDA:99,10,2,3
BRDA:146,11,0,5
BRDA:150,12,0,5
BRDA:154,13,0,1
BRDA:159,14,0,5
BRDA:168,15,0,1
BRDA:169,16,0,23
BRDA:169,16,1,23
BRDA:169,16,2,23
BRDA:177,17,0,1
BRDA:185,18,0,8
BRDA:185,19,0,26
BRDA:185,19,1,23
BRDA:203,20,0,0
BRDA:208,21,0,8
BRF:36
BRH:28
end_of_record
TN:
SF:src/core/DeontologicalGameEngine.ts
FN:60,(anonymous_0)
FN:70,(anonymous_1)
FN:77,(anonymous_2)
FN:84,(anonymous_3)
FN:103,(anonymous_4)
FN:119,(anonymous_5)
FN:133,(anonymous_6)
FN:162,(anonymous_7)
FN:229,(anonymous_8)
FN:275,(anonymous_9)
FN:281,(anonymous_10)
FNF:11
FNH:9
FNDA:35,(anonymous_0)
FNDA:0,(anonymous_1)
FNDA:0,(anonymous_2)
FNDA:7,(anonymous_3)
FNDA:50,(anonymous_4)
FNDA:145,(anonymous_5)
FNDA:145,(anonymous_6)
FNDA:2,(anonymous_7)
FNDA:4,(anonymous_8)
FNDA:2,(anonymous_9)
FNDA:6,(anonymous_10)
DA:9,10
DA:55,10
DA:56,35
DA:63,35
DA:64,35
DA:71,0
DA:78,0
DA:89,7
DA:90,7
DA:96,7
DA:97,7
DA:107,50
DA:110,50
DA:111,100
DA:112,100
DA:113,0
DA:118,100
DA:119,145
DA:120,100
DA:121,0
DA:127,100
DA:128,100
DA:129,200
DA:130,100
DA:131,100
DA:132,100
DA:133,145
DA:135,100
DA:136,100
DA:142,100
DA:143,100
DA:144,100
DA:145,100
DA:149,100
DA:156,50
DA:163,2
DA:164,2
DA:165,0
DA:169,2
DA:172,2
DA:175,2
DA:178,2
DA:179,2
DA:180,2
DA:181,2
DA:184,2
DA:185,2
DA:186,3
DA:187,1
DA:188,1
DA:192,2
DA:194,1
DA:200,2
DA:201,2
DA:202,2
DA:204,2
DA:205,1
DA:206,1
DA:207,1
DA:213,2
DA:234,4
DA:236,4
DA:237,16
DA:240,16
DA:241,24
DA:242,24
DA:246,24
DA:247,24
DA:248,39
DA:251,24
DA:252,24
DA:255,24
DA:256,12
DA:257,12
DA:261,24
DA:264,16
DA:265,4
DA:269,4
DA:278,2
DA:279,2
DA:281,2
DA:282,6
DA:283,2
DA:286,4
DA:287,4
DA:288,4
DA:289,4
DA:291,4
DA:292,8
DA:293,12
DA:300,4
DA:303,2
LF:92
LH:87
BRDA:61,0,0,32
BRDA:63,1,0,35
BRDA:63,1,1,32
BRDA:64,2,0,35
BRDA:64,2,1,32
BRDA:112,3,0,0
BRDA:118,4,0,100
BRDA:118,4,1,0
BRDA:120,5,0,0
BRDA:129,6,0,100
BRDA:131,7,0,100
BRDA:131,7,1,0
BRDA:135,8,0,100
BRDA:164,9,0,0
BRDA:179,10,0,2
BRDA:179,11,0,2
BRDA:179,11,1,2
BRDA:186,12,0,1
BRDA:192,13,0,1
BRDA:204,14,0,1
BRDA:206,15,0,1
BRDA:206,15,1,0
BRDA:246,16,0,24
BRDA:246,16,1,0
BRDA:248,17,0,15
BRDA:255,18,0,12
BRDA:261,19,0,12
BRDA:264,20,0,4
BRDA:279,21,0,0
BRDA:282,22,0,2
BRDA:287,23,0,4
BRDA:287,23,1,0
BRF:32
BRH:23
end_of_record
TN:
SF:src/core/EcocentricEthicsEngine.ts
FN:31,(anonymous_0)
FN:39,(anonymous_1)
FN:151,(anonymous_2)
FN:159,(anonymous_3)
FNF:4
FNH:4
FNDA:36,(anonymous_0)
FNDA:28,(anonymous_1)
FNDA:33,(anonymous_2)
FNDA:3,(anonymous_3)
DA:11,10
DA:12,10
DA:27,10
DA:28,36
DA:32,36
DA:33,36
DA:40,28
DA:41,28
DA:42,28
DA:45,28
DA:47,28
DA:48,1
DA:50,28
DA:51,2
DA:53,28
DA:54,1
DA:58,28
DA:59,1
DA:62,28
DA:65,28
DA:67,28
DA:68,2
DA:70,28
DA:71,0
DA:73,28
DA:74,1
DA:78,28
DA:79,1
DA:82,28
DA:86,28
DA:89,28
DA:90,0
DA:93,28
DA:96,28
DA:97,28
DA:98,25
DA:99,3
DA:100,1
DA:101,2
DA:102,1
DA:104,1
DA:108,28
DA:109,25
DA:110,25
DA:111,3
DA:112,1
DA:113,2
DA:114,1
DA:115,1
DA:117,1
DA:118,1
DA:121,28
DA:122,1
DA:124,28
DA:125,2
DA:128,28
DA:139,28
DA:140,28
DA:141,1
DA:144,28
DA:145,28
DA:152,33
DA:153,25
DA:160,3
LF:64
LH:62
BRDA:31,0,0,35
BRDA:33,1,0,36
BRDA:33,1,1,35
BRDA:39,2,0,5
BRDA:47,3,0,1
BRDA:47,4,0,28
BRDA:47,4,1,27
BRDA:47,4,2,27
BRDA:50,5,0,2
BRDA:50,6,0,28
BRDA:50,6,1,28
BRDA:50,6,2,27
BRDA:53,7,0,1
BRDA:53,8,0,28
BRDA:53,8,1,28
BRDA:53,8,2,28
BRDA:58,9,0,1
BRDA:58,10,0,28
BRDA:58,10,1,27
BRDA:58,10,2,27
BRDA:58,10,3,27
BRDA:67,11,0,2
BRDA:67,12,0,28
BRDA:67,12,1,27
BRDA:67,12,2,27
BRDA:67,12,3,26
BRDA:70,13,0,0
BRDA:70,14,0,28
BRDA:70,14,1,28
BRDA:70,14,2,28
BRDA:73,15,0,1
BRDA:73,16,0,28
BRDA:73,16,1,27
BRDA:73,16,2,27
BRDA:78,17,0,1
BRDA:78,18,0,28
BRDA:78,18,1,28
BRDA:78,18,2,27
BRDA:78,18,3,27
BRDA:89,19,0,0
BRDA:97,20,0,25
BRDA:97,20,1,3
BRDA:99,21,0,1
BRDA:99,21,1,2
BRDA:101,22,0,1
BRDA:101,22,1,1
BRDA:108,23,0,25
BRDA:108,23,1,3
BRDA:111,24,0,1
BRDA:111,24,1,2
BRDA:113,25,0,1
BRDA:113,25,1,1
BRDA:121,26,0,1
BRDA:124,27,0,2
BRDA:140,28,0,1
BRDA:152,29,0,8
BRF:56
BRH:54
end_of_record
TN:
SF:src/core/EthicalEntropyEngine.ts
FN:36,(anonymous_0)
FN:45,(anonymous_1)
FN:65,(anonymous_2)
FN:101,(anonymous_3)
FN:119,(anonymous_4)
FN:152,(anonymous_5)
FN:203,(anonymous_6)
FN:246,(anonymous_7)
FN:267,(anonymous_8)
FNF:9
FNH:9
FNDA:38,(anonymous_0)
FNDA:38,(anonymous_1)
FNDA:1,(anonymous_2)
FNDA:35,(anonymous_3)
FNDA:164,(anonymous_4)
FNDA:190,(anonymous_5)
FNDA:63,(anonymous_6)
FNDA:1,(anonymous_7)
FNDA:1,(anonymous_8)
DA:9,10
DA:30,10
DA:31,38
DA:33,38
DA:34,38
DA:37,38
DA:46,38
DA:53,38
DA:54,38
DA:55,152
DA:56,135
DA:59,38
DA:66,1
DA:69,1
DA:76,1
DA:77,2
DA:78,2
DA:80,2
DA:81,2
DA:85,1
DA:86,1
DA:95,1
DA:102,35
DA:103,35
DA:105,35
DA:108,35
DA:109,0
DA:112,35
DA:113,35
DA:120,164
DA:121,164
DA:124,39
DA:127,39
DA:128,39
DA:129,39
DA:130,39
DA:132,39
DA:133,159
DA:134,159
DA:135,159
DA:136,159
DA:137,159
DA:138,159
DA:141,39
DA:142,39
DA:143,39
DA:145,39
DA:146,39
DA:153,190
DA:154,190
DA:155,26
DA:164,164
DA:165,164
DA:167,164
DA:168,164
DA:171,164
DA:175,17
DA:176,147
DA:177,1
DA:178,146
DA:179,0
DA:183,164
DA:184,4
DA:185,160
DA:186,0
DA:187,160
DA:188,0
DA:191,164
DA:204,63
DA:207,63
DA:211,63
DA:212,63
DA:213,1
DA:215,62
DA:216,3
DA:218,59
DA:219,0
DA:224,63
DA:225,63
DA:226,4
DA:227,59
DA:228,0
DA:229,59
DA:230,0
DA:233,63
DA:249,1
DA:250,1
DA:251,0
DA:256,1
DA:268,1
LF:90
LH:82
BRDA:36,0,0,32
BRDA:55,1,0,135
BRDA:66,2,0,0
BRDA:108,3,0,0
BRDA:121,4,0,125
BRDA:143,5,0,0
BRDA:154,6,0,26
BRDA:171,7,0,17
BRDA:171,7,1,147
BRDA:172,8,0,164
BRDA:172,8,1,147
BRDA:172,8,2,1
BRDA:176,9,0,1
BRDA:176,9,1,146
BRDA:176,10,0,147
BRDA:176,10,1,146
BRDA:178,11,0,0
BRDA:178,12,0,146
BRDA:178,12,1,146
BRDA:183,13,0,4
BRDA:183,13,1,160
BRDA:185,14,0,0
BRDA:185,14,1,160
BRDA:187,15,0,0
BRDA:207,16,0,63
BRDA:207,16,1,59
BRDA:207,16,2,0
BRDA:207,16,3,59
BRDA:207,16,4,0
BRDA:212,17,0,1
BRDA:212,17,1,62
BRDA:215,18,0,3
BRDA:215,18,1,59
BRDA:218,19,0,0
BRDA:225,20,0,4
BRDA:225,20,1,59
BRDA:227,21,0,0
BRDA:227,21,1,59
BRDA:229,22,0,0
BRDA:250,23,0,0
BRF:40
BRH:28
end_of_record
TN:
SF:src/core/EthicalLedger.ts
FN:24,(anonymous_0)
FN:32,(anonymous_1)
FN:50,(anonymous_2)
FN:68,(anonymous_3)
FN:95,(anonymous_4)
FN:103,(anonymous_5)
FN:133,(anonymous_6)
FN:147,(anonymous_7)
FNF:8
FNH:7
FNDA:36,(anonymous_0)
FNDA:36,(anonymous_1)
FNDA:182,(anonymous_2)
FNDA:58,(anonymous_3)
FNDA:6,(anonymous_4)
FNDA:48,(anonymous_5)
FNDA:3,(anonymous_6)
FNDA:0,(anonymous_7)
DA:8,10
DA:9,10
DA:21,10
DA:25,36
DA:26,36
DA:33,36
DA:43,36
DA:44,36
DA:52,182
DA:55,182
DA:62,182
DA:72,58
DA:74,58
DA:83,58
DA:88,58
DA:89,58
DA:96,6
DA:104,48
DA:105,88
DA:106,88
DA:109,88
DA:110,88
DA:111,6
DA:114,6
DA:118,82
DA:119,0
DA:122,0
DA:126,42
DA:134,3
DA:135,0
DA:138,3
DA:139,3
DA:141,3
DA:148,0
DA:149,0
DA:150,0
DA:151,0
DA:152,0
DA:154,0
LF:39
LH:30
BRDA:52,0,0,36
BRDA:52,0,1,146
BRDA:110,1,0,6
BRDA:118,2,0,0
BRDA:134,3,0,0
BRDA:134,4,0,3
BRDA:134,4,1,3
BRF:7
BRH:5
end_of_record
TN:
SF:src/core/ExistentialistEthicsEngine.ts
FN:32,(anonymous_0)
FN:40,(anonymous_1)
FN:131,(anonymous_2)
FN:139,(anonymous_3)
FNF:4
FNH:4
FNDA:34,(anonymous_0)
FNDA:25,(anonymous_1)
FNDA:32,(anonymous_2)
FNDA:2,(anonymous_3)
DA:12,10
DA:13,10
DA:28,10
DA:29,34
DA:33,34
DA:34,34
DA:41,25
DA:42,25
DA:43,25
DA:46,25
DA:47,25
DA:49,25
DA:50,1
DA:51,1
DA:52,24
DA:53,0
DA:54,0
DA:57,25
DA:58,1
DA:59,1
DA:60,0
DA:64,25
DA:67,25
DA:69,25
DA:70,23
DA:72,2
DA:75,25
DA:76,1
DA:77,24
DA:78,0
DA:81,25
DA:85,25
DA:86,25
DA:89,25
DA:90,1
DA:91,1
DA:93,24
DA:96,25
DA:97,1
DA:98,24
DA:99,2
DA:102,25
DA:103,23
DA:105,2
DA:108,25
DA:119,25
DA:120,25
DA:121,0
DA:124,25
DA:125,25
DA:132,32
DA:133,24
DA:140,2
LF:53
LH:48
BRDA:32,0,0,34
BRDA:34,1,0,34
BRDA:34,1,1,34
BRDA:40,2,0,2
BRDA:49,3,0,1
BRDA:49,3,1,24
BRDA:49,4,0,25
BRDA:49,4,1,24
BRDA:49,4,2,24
BRDA:49,4,3,24
BRDA:52,5,0,0
BRDA:52,6,0,24
BRDA:52,6,1,24
BRDA:52,6,2,24
BRDA:57,7,0,1
BRDA:57,8,0,25
BRDA:57,8,1,24
BRDA:57,8,2,24
BRDA:57,8,3,24
BRDA:57,8,4,24
BRDA:59,9,0,0
BRDA:69,10,0,23
BRDA:69,10,1,2
BRDA:75,11,0,1
BRDA:75,11,1,24
BRDA:75,12,0,25
BRDA:75,12,1,25
BRDA:75,12,2,25
BRDA:75,12,3,25
BRDA:77,13,0,0
BRDA:77,14,0,24
BRDA:77,14,1,24
BRDA:77,14,2,24
BRDA:77,14,3,24
BRDA:89,15,0,1
BRDA:89,15,1,24
BRDA:96,16,0,1
BRDA:96,16,1,24
BRDA:98,17,0,2
BRDA:102,18,0,23
BRDA:102,18,1,2
BRDA:120,19,0,0
BRDA:132,20,0,8
BRF:43
BRH:39
end_of_record
TN:
SF:src/core/GrandUnifiedEthicsEngine.ts
FN:75,(anonymous_0)
FN:84,(anonymous_1)
FN:310,(anonymous_2)
FN:317,(anonymous_3)
FN:325,(anonymous_4)
FNF:5
FNH:5
FNDA:32,(anonymous_0)
FNDA:30,(anonymous_1)
FNDA:1,(anonymous_2)
FNDA:9,(anonymous_3)
FNDA:1,(anonymous_4)
DA:10,9
DA:11,9
DA:49,9
DA:51,32
DA:54,32
DA:76,32
DA:77,32
DA:78,32
DA:88,30
DA:89,30
DA:92,30
DA:93,30
DA:98,30
DA:99,30
DA:100,30
DA:103,30
DA:104,30
DA:105,30
DA:108,30
DA:109,30
DA:112,30
DA:113,30
DA:116,30
DA:117,30
DA:120,30
DA:121,30
DA:124,30
DA:125,30
DA:128,30
DA:129,30
DA:132,30
DA:133,30
DA:136,30
DA:137,30
DA:140,30
DA:141,30
DA:144,30
DA:145,30
DA:148,30
DA:149,30
DA:152,30
DA:153,30
DA:156,30
DA:157,30
DA:160,30
DA:162,30
DA:164,30
DA:186,30
DA:187,30
DA:189,30
DA:190,540
DA:191,540
DA:192,540
DA:193,540
DA:194,540
DA:197,30
DA:200,30
DA:201,30
DA:202,30
DA:203,30
DA:205,30
DA:206,540
DA:207,540
DA:208,540
DA:209,31
DA:210,31
DA:212,540
DA:213,54
DA:214,54
DA:219,30
DA:220,30
DA:221,7
DA:222,23
DA:223,0
DA:224,23
DA:225,22
DA:226,1
DA:227,0
DA:229,1
DA:233,30
DA:234,30
DA:236,30
DA:237,30
DA:238,30
DA:240,30
DA:241,28
DA:242,28
DA:243,1
DA:245,28
DA:246,23
DA:248,28
DA:249,0
DA:251,28
DA:252,23
DA:254,28
DA:255,1
DA:257,28
DA:258,1
DA:260,28
DA:261,23
DA:263,28
DA:264,23
DA:266,28
DA:267,22
DA:269,28
DA:270,23
DA:272,28
DA:273,23
DA:275,28
DA:276,23
DA:278,28
DA:279,23
DA:282,2
DA:285,30
DA:298,30
DA:299,30
DA:300,0
DA:303,30
DA:304,30
DA:311,1
DA:318,9
DA:319,9
DA:326,1
DA:330,1
LF:124
LH:120
BRDA:75,0,0,32
BRDA:78,1,0,32
BRDA:78,1,1,32
BRDA:89,2,0,23
BRDA:89,2,1,7
BRDA:93,3,0,23
BRDA:93,3,1,7
BRDA:99,4,0,23
BRDA:99,4,1,7
BRDA:100,5,0,23
BRDA:100,5,1,7
BRDA:104,6,0,3
BRDA:104,6,1,27
BRDA:105,7,0,3
BRDA:105,7,1,27
BRDA:109,8,0,23
BRDA:109,8,1,7
BRDA:113,9,0,23
BRDA:113,9,1,7
BRDA:117,10,0,23
BRDA:117,10,1,7
BRDA:121,11,0,23
BRDA:121,11,1,7
BRDA:125,12,0,23
BRDA:125,12,1,7
BRDA:129,13,0,23
BRDA:129,13,1,7
BRDA:133,14,0,23
BRDA:133,14,1,7
BRDA:137,15,0,23
BRDA:137,15,1,7
BRDA:141,16,0,23
BRDA:141,16,1,7
BRDA:145,17,0,23
BRDA:145,17,1,7
BRDA:149,18,0,23
BRDA:149,18,1,7
BRDA:192,19,0,540
BRDA:192,19,1,0
BRDA:197,20,0,30
BRDA:197,20,1,0
BRDA:208,21,0,31
BRDA:212,22,0,54
BRDA:220,23,0,7
BRDA:220,23,1,23
BRDA:220,24,0,30
BRDA:220,24,1,7
BRDA:222,25,0,0
BRDA:222,25,1,23
BRDA:222,26,0,23
BRDA:222,26,1,0
BRDA:224,27,0,22
BRDA:224,27,1,1
BRDA:224,28,0,23
BRDA:224,28,1,22
BRDA:226,29,0,0
BRDA:226,29,1,1
BRDA:226,30,0,1
BRDA:226,30,1,1
BRDA:240,31,0,28
BRDA:240,31,1,2
BRDA:242,32,0,1
BRDA:245,33,0,23
BRDA:248,34,0,0
BRDA:251,35,0,23
BRDA:254,36,0,1
BRDA:257,37,0,1
BRDA:260,38,0,23
BRDA:263,39,0,23
BRDA:266,40,0,22
BRDA:269,41,0,23
BRDA:272,42,0,23
BRDA:275,43,0,23
BRDA:278,44,0,23
BRDA:287,45,0,28
BRDA:287,45,1,2
BRDA:299,46,0,0
BRDA:318,47,0,0
BRF:78
BRH:70
end_of_record
TN:
SF:src/core/KantianEthicsEngine.ts
FN:45,(anonymous_0)
FN:53,(anonymous_1)
FN:112,(anonymous_2)
FN:164,(anonymous_3)
FN:192,(anonymous_4)
FN:193,(anonymous_5)
FN:212,(anonymous_6)
FN:216,(anonymous_7)
FNF:8
FNH:6
FNDA:35,(anonymous_0)
FNDA:26,(anonymous_1)
FNDA:26,(anonymous_2)
FNDA:26,(anonymous_3)
FNDA:0,(anonymous_4)
FNDA:0,(anonymous_5)
FNDA:2,(anonymous_6)
FNDA:36,(anonymous_7)
DA:12,10
DA:13,10
DA:41,10
DA:42,35
DA:46,35
DA:47,35
DA:54,26
DA:55,26
DA:56,26
DA:59,26
DA:61,26
DA:62,1
DA:63,1
DA:64,1
DA:66,0
DA:67,0
DA:70,25
DA:73,26
DA:74,2
DA:75,2
DA:77,24
DA:80,26
DA:81,26
DA:83,26
DA:84,23
DA:86,3
DA:89,26
DA:100,26
DA:101,26
DA:102,0
DA:105,26
DA:106,26
DA:113,26
DA:116,26
DA:117,1
DA:125,25
DA:126,0
DA:135,25
DA:136,0
DA:144,25
DA:145,0
DA:153,25
DA:165,26
DA:166,26
DA:170,26
DA:178,26
DA:179,2
DA:188,24
DA:189,5
DA:190,5
DA:191,0
DA:192,0
DA:193,0
DA:195,0
DA:204,24
DA:213,2
DA:217,36
LF:57
LH:47
BRDA:45,0,0,35
BRDA:47,1,0,35
BRDA:47,1,1,35
BRDA:53,2,0,2
BRDA:61,3,0,1
BRDA:61,3,1,25
BRDA:62,4,0,1
BRDA:62,4,1,0
BRDA:73,5,0,2
BRDA:73,5,1,24
BRDA:81,6,0,26
BRDA:81,6,1,25
BRDA:83,7,0,23
BRDA:83,7,1,3
BRDA:101,8,0,0
BRDA:116,9,0,1
BRDA:116,10,0,26
BRDA:116,10,1,25
BRDA:116,10,2,25
BRDA:116,10,3,25
BRDA:125,11,0,0
BRDA:125,12,0,25
BRDA:125,12,1,25
BRDA:125,12,2,25
BRDA:125,12,3,25
BRDA:135,13,0,0
BRDA:135,14,0,25
BRDA:135,14,1,25
BRDA:135,14,2,25
BRDA:135,14,3,25
BRDA:144,15,0,0
BRDA:144,16,0,25
BRDA:144,16,1,25
BRDA:144,16,2,25
BRDA:164,17,0,0
BRDA:166,18,0,26
BRDA:166,18,1,19
BRDA:170,19,0,26
BRDA:170,19,1,24
BRDA:170,19,2,24
BRDA:170,19,3,24
BRDA:170,19,4,24
BRDA:170,19,5,24
BRDA:170,19,6,24
BRDA:178,20,0,2
BRDA:188,21,0,5
BRDA:189,22,0,5
BRDA:189,22,1,5
BRDA:189,22,2,5
BRDA:189,22,3,5
BRDA:190,23,0,0
BRDA:199,24,0,0
BRDA:199,24,1,0
BRDA:217,25,0,36
BRDA:217,25,1,8
BRF:55
BRH:46
end_of_record
TN:
SF:src/core/NietzscheanEthicsEngine.ts
FN:37,(anonymous_0)
FN:45,(anonymous_1)
FN:188,(anonymous_2)
FN:196,(anonymous_3)
FNF:4
FNH:4
FNDA:36,(anonymous_0)
FNDA:28,(anonymous_1)
FNDA:33,(anonymous_2)
FNDA:3,(anonymous_3)
DA:15,10
DA:16,10
DA:33,10
DA:34,36
DA:38,36
DA:39,36
DA:46,28
DA:47,28
DA:48,28
DA:52,28
DA:54,28
DA:55,2
DA:57,28
DA:58,0
DA:60,28
DA:61,1
DA:63,28
DA:64,1
DA:67,28
DA:68,3
DA:70,28
DA:74,28
DA:76,28
DA:77,1
DA:79,28
DA:80,1
DA:82,28
DA:83,1
DA:86,28
DA:91,28
DA:93,28
DA:94,0
DA:96,28
DA:97,1
DA:99,28
DA:100,1
DA:102,28
DA:103,0
DA:106,28
DA:110,28
DA:112,28
DA:113,0
DA:115,28
DA:116,0
DA:118,28
DA:119,0
DA:122,28
DA:126,28
DA:127,28
DA:130,28
DA:131,28
DA:132,1
DA:133,27
DA:134,1
DA:135,26
DA:136,25
DA:138,1
DA:142,28
DA:143,1
DA:144,1
DA:145,27
DA:146,1
DA:147,1
DA:148,26
DA:149,25
DA:150,25
DA:152,1
DA:153,1
DA:156,28
DA:157,1
DA:159,28
DA:160,0
DA:163,28
DA:176,28
DA:177,28
DA:178,1
DA:181,28
DA:182,28
DA:189,33
DA:190,25
DA:197,3
LF:81
LH:74
BRDA:37,0,0,35
BRDA:39,1,0,36
BRDA:39,1,1,35
BRDA:45,2,0,5
BRDA:54,3,0,2
BRDA:54,4,0,28
BRDA:54,4,1,26
BRDA:54,4,2,26
BRDA:54,4,3,26
BRDA:54,4,4,26
BRDA:57,5,0,0
BRDA:57,6,0,28
BRDA:57,6,1,28
BRDA:57,6,2,28
BRDA:57,6,3,28
BRDA:60,7,0,1
BRDA:60,8,0,28
BRDA:60,8,1,27
BRDA:60,8,2,27
BRDA:60,8,3,27
BRDA:63,9,0,1
BRDA:63,10,0,28
BRDA:63,10,1,27
BRDA:63,10,2,27
BRDA:67,11,0,3
BRDA:76,12,0,1
BRDA:76,13,0,28
BRDA:76,13,1,28
BRDA:76,13,2,28
BRDA:76,13,3,28
BRDA:76,13,4,28
BRDA:79,14,0,1
BRDA:79,15,0,28
BRDA:79,15,1,28
BRDA:79,15,2,28
BRDA:79,15,3,28
BRDA:82,16,0,1
BRDA:82,17,0,28
BRDA:82,17,1,27
BRDA:82,17,2,27
BRDA:82,17,3,27
BRDA:93,18,0,0
BRDA:93,19,0,28
BRDA:93,19,1,28
BRDA:93,19,2,28
BRDA:93,19,3,28
BRDA:96,20,0,1
BRDA:96,21,0,28
BRDA:96,21,1,28
BRDA:96,21,2,28
BRDA:96,21,3,27
BRDA:99,22,0,1
BRDA:99,23,0,28
BRDA:99,23,1,27
BRDA:99,23,2,27
BRDA:102,24,0,0
BRDA:102,25,0,28
BRDA:102,25,1,28
BRDA:102,25,2,28
BRDA:112,26,0,0
BRDA:112,27,0,28
BRDA:112,27,1,28
BRDA:112,27,2,28
BRDA:115,28,0,0
BRDA:115,29,0,28
BRDA:115,29,1,28
BRDA:115,29,2,28
BRDA:118,30,0,0
BRDA:118,31,0,28
BRDA:118,31,1,28
BRDA:118,31,2,28
BRDA:131,32,0,1
BRDA:131,32,1,27
BRDA:131,33,0,28
BRDA:131,33,1,1
BRDA:133,34,0,1
BRDA:133,34,1,26
BRDA:135,35,0,25
BRDA:135,35,1,1
BRDA:142,36,0,1
BRDA:142,36,1,27
BRDA:145,37,0,1
BRDA:145,37,1,26
BRDA:148,38,0,25
BRDA:148,38,1,1
BRDA:156,39,0,1
BRDA:159,40,0,0
BRDA:177,41,0,1
BRDA:189,42,0,8
BRF:89
BRH:82
end_of_record
TN:
SF:src/core/PosthumanistEthicsEngine.ts
FN:38,(anonymous_0)
FN:46,(anonymous_1)
FN:107,(anonymous_2)
FN:191,(anonymous_3)
FN:199,(anonymous_4)
FNF:5
FNH:5
FNDA:37,(anonymous_0)
FNDA:29,(anonymous_1)
FNDA:1,(anonymous_2)
FNDA:32,(anonymous_3)
FNDA:3,(anonymous_4)
DA:17,10
DA:18,10
DA:34,10
DA:35,37
DA:39,37
DA:40,37
DA:47,29
DA:48,29
DA:49,29
DA:54,29
DA:56,29
DA:57,2
DA:59,29
DA:60,1
DA:62,29
DA:63,0
DA:65,29
DA:66,0
DA:68,29
DA:74,29
DA:76,29
DA:77,1
DA:79,29
DA:80,2
DA:82,29
DA:83,1
DA:85,29
DA:86,1
DA:88,29
DA:89,2
DA:91,29
DA:97,29
DA:99,29
DA:100,0
DA:102,29
DA:103,1
DA:105,29
DA:107,2
DA:108,2
DA:109,1
DA:111,1
DA:114,29
DA:115,1
DA:117,29
DA:122,29
DA:125,29
DA:126,4
DA:128,29
DA:131,29
DA:132,29
DA:133,1
DA:134,28
DA:135,25
DA:136,3
DA:137,2
DA:139,1
DA:143,29
DA:144,1
DA:145,1
DA:146,28
DA:147,25
DA:148,25
DA:149,3
DA:150,2
DA:151,2
DA:153,1
DA:154,1
DA:157,29
DA:158,0
DA:160,29
DA:161,1
DA:163,29
DA:164,2
DA:167,29
DA:179,29
DA:180,29
DA:181,1
DA:184,29
DA:185,29
DA:192,32
DA:193,24
DA:200,3
LF:82
LH:78
BRDA:38,0,0,36
BRDA:40,1,0,37
BRDA:40,1,1,36
BRDA:46,2,0,5
BRDA:56,3,0,2
BRDA:56,4,0,29
BRDA:56,4,1,27
BRDA:56,4,2,27
BRDA:56,4,3,27
BRDA:56,4,4,27
BRDA:59,5,0,1
BRDA:59,6,0,29
BRDA:59,6,1,29
BRDA:59,6,2,28
BRDA:59,6,3,28
BRDA:62,7,0,0
BRDA:62,8,0,29
BRDA:62,8,1,1
BRDA:62,8,2,29
BRDA:62,8,3,29
BRDA:62,8,4,29
BRDA:62,8,5,29
BRDA:62,8,6,29
BRDA:65,9,0,0
BRDA:65,10,0,29
BRDA:65,10,1,29
BRDA:65,10,2,29
BRDA:76,11,0,1
BRDA:76,12,0,29
BRDA:76,12,1,29
BRDA:76,12,2,29
BRDA:76,12,3,29
BRDA:76,12,4,29
BRDA:79,13,0,2
BRDA:79,14,0,29
BRDA:79,14,1,28
BRDA:79,14,2,28
BRDA:79,14,3,27
BRDA:79,14,4,27
BRDA:82,15,0,1
BRDA:82,16,0,29
BRDA:82,16,1,29
BRDA:82,16,2,29
BRDA:82,16,3,29
BRDA:82,16,4,28
BRDA:85,17,0,1
BRDA:85,18,0,29
BRDA:85,18,1,29
BRDA:85,18,2,29
BRDA:85,18,3,29
BRDA:88,19,0,2
BRDA:88,20,0,29
BRDA:88,20,1,28
BRDA:88,20,2,27
BRDA:88,20,3,27
BRDA:88,20,4,27
BRDA:88,20,5,27
BRDA:99,21,0,0
BRDA:99,22,0,29
BRDA:99,22,1,29
BRDA:99,22,2,29
BRDA:99,22,3,29
BRDA:102,23,0,1
BRDA:102,24,0,29
BRDA:102,24,1,28
BRDA:102,24,2,28
BRDA:102,24,3,28
BRDA:105,25,0,2
BRDA:105,26,0,29
BRDA:105,26,1,28
BRDA:105,26,2,27
BRDA:105,26,3,27
BRDA:107,27,0,1
BRDA:107,27,1,1
BRDA:107,27,2,0
BRDA:107,27,3,0
BRDA:108,28,0,1
BRDA:108,28,1,1
BRDA:108,29,0,2
BRDA:108,29,1,1
BRDA:108,29,2,1
BRDA:108,29,3,1
BRDA:114,30,0,1
BRDA:114,31,0,29
BRDA:114,31,1,28
BRDA:114,31,2,28
BRDA:125,32,0,4
BRDA:132,33,0,1
BRDA:132,33,1,28
BRDA:132,34,0,29
BRDA:132,34,1,1
BRDA:134,35,0,25
BRDA:134,35,1,3
BRDA:134,36,0,28
BRDA:134,36,1,26
BRDA:136,37,0,2
BRDA:136,37,1,1
BRDA:136,38,0,3
BRDA:136,38,1,2
BRDA:143,39,0,1
BRDA:143,39,1,28
BRDA:146,40,0,25
BRDA:146,40,1,3
BRDA:149,41,0,2
BRDA:149,41,1,1
BRDA:157,42,0,0
BRDA:160,43,0,1
BRDA:163,44,0,2
BRDA:180,45,0,1
BRDA:192,46,0,8
BRF:110
BRH:104
end_of_record
TN:
SF:src/core/PragmatistEthicsEngine.ts
FN:41,(anonymous_0)
FN:49,(anonymous_1)
FN:215,(anonymous_2)
FN:221,(anonymous_3)
FN:252,(anonymous_4)
FN:256,(anonymous_5)
FN:262,(anonymous_6)
FNF:7
FNH:7
FNDA:37,(anonymous_0)
FNDA:34,(anonymous_1)
FNDA:24,(anonymous_2)
FNDA:15,(anonymous_3)
FNDA:3,(anonymous_4)
FNDA:32,(anonymous_5)
FNDA:3,(anonymous_6)
DA:17,10
DA:18,10
DA:36,10
DA:37,37
DA:39,37
DA:42,37
DA:43,37
DA:50,34
DA:51,34
DA:52,34
DA:55,34
DA:56,34
DA:57,1
DA:58,33
DA:59,0
DA:60,33
DA:61,1
DA:62,32
DA:63,6
DA:64,26
DA:65,0
DA:66,26
DA:67,0
DA:71,34
DA:72,34
DA:73,27
DA:74,27
DA:76,7
DA:77,7
DA:80,34
DA:81,6
DA:82,6
DA:84,34
DA:85,1
DA:86,1
DA:88,34
DA:90,1
DA:91,1
DA:95,34
DA:96,5
DA:98,34
DA:99,6
DA:100,6
DA:103,34
DA:106,34
DA:107,34
DA:109,1
DA:110,1
DA:112,34
DA:114,2
DA:116,34
DA:117,1
DA:119,34
DA:120,0
DA:123,34
DA:126,34
DA:127,34
DA:129,0
DA:130,0
DA:132,34
DA:133,1
DA:135,34
DA:136,6
DA:137,6
DA:140,34
DA:143,34
DA:144,34
DA:147,34
DA:148,28
DA:150,1
DA:151,1
DA:155,34
DA:157,3
DA:159,34
DA:160,6
DA:161,6
DA:164,34
DA:167,34
DA:172,34
DA:173,34
DA:174,1
DA:175,1
DA:176,33
DA:177,26
DA:178,26
DA:179,7
DA:180,1
DA:181,1
DA:183,6
DA:184,6
DA:187,34
DA:201,34
DA:202,34
DA:203,1
DA:206,34
DA:207,34
DA:216,24
DA:217,24
DA:220,3
DA:221,15
DA:223,3
DA:224,1
DA:226,1
DA:229,1
DA:230,1
DA:231,1
DA:232,1
DA:235,1
DA:236,1
DA:237,1
DA:238,1
DA:240,2
DA:242,0
DA:243,0
DA:244,0
DA:245,0
DA:249,3
DA:253,3
DA:257,32
DA:263,3
LF:120
LH:110
BRDA:41,0,0,36
BRDA:43,1,0,37
BRDA:43,1,1,36
BRDA:49,2,0,11
BRDA:56,3,0,1
BRDA:56,3,1,33
BRDA:56,4,0,34
BRDA:56,4,1,33
BRDA:56,4,2,33
BRDA:56,4,3,33
BRDA:56,4,4,33
BRDA:58,5,0,0
BRDA:58,5,1,33
BRDA:58,6,0,33
BRDA:58,6,1,33
BRDA:58,6,2,33
BRDA:58,6,3,33
BRDA:58,6,4,33
BRDA:58,6,5,33
BRDA:60,7,0,1
BRDA:60,7,1,32
BRDA:60,8,0,33
BRDA:60,8,1,32
BRDA:60,8,2,32
BRDA:60,8,3,32
BRDA:60,8,4,32
BRDA:60,8,5,32
BRDA:62,9,0,6
BRDA:62,9,1,26
BRDA:62,10,0,32
BRDA:62,10,1,31
BRDA:62,10,2,26
BRDA:62,10,3,26
BRDA:62,10,4,26
BRDA:62,10,5,26
BRDA:64,11,0,0
BRDA:64,11,1,26
BRDA:64,12,0,26
BRDA:64,12,1,26
BRDA:64,12,2,26
BRDA:64,12,3,26
BRDA:64,12,4,26
BRDA:66,13,0,0
BRDA:66,14,0,26
BRDA:66,14,1,26
BRDA:66,14,2,26
BRDA:66,14,3,26
BRDA:66,14,4,26
BRDA:72,15,0,27
BRDA:72,15,1,7
BRDA:80,16,0,6
BRDA:80,17,0,34
BRDA:80,17,1,29
BRDA:80,17,2,29
BRDA:80,17,3,28
BRDA:80,17,4,28
BRDA:80,17,5,28
BRDA:84,18,0,1
BRDA:84,19,0,34
BRDA:84,19,1,33
BRDA:84,19,2,33
BRDA:84,19,3,33
BRDA:84,19,4,33
BRDA:88,20,0,1
BRDA:88,21,0,34
BRDA:88,21,1,33
BRDA:88,21,2,33
BRDA:88,21,3,33
BRDA:88,21,4,33
BRDA:88,21,5,33
BRDA:88,21,6,33
BRDA:88,21,7,33
BRDA:88,21,8,33
BRDA:88,21,9,33
BRDA:95,22,0,5
BRDA:95,23,0,34
BRDA:95,23,1,34
BRDA:95,23,2,30
BRDA:95,23,3,29
BRDA:98,24,0,6
BRDA:98,25,0,34
BRDA:98,25,1,33
BRDA:98,25,2,28
BRDA:98,25,3,28
BRDA:107,26,0,1
BRDA:107,27,0,34
BRDA:107,27,1,33
BRDA:107,27,2,33
BRDA:107,27,3,33
BRDA:107,27,4,33
BRDA:107,27,5,33
BRDA:107,27,6,33
BRDA:107,27,7,33
BRDA:107,27,8,33
BRDA:107,27,9,33
BRDA:112,28,0,2
BRDA:112,29,0,34
BRDA:112,29,1,34
BRDA:112,29,2,34
BRDA:112,29,3,34
BRDA:112,29,4,34
BRDA:112,29,5,34
BRDA:112,29,6,33
BRDA:112,29,7,32
BRDA:112,29,8,32
BRDA:112,29,9,32
BRDA:116,30,0,1
BRDA:116,31,0,34
BRDA:116,31,1,34
BRDA:116,31,2,33
BRDA:116,31,3,33
BRDA:119,32,0,0
BRDA:119,33,0,34
BRDA:119,33,1,34
BRDA:119,33,2,34
BRDA:119,33,3,34
BRDA:127,34,0,0
BRDA:127,35,0,34
BRDA:127,35,1,34
BRDA:127,35,2,34
BRDA:127,35,3,34
BRDA:127,35,4,34
BRDA:127,35,5,34
BRDA:127,35,6,34
BRDA:127,35,7,34
BRDA:127,35,8,34
BRDA:127,35,9,34
BRDA:132,36,0,1
BRDA:132,37,0,34
BRDA:132,37,1,33
BRDA:132,37,2,33
BRDA:132,37,3,33
BRDA:135,38,0,6
BRDA:135,39,0,34
BRDA:135,39,1,33
BRDA:135,39,2,33
BRDA:135,39,3,28
BRDA:135,39,4,28
BRDA:144,40,0,34
BRDA:144,40,1,34
BRDA:144,40,2,33
BRDA:144,40,3,33
BRDA:144,40,4,28
BRDA:144,40,5,28
BRDA:144,40,6,28
BRDA:147,41,0,28
BRDA:148,42,0,1
BRDA:148,43,0,28
BRDA:148,43,1,28
BRDA:148,43,2,28
BRDA:148,43,3,28
BRDA:148,43,4,28
BRDA:148,43,5,28
BRDA:148,43,6,27
BRDA:148,43,7,27
BRDA:148,43,8,27
BRDA:148,43,9,27
BRDA:155,44,0,3
BRDA:159,45,0,6
BRDA:173,46,0,1
BRDA:173,46,1,33
BRDA:176,47,0,26
BRDA:176,47,1,7
BRDA:179,48,0,1
BRDA:179,48,1,6
BRDA:202,49,0,1
BRDA:217,50,0,21
BRDA:223,51,0,1
BRDA:223,51,1,2
BRDA:229,52,0,1
BRDA:235,53,0,1
BRDA:240,54,0,0
BRDA:242,55,0,0
BRDA:257,56,0,24
BRDA:257,56,1,8
BRF:175
BRH:168
end_of_record
TN:
SF:src/core/RawlsianJusticeEngine.ts
FN:57,(anonymous_0)
FN:64,(anonymous_1)
FN:104,(anonymous_2)
FN:108,(anonymous_3)
FN:122,(anonymous_4)
FN:199,(anonymous_5)
FN:245,(anonymous_6)
FN:247,(anonymous_7)
FN:269,(anonymous_8)
FN:280,(anonymous_9)
FN:281,(anonymous_10)
FN:305,(anonymous_11)
FN:312,(anonymous_12)
FN:319,(anonymous_13)
FNF:14
FNH:14
FNDA:37,(anonymous_0)
FNDA:14,(anonymous_1)
FNDA:14,(anonymous_2)
FNDA:13,(anonymous_3)
FNDA:5,(anonymous_4)
FNDA:12,(anonymous_5)
FNDA:6,(anonymous_6)
FNDA:17,(anonymous_7)
FNDA:17,(anonymous_8)
FNDA:17,(anonymous_9)
FNDA:7,(anonymous_10)
FNDA:26,(anonymous_11)
FNDA:32,(anonymous_12)
FNDA:2,(anonymous_13)
DA:51,10
DA:52,37
DA:53,37
DA:54,37
DA:58,37
DA:69,14
DA:71,14
DA:78,14
DA:87,14
DA:95,14
DA:96,14
DA:98,14
DA:105,14
DA:107,14
DA:108,13
DA:111,14
DA:112,14
DA:114,14
DA:115,23
DA:126,5
DA:127,5
DA:128,5
DA:130,5
DA:131,5
DA:134,5
DA:135,12
DA:136,5
DA:140,5
DA:141,12
DA:143,12
DA:162,12
DA:171,12
DA:178,12
DA:179,9
DA:182,12
DA:183,5
DA:186,12
DA:189,5
DA:195,5
DA:199,5
DA:200,12
DA:202,12
DA:203,12
DA:207,12
DA:210,5
DA:212,5
DA:213,5
DA:214,4
DA:216,1
DA:217,0
DA:219,1
DA:223,5
DA:234,5
DA:235,5
DA:236,0
DA:239,5
DA:246,6
DA:247,17
DA:250,6
DA:251,0
DA:261,6
DA:262,6
DA:263,17
DA:264,49
DA:268,6
DA:269,17
DA:271,6
DA:275,6
DA:277,6
DA:279,6
DA:280,17
DA:281,7
DA:284,6
DA:286,6
DA:294,6
DA:295,6
DA:296,0
DA:299,6
DA:306,26
DA:313,32
DA:320,2
LF:81
LH:77
BRDA:57,0,0,37
BRDA:58,1,0,37
BRDA:58,1,1,37
BRDA:72,2,0,14
BRDA:72,2,1,0
BRDA:72,2,2,0
BRDA:73,3,0,14
BRDA:73,3,1,0
BRDA:73,3,2,0
BRDA:74,4,0,14
BRDA:74,4,1,0
BRDA:74,4,2,0
BRDA:75,5,0,14
BRDA:75,5,1,0
BRDA:75,5,2,0
BRDA:105,6,0,0
BRDA:135,7,0,5
BRDA:135,8,0,12
BRDA:135,8,1,5
BRDA:146,9,0,12
BRDA:146,9,1,1
BRDA:150,10,0,12
BRDA:150,10,1,0
BRDA:154,11,0,12
BRDA:154,11,1,3
BRDA:158,12,0,12
BRDA:158,12,1,3
BRDA:178,13,0,9
BRDA:182,14,0,5
BRDA:182,15,0,12
BRDA:182,15,1,5
BRDA:190,16,0,5
BRDA:190,16,1,0
BRDA:195,17,0,5
BRDA:195,17,1,1
BRDA:195,17,2,0
BRDA:205,18,0,12
BRDA:205,18,1,1
BRDA:210,19,0,5
BRDA:210,19,1,4
BRDA:213,20,0,4
BRDA:213,20,1,1
BRDA:216,21,0,0
BRDA:216,21,1,1
BRDA:235,22,0,0
BRDA:250,23,0,0
BRDA:271,24,0,6
BRDA:271,24,1,0
BRDA:277,25,0,6
BRDA:277,25,1,0
BRDA:284,26,0,6
BRDA:284,26,1,6
BRDA:295,27,0,0
BRF:53
BRH:35
end_of_record
TN:
SF:src/core/SelfConstrainingEngine.ts
FN:23,(anonymous_0)
FN:67,(anonymous_1)
FN:82,(anonymous_2)
FN:88,(anonymous_3)
FN:95,(anonymous_4)
FN:108,(anonymous_5)
FN:115,(anonymous_6)
FN:128,(anonymous_7)
FN:138,(anonymous_8)
FN:140,(anonymous_9)
FN:153,(anonymous_10)
FN:161,(anonymous_11)
FN:176,(anonymous_12)
FN:184,(anonymous_13)
FN:199,(anonymous_14)
FN:206,(anonymous_15)
FN:221,(anonymous_16)
FN:228,(anonymous_17)
FN:242,(anonymous_18)
FN:270,(anonymous_19)
FN:288,(anonymous_20)
FN:320,(anonymous_21)
FN:347,(anonymous_22)
FN:371,(anonymous_23)
FN:378,(anonymous_24)
FN:401,(anonymous_25)
FN:410,(anonymous_26)
FN:415,(anonymous_27)
FN:421,(anonymous_28)
FN:430,(anonymous_29)
FN:437,(anonymous_30)
FN:448,(anonymous_31)
FN:461,(anonymous_32)
FN:474,(anonymous_33)
FNF:34
FNH:33
FNDA:10,(anonymous_0)
FNDA:50,(anonymous_1)
FNDA:50,(anonymous_2)
FNDA:473,(anonymous_3)
FNDA:1868,(anonymous_4)
FNDA:473,(anonymous_5)
FNDA:1883,(anonymous_6)
FNDA:473,(anonymous_7)
FNDA:473,(anonymous_8)
FNDA:1417,(anonymous_9)
FNDA:473,(anonymous_10)
FNDA:1892,(anonymous_11)
FNDA:473,(anonymous_12)
FNDA:1892,(anonymous_13)
FNDA:473,(anonymous_14)
FNDA:1419,(anonymous_15)
FNDA:473,(anonymous_16)
FNDA:1419,(anonymous_17)
FNDA:410,(anonymous_18)
FNDA:3484,(anonymous_19)
FNDA:424,(anonymous_20)
FNDA:21,(anonymous_21)
FNDA:1,(anonymous_22)
FNDA:2,(anonymous_23)
FNDA:21,(anonymous_24)
FNDA:6,(anonymous_25)
FNDA:2,(anonymous_26)
FNDA:1,(anonymous_27)
FNDA:0,(anonymous_28)
FNDA:35,(anonymous_29)
FNDA:1,(anonymous_30)
FNDA:2,(anonymous_31)
FNDA:72,(anonymous_32)
FNDA:1,(anonymous_33)
DA:9,10
DA:10,10
DA:23,10
DA:24,10
DA:25,10
DA:26,10
DA:27,10
DA:28,10
DA:29,10
DA:30,10
DA:31,10
DA:32,10
DA:60,10
DA:68,50
DA:69,50
DA:70,50
DA:71,50
DA:72,50
DA:73,50
DA:76,50
DA:84,50
DA:89,473
DA:95,473
DA:96,1868
DA:104,50
DA:109,473
DA:115,473
DA:116,1883
DA:124,50
DA:128,473
DA:134,50
DA:139,473
DA:140,473
DA:141,1417
DA:149,50
DA:154,473
DA:160,473
DA:162,1892
DA:171,50
DA:177,473
DA:183,473
DA:185,1892
DA:194,50
DA:200,473
DA:205,473
DA:207,1419
DA:216,50
DA:222,473
DA:227,473
DA:229,1419
DA:244,410
DA:245,1480
DA:246,8
DA:251,410
DA:254,410
DA:263,410
DA:264,410
DA:274,3484
DA:275,3484
DA:277,0
DA:281,0
DA:289,424
DA:291,424
DA:292,2004
DA:293,0
DA:295,2004
DA:296,13
DA:297,13
DA:301,424
DA:303,424
DA:304,411
DA:305,411
DA:307,13
DA:310,424
DA:324,21
DA:333,21
DA:334,21
DA:337,21
DA:338,0
DA:341,21
DA:348,1
DA:350,1
DA:351,0
DA:352,0
DA:355,1
DA:356,1
DA:357,0
DA:358,0
DA:359,0
DA:360,0
DA:362,1
DA:363,1
DA:364,1
DA:372,2
DA:383,21
DA:386,21
DA:387,1
DA:391,21
DA:392,1
DA:395,21
DA:406,6
DA:408,6
DA:409,1
DA:410,2
DA:413,6
DA:414,1
DA:415,1
DA:419,6
DA:420,0
DA:421,0
DA:424,6
DA:431,35
DA:438,1
DA:439,1
DA:440,1
DA:442,1
DA:449,2
DA:450,2
DA:451,2
DA:452,2
DA:453,2
DA:455,0
DA:462,72
DA:463,72
DA:465,72
DA:469,72
DA:474,1
LF:127
LH:114
BRDA:23,0,0,10
BRDA:23,0,1,10
BRDA:67,1,0,0
BRDA:73,2,0,50
BRDA:73,2,1,0
BRDA:162,3,0,1892
BRDA:162,3,1,1892
BRDA:185,4,0,1892
BRDA:185,4,1,1892
BRDA:207,5,0,1419
BRDA:207,5,1,1419
BRDA:229,6,0,1419
BRDA:229,6,1,1419
BRDA:245,7,0,8
BRDA:292,8,0,0
BRDA:295,9,0,13
BRDA:303,10,0,411
BRDA:303,10,1,13
BRDA:330,11,0,21
BRDA:330,11,1,0
BRDA:337,12,0,0
BRDA:350,13,0,0
BRDA:386,14,0,1
BRDA:386,15,0,21
BRDA:386,15,1,1
BRDA:391,16,0,1
BRDA:408,17,0,1
BRDA:413,18,0,1
BRDA:419,19,0,0
BRDA:439,20,0,1
BRDA:450,21,0,2
BRDA:465,22,0,72
BRDA:465,22,1,0
BRDA:475,23,0,72
BRDA:475,23,1,71
BRF:35
BRH:27
end_of_record
TN:
SF:src/core/SpinozanEthicsEngine.ts
FN:37,(anonymous_0)
FN:45,(anonymous_1)
FN:178,(anonymous_2)
FN:186,(anonymous_3)
FNF:4
FNH:4
FNDA:36,(anonymous_0)
FNDA:28,(anonymous_1)
FNDA:33,(anonymous_2)
FNDA:3,(anonymous_3)
DA:15,10
DA:16,10
DA:33,10
DA:34,36
DA:38,36
DA:39,36
DA:46,28
DA:47,28
DA:48,28
DA:52,28
DA:54,28
DA:55,1
DA:57,28
DA:58,0
DA:60,28
DA:61,2
DA:63,28
DA:64,1
DA:67,28
DA:68,3
DA:70,28
DA:74,28
DA:75,28
DA:77,28
DA:78,1
DA:79,1
DA:81,28
DA:82,0
DA:83,0
DA:85,28
DA:86,2
DA:87,2
DA:89,28
DA:90,1
DA:91,1
DA:94,28
DA:95,28
DA:99,28
DA:101,28
DA:102,1
DA:104,28
DA:105,1
DA:107,28
DA:108,1
DA:111,28
DA:116,28
DA:117,28
DA:120,28
DA:121,28
DA:122,1
DA:123,27
DA:124,25
DA:125,2
DA:126,2
DA:128,0
DA:132,28
DA:133,1
DA:134,1
DA:135,27
DA:136,25
DA:137,25
DA:138,2
DA:139,2
DA:140,2
DA:142,0
DA:143,0
DA:146,28
DA:147,2
DA:149,28
DA:150,2
DA:153,28
DA:166,28
DA:167,28
DA:168,1
DA:171,28
DA:172,28
DA:179,33
DA:180,25
DA:187,3
LF:79
LH:73
BRDA:37,0,0,35
BRDA:39,1,0,36
BRDA:39,1,1,35
BRDA:45,2,0,5
BRDA:54,3,0,1
BRDA:54,4,0,28
BRDA:54,4,1,27
BRDA:54,4,2,27
BRDA:54,4,3,27
BRDA:54,4,4,27
BRDA:57,5,0,0
BRDA:57,6,0,28
BRDA:57,6,1,28
BRDA:57,6,2,28
BRDA:60,7,0,2
BRDA:60,8,0,28
BRDA:60,8,1,26
BRDA:60,8,2,26
BRDA:60,8,3,26
BRDA:63,9,0,1
BRDA:63,10,0,28
BRDA:63,10,1,28
BRDA:63,10,2,27
BRDA:67,11,0,3
BRDA:77,12,0,1
BRDA:77,13,0,28
BRDA:77,13,1,28
BRDA:77,13,2,28
BRDA:77,13,3,27
BRDA:81,14,0,0
BRDA:81,15,0,28
BRDA:81,15,1,28
BRDA:81,15,2,28
BRDA:81,15,3,28
BRDA:85,16,0,2
BRDA:85,17,0,28
BRDA:85,17,1,26
BRDA:85,17,2,26
BRDA:89,18,0,1
BRDA:89,19,0,28
BRDA:89,19,1,27
BRDA:89,19,2,27
BRDA:101,20,0,1
BRDA:101,21,0,28
BRDA:101,21,1,28
BRDA:101,21,2,28
BRDA:101,21,3,28
BRDA:101,21,4,27
BRDA:104,22,0,1
BRDA:104,23,0,28
BRDA:104,23,1,28
BRDA:104,23,2,27
BRDA:107,24,0,1
BRDA:107,25,0,28
BRDA:107,25,1,28
BRDA:107,25,2,27
BRDA:107,25,3,27
BRDA:121,26,0,1
BRDA:121,26,1,27
BRDA:121,27,0,28
BRDA:121,27,1,1
BRDA:123,28,0,25
BRDA:123,28,1,2
BRDA:123,29,0,27
BRDA:123,29,1,25
BRDA:125,30,0,2
BRDA:125,30,1,0
BRDA:125,31,0,2
BRDA:125,31,1,0
BRDA:132,32,0,1
BRDA:132,32,1,27
BRDA:135,33,0,25
BRDA:135,33,1,2
BRDA:138,34,0,2
BRDA:138,34,1,0
BRDA:146,35,0,2
BRDA:149,36,0,2
BRDA:167,37,0,1
BRDA:179,38,0,8
BRF:79
BRH:74
end_of_record
TN:
SF:src/core/StoicEthicsEngine.ts
FN:41,(anonymous_0)
FN:49,(anonymous_1)
FN:199,(anonymous_2)
FN:207,(anonymous_3)
FNF:4
FNH:4
FNDA:36,(anonymous_0)
FNDA:28,(anonymous_1)
FNDA:34,(anonymous_2)
FNDA:3,(anonymous_3)
DA:18,10
DA:19,10
DA:37,10
DA:38,36
DA:42,36
DA:43,36
DA:50,28
DA:51,28
DA:52,28
DA:57,28
DA:59,28
DA:60,1
DA:62,28
DA:63,0
DA:65,28
DA:66,1
DA:68,28
DA:69,1
DA:72,28
DA:75,28
DA:76,28
DA:77,0
DA:79,28
DA:80,1
DA:82,28
DA:83,0
DA:85,28
DA:88,28
DA:89,28
DA:90,0
DA:92,28
DA:93,0
DA:95,28
DA:96,1
DA:98,28
DA:101,28
DA:102,28
DA:103,1
DA:105,28
DA:106,1
DA:108,28
DA:111,28
DA:112,28
DA:113,0
DA:115,28
DA:116,0
DA:119,28
DA:120,3
DA:122,28
DA:126,28
DA:129,28
DA:130,26
DA:132,2
DA:134,28
DA:137,28
DA:138,28
DA:139,1
DA:140,27
DA:141,25
DA:142,2
DA:143,1
DA:145,1
DA:149,28
DA:150,1
DA:151,1
DA:152,27
DA:153,25
DA:154,25
DA:155,2
DA:156,1
DA:157,1
DA:159,1
DA:160,1
DA:163,28
DA:164,2
DA:166,28
DA:167,1
DA:169,28
DA:170,1
DA:173,28
DA:187,28
DA:188,28
DA:189,1
DA:192,28
DA:193,28
DA:200,34
DA:201,26
DA:208,3
LF:88
LH:81
BRDA:41,0,0,35
BRDA:43,1,0,36
BRDA:43,1,1,35
BRDA:49,2,0,5
BRDA:59,3,0,1
BRDA:59,4,0,28
BRDA:59,4,1,27
BRDA:59,4,2,27
BRDA:59,4,3,27
BRDA:59,4,4,27
BRDA:59,4,5,27
BRDA:62,5,0,0
BRDA:62,6,0,28
BRDA:62,6,1,28
BRDA:62,6,2,28
BRDA:62,6,3,28
BRDA:65,7,0,1
BRDA:65,8,0,28
BRDA:65,8,1,27
BRDA:65,8,2,27
BRDA:65,8,3,27
BRDA:65,8,4,27
BRDA:65,8,5,27
BRDA:68,9,0,1
BRDA:68,10,0,28
BRDA:68,10,1,27
BRDA:68,10,2,27
BRDA:68,10,3,27
BRDA:76,11,0,0
BRDA:76,12,0,28
BRDA:76,12,1,28
BRDA:76,12,2,28
BRDA:76,12,3,28
BRDA:79,13,0,1
BRDA:79,14,0,28
BRDA:79,14,1,27
BRDA:79,14,2,27
BRDA:79,14,3,27
BRDA:82,15,0,0
BRDA:82,16,0,28
BRDA:82,16,1,28
BRDA:82,16,2,28
BRDA:82,16,3,28
BRDA:89,17,0,0
BRDA:89,18,0,28
BRDA:89,18,1,28
BRDA:89,18,2,28
BRDA:89,18,3,28
BRDA:89,18,4,28
BRDA:92,19,0,0
BRDA:92,20,0,28
BRDA:92,20,1,28
BRDA:92,20,2,28
BRDA:92,20,3,28
BRDA:95,21,0,1
BRDA:95,22,0,28
BRDA:95,22,1,28
BRDA:95,22,2,27
BRDA:95,22,3,27
BRDA:95,22,4,27
BRDA:102,23,0,1
BRDA:102,24,0,28
BRDA:102,24,1,28
BRDA:102,24,2,27
BRDA:102,24,3,27
BRDA:102,24,4,27
BRDA:105,25,0,1
BRDA:105,26,0,28
BRDA:105,26,1,27
BRDA:105,26,2,27
BRDA:105,26,3,27
BRDA:105,26,4,27
BRDA:112,27,0,0
BRDA:112,28,0,28
BRDA:112,28,1,28
BRDA:112,28,2,28
BRDA:112,28,3,28
BRDA:115,29,0,0
BRDA:115,30,0,28
BRDA:115,30,1,28
BRDA:115,30,2,28
BRDA:115,30,3,28
BRDA:119,31,0,3
BRDA:129,32,0,26
BRDA:129,32,1,2
BRDA:138,33,0,1
BRDA:138,33,1,27
BRDA:138,34,0,28
BRDA:138,34,1,1
BRDA:140,35,0,25
BRDA:140,35,1,2
BRDA:142,36,0,1
BRDA:142,36,1,1
BRDA:149,37,0,1
BRDA:149,37,1,27
BRDA:152,38,0,25
BRDA:152,38,1,2
BRDA:155,39,0,1
BRDA:155,39,1,1
BRDA:163,40,0,2
BRDA:166,41,0,1
BRDA:169,42,0,1
BRDA:188,43,0,1
BRDA:200,44,0,8
BRF:104
BRH:97
end_of_record
TN:
SF:src/core/UbuntuEthicsEngine.ts
FN:38,(anonymous_0)
FN:46,(anonymous_1)
FN:182,(anonymous_2)
FN:187,(anonymous_3)
FN:191,(anonymous_4)
FNF:5
FNH:4
FNDA:36,(anonymous_0)
FNDA:28,(anonymous_1)
FNDA:33,(anonymous_2)
FNDA:3,(anonymous_3)
FNDA:0,(anonymous_4)
DA:15,10
DA:16,10
DA:34,10
DA:35,36
DA:39,36
DA:40,36
DA:47,28
DA:48,28
DA:49,28
DA:52,28
DA:54,28
DA:55,1
DA:56,1
DA:59,28
DA:60,1
DA:61,1
DA:64,28
DA:65,3
DA:68,28
DA:71,28
DA:73,28
DA:74,2
DA:75,2
DA:76,26
DA:77,0
DA:78,0
DA:81,28
DA:82,4
DA:83,4
DA:86,28
DA:89,28
DA:91,28
DA:92,1
DA:93,1
DA:96,28
DA:97,1
DA:98,1
DA:101,28
DA:104,28
DA:106,28
DA:107,26
DA:108,26
DA:111,28
DA:112,1
DA:113,1
DA:116,28
DA:117,0
DA:118,0
DA:121,28
DA:124,28
DA:126,28
DA:127,0
DA:128,0
DA:131,28
DA:132,3
DA:133,3
DA:136,28
DA:139,28
DA:148,28
DA:149,28
DA:150,1
DA:151,27
DA:152,2
DA:153,25
DA:154,0
DA:155,25
DA:156,0
DA:159,28
DA:173,28
DA:174,28
DA:175,1
DA:178,28
DA:179,28
DA:183,33
DA:184,25
DA:188,3
DA:192,0
LF:77
LH:68
BRDA:38,0,0,35
BRDA:40,1,0,36
BRDA:40,1,1,35
BRDA:46,2,0,5
BRDA:54,3,0,1
BRDA:54,4,0,28
BRDA:54,4,1,27
BRDA:54,4,2,27
BRDA:54,4,3,27
BRDA:54,4,4,27
BRDA:59,5,0,1
BRDA:59,6,0,28
BRDA:59,6,1,27
BRDA:59,6,2,27
BRDA:59,6,3,27
BRDA:59,6,4,27
BRDA:59,6,5,27
BRDA:64,7,0,3
BRDA:73,8,0,2
BRDA:73,8,1,26
BRDA:73,9,0,28
BRDA:73,9,1,27
BRDA:73,9,2,27
BRDA:73,9,3,27
BRDA:73,9,4,27
BRDA:76,10,0,0
BRDA:76,11,0,26
BRDA:76,11,1,26
BRDA:76,11,2,26
BRDA:76,11,3,26
BRDA:81,12,0,4
BRDA:81,13,0,28
BRDA:81,13,1,25
BRDA:81,13,2,25
BRDA:81,13,3,25
BRDA:81,13,4,25
BRDA:81,13,5,25
BRDA:81,13,6,24
BRDA:81,13,7,24
BRDA:91,14,0,1
BRDA:91,15,0,28
BRDA:91,15,1,28
BRDA:91,15,2,28
BRDA:91,15,3,28
BRDA:91,15,4,28
BRDA:96,16,0,1
BRDA:96,17,0,28
BRDA:96,17,1,28
BRDA:96,17,2,28
BRDA:96,17,3,28
BRDA:96,17,4,27
BRDA:96,17,5,27
BRDA:106,18,0,26
BRDA:111,19,0,1
BRDA:111,20,0,28
BRDA:111,20,1,28
BRDA:111,20,2,28
BRDA:111,20,3,28
BRDA:111,20,4,28
BRDA:111,20,5,28
BRDA:111,20,6,27
BRDA:111,20,7,27
BRDA:116,21,0,0
BRDA:116,22,0,28
BRDA:116,22,1,28
BRDA:116,22,2,28
BRDA:116,22,3,28
BRDA:116,22,4,28
BRDA:126,23,0,0
BRDA:126,24,0,28
BRDA:126,24,1,28
BRDA:126,24,2,28
BRDA:126,24,3,28
BRDA:131,25,0,3
BRDA:131,26,0,28
BRDA:131,26,1,25
BRDA:131,26,2,25
BRDA:131,26,3,25
BRDA:131,26,4,25
BRDA:131,26,5,25
BRDA:149,27,0,1
BRDA:149,27,1,27
BRDA:149,28,0,28
BRDA:149,28,1,1
BRDA:149,28,2,1
BRDA:151,29,0,2
BRDA:151,29,1,25
BRDA:151,30,0,27
BRDA:151,30,1,26
BRDA:153,31,0,0
BRDA:153,31,1,25
BRDA:155,32,0,0
BRDA:174,33,0,1
BRDA:183,34,0,8
BRF:94
BRH:89
end_of_record
TN:
SF:src/core/UtilitarianCalculusEngine.ts
FN:48,(anonymous_0)
FN:56,(anonymous_1)
FN:61,(anonymous_2)
FN:76,(anonymous_3)
FN:128,(anonymous_4)
FN:182,(anonymous_5)
FN:225,(anonymous_6)
FN:247,(anonymous_7)
FN:251,(anonymous_8)
FNF:9
FNH:9
FNDA:34,(anonymous_0)
FNDA:25,(anonymous_1)
FNDA:10,(anonymous_2)
FNDA:10,(anonymous_3)
FNDA:35,(anonymous_4)
FNDA:10,(anonymous_5)
FNDA:25,(anonymous_6)
FNDA:2,(anonymous_7)
FNDA:32,(anonymous_8)
DA:12,10
DA:13,10
DA:44,10
DA:45,34
DA:49,34
DA:50,34
DA:57,25
DA:58,25
DA:61,25
DA:62,10
DA:63,10
DA:72,25
DA:76,25
DA:77,25
DA:79,25
DA:83,25
DA:86,25
DA:88,25
DA:89,1
DA:91,24
DA:94,25
DA:95,2
DA:97,25
DA:98,2
DA:100,25
DA:101,1
DA:104,25
DA:116,25
DA:117,25
DA:118,0
DA:121,25
DA:122,25
DA:129,35
DA:132,35
DA:133,35
DA:134,35
DA:135,35
DA:136,35
DA:137,35
DA:140,35
DA:141,1
DA:142,1
DA:143,1
DA:144,1
DA:145,1
DA:146,1
DA:150,35
DA:151,3
DA:152,3
DA:153,3
DA:154,3
DA:155,3
DA:156,3
DA:160,35
DA:161,1
DA:162,1
DA:163,1
DA:164,1
DA:165,1
DA:166,1
DA:169,35
DA:183,10
DA:184,10
DA:185,10
DA:187,10
DA:190,10
DA:191,1
DA:192,1
DA:195,9
DA:196,0
DA:197,0
DA:200,9
DA:201,0
DA:202,0
DA:205,9
DA:206,0
DA:207,0
DA:210,9
DA:211,0
DA:212,0
DA:216,10
DA:217,10
DA:219,10
DA:226,25
DA:230,25
DA:231,25
DA:233,25
DA:236,25
DA:237,1
DA:240,25
DA:241,0
DA:244,25
DA:248,2
DA:252,32
LF:94
LH:84
BRDA:48,0,0,34
BRDA:50,1,0,34
BRDA:50,1,1,34
BRDA:56,2,0,1
BRDA:65,3,0,10
BRDA:65,3,1,0
BRDA:77,4,0,4
BRDA:77,4,1,21
BRDA:86,5,0,1
BRDA:86,5,1,24
BRDA:88,6,0,1
BRDA:88,6,1,24
BRDA:94,7,0,2
BRDA:97,8,0,2
BRDA:100,9,0,1
BRDA:117,10,0,0
BRDA:140,11,0,1
BRDA:140,12,0,35
BRDA:140,12,1,34
BRDA:140,12,2,34
BRDA:140,12,3,34
BRDA:150,13,0,3
BRDA:150,14,0,35
BRDA:150,14,1,32
BRDA:150,14,2,32
BRDA:150,14,3,32
BRDA:160,15,0,1
BRDA:160,16,0,35
BRDA:160,16,1,34
BRDA:160,16,2,34
BRDA:160,16,3,34
BRDA:187,17,0,10
BRDA:187,17,1,0
BRDA:190,18,0,1
BRDA:190,18,1,9
BRDA:190,19,0,10
BRDA:190,19,1,9
BRDA:195,20,0,0
BRDA:195,20,1,9
BRDA:195,21,0,9
BRDA:195,21,1,9
BRDA:195,21,2,9
BRDA:195,21,3,9
BRDA:200,22,0,0
BRDA:200,22,1,9
BRDA:200,23,0,9
BRDA:200,23,1,9
BRDA:200,23,2,9
BRDA:205,24,0,0
BRDA:205,24,1,9
BRDA:205,25,0,9
BRDA:205,25,1,9
BRDA:205,25,2,9
BRDA:205,25,3,9
BRDA:210,26,0,0
BRDA:210,27,0,9
BRDA:210,27,1,9
BRDA:210,27,2,9
BRDA:210,27,3,9
BRDA:236,28,0,1
BRDA:236,29,0,25
BRDA:236,29,1,24
BRDA:236,29,2,24
BRDA:240,30,0,0
BRDA:240,31,0,25
BRDA:240,31,1,25
BRDA:240,31,2,25
BRDA:252,32,0,32
BRDA:252,32,1,8
BRF:69
BRH:61
end_of_record
TN:
SF:src/core/VirtueEthicsEngine.ts
FN:14,(anonymous_0)
FN:57,(anonymous_1)
FN:75,(anonymous_2)
FN:151,(anonymous_3)
FN:164,(anonymous_4)
FN:171,(anonymous_5)
FN:178,(anonymous_6)
FN:256,(anonymous_7)
FN:267,(anonymous_8)
FN:278,(anonymous_9)
FNF:10
FNH:10
FNDA:10,(anonymous_0)
FNDA:37,(anonymous_1)
FNDA:27,(anonymous_2)
FNDA:27,(anonymous_3)
FNDA:5,(anonymous_4)
FNDA:32,(anonymous_5)
FNDA:27,(anonymous_6)
FNDA:5,(anonymous_7)
FNDA:150,(anonymous_8)
FNDA:7,(anonymous_9)
DA:10,10
DA:11,10
DA:14,10
DA:15,10
DA:16,10
DA:17,10
DA:18,10
DA:19,10
DA:20,10
DA:48,10
DA:50,37
DA:54,37
DA:55,37
DA:58,37
DA:59,37
DA:62,37
DA:76,27
DA:77,27
DA:78,27
DA:79,27
DA:81,27
DA:83,27
DA:84,162
DA:86,162
DA:87,162
DA:89,162
DA:90,5
DA:91,5
DA:92,5
DA:93,5
DA:94,157
DA:95,7
DA:96,7
DA:97,7
DA:98,7
DA:100,150
DA:101,150
DA:102,150
DA:105,162
DA:106,162
DA:115,27
DA:116,27
DA:118,27
DA:119,25
DA:121,2
DA:124,27
DA:136,27
DA:137,27
DA:138,0
DA:142,27
DA:144,27
DA:145,27
DA:152,27
DA:153,27
DA:154,162
DA:155,162
DA:157,162
DA:165,5
DA:172,32
DA:180,27
DA:181,1
DA:182,1
DA:193,26
DA:194,26
DA:196,26
DA:206,26
DA:207,1
DA:208,1
DA:209,25
DA:210,1
DA:211,1
DA:215,26
DA:216,0
DA:217,0
DA:218,26
DA:219,0
DA:220,0
DA:224,26
DA:225,2
DA:226,2
DA:227,24
DA:228,0
DA:229,0
DA:233,26
DA:234,0
DA:235,0
DA:236,26
DA:237,0
DA:241,26
DA:242,0
DA:243,26
DA:244,1
DA:248,26
DA:249,6
DA:252,26
DA:257,5
DA:258,1
DA:259,0
DA:260,3
DA:261,0
DA:262,1
DA:263,0
DA:268,150
DA:269,25
DA:270,27
DA:271,24
DA:272,27
DA:273,26
DA:274,21
DA:279,7
DA:280,1
DA:281,0
DA:282,0
DA:283,0
DA:284,0
DA:285,6
LF:116
LH:98
BRDA:14,0,0,10
BRDA:14,0,1,10
BRDA:57,1,0,37
BRDA:59,2,0,37
BRDA:59,2,1,37
BRDA:89,3,0,5
BRDA:89,3,1,157
BRDA:94,4,0,7
BRDA:94,4,1,150
BRDA:118,5,0,25
BRDA:118,5,1,2
BRDA:137,6,0,0
BRDA:180,7,0,1
BRDA:180,8,0,27
BRDA:180,8,1,27
BRDA:183,9,0,1
BRDA:183,9,1,0
BRDA:184,10,0,1
BRDA:184,10,1,0
BRDA:185,11,0,1
BRDA:185,11,1,0
BRDA:186,12,0,1
BRDA:186,12,1,0
BRDA:187,13,0,1
BRDA:187,13,1,0
BRDA:188,14,0,1
BRDA:188,14,1,0
BRDA:206,15,0,1
BRDA:206,15,1,25
BRDA:206,16,0,26
BRDA:206,16,1,26
BRDA:206,16,2,25
BRDA:206,16,3,25
BRDA:209,17,0,1
BRDA:209,18,0,25
BRDA:209,18,1,25
BRDA:209,18,2,24
BRDA:209,18,3,24
BRDA:215,19,0,0
BRDA:215,19,1,26
BRDA:215,20,0,26
BRDA:215,20,1,26
BRDA:215,20,2,26
BRDA:215,20,3,26
BRDA:218,21,0,0
BRDA:218,22,0,26
BRDA:218,22,1,26
BRDA:218,22,2,26
BRDA:224,23,0,2
BRDA:224,23,1,24
BRDA:224,24,0,26
BRDA:224,24,1,25
BRDA:224,24,2,24
BRDA:224,24,3,24
BRDA:227,25,0,0
BRDA:227,26,0,24
BRDA:227,26,1,24
BRDA:227,26,2,24
BRDA:227,26,3,24
BRDA:233,27,0,0
BRDA:233,27,1,26
BRDA:233,28,0,26
BRDA:233,28,1,26
BRDA:233,28,2,26
BRDA:233,28,3,26
BRDA:236,29,0,0
BRDA:236,30,0,26
BRDA:236,30,1,26
BRDA:236,30,2,26
BRDA:236,30,3,26
BRDA:241,31,0,0
BRDA:241,31,1,26
BRDA:241,32,0,26
BRDA:241,32,1,26
BRDA:241,32,2,26
BRDA:241,32,3,26
BRDA:243,33,0,1
BRDA:243,34,0,26
BRDA:243,34,1,25
BRDA:243,34,2,25
BRDA:243,34,3,25
BRDA:248,35,0,6
BRDA:248,36,0,26
BRDA:248,36,1,26
BRDA:248,36,2,25
BRDA:248,36,3,25
BRDA:257,37,0,1
BRDA:257,37,1,0
BRDA:257,37,2,3
BRDA:257,37,3,0
BRDA:257,37,4,1
BRDA:257,37,5,0
BRDA:268,38,0,25
BRDA:268,38,1,27
BRDA:268,38,2,24
BRDA:268,38,3,27
BRDA:268,38,4,26
BRDA:268,38,5,21
BRDA:279,39,0,1
BRDA:279,39,1,0
BRDA:279,39,2,0
BRDA:279,39,3,0
BRDA:279,39,4,0
BRDA:279,39,5,6
BRF:104
BRH:84
end_of_record
TN:
SF:src/protection/KantianObserverProtection.ts
FN:14,(anonymous_0)
FNF:1
FNH:0
FNDA:0,(anonymous_0)
DA:13,11
DA:15,0
DA:16,0
DA:17,0
DA:18,0
DA:24,0
LF:6
LH:1
BRDA:17,0,0,0
BRDA:17,1,0,0
BRDA:17,1,1,0
BRF:3
BRH:0
end_of_record
TN:
SF:src/protection/ObserverProtector.ts
FN:21,(anonymous_0)
FN:29,(anonymous_1)
FN:77,(anonymous_2)
FN:91,(anonymous_3)
FN:97,(anonymous_4)
FN:108,(anonymous_5)
FN:140,(anonymous_6)
FN:149,(anonymous_7)
FN:181,(anonymous_8)
FN:190,(anonymous_9)
FN:221,(anonymous_10)
FN:226,(anonymous_11)
FN:253,(anonymous_12)
FN:284,(anonymous_13)
FN:313,(anonymous_14)
FN:323,(anonymous_15)
FN:351,(anonymous_16)
FN:366,(anonymous_17)
FN:368,(anonymous_18)
FN:375,(anonymous_19)
FN:382,(anonymous_20)
FN:414,(anonymous_21)
FN:428,(anonymous_22)
FN:435,(anonymous_23)
FN:444,(anonymous_24)
FN:448,(anonymous_25)
FN:453,(anonymous_26)
FN:458,(anonymous_27)
FN:467,(anonymous_28)
FN:480,(anonymous_29)
FN:489,(anonymous_30)
FN:519,(anonymous_31)
FN:526,(anonymous_32)
FNF:33
FNH:10
FNDA:11,(anonymous_0)
FNDA:11,(anonymous_1)
FNDA:32,(anonymous_2)
FNDA:32,(anonymous_3)
FNDA:0,(anonymous_4)
FNDA:0,(anonymous_5)
FNDA:0,(anonymous_6)
FNDA:0,(anonymous_7)
FNDA:0,(anonymous_8)
FNDA:0,(anonymous_9)
FNDA:0,(anonymous_10)
FNDA:0,(anonymous_11)
FNDA:8,(anonymous_12)
FNDA:8,(anonymous_13)
FNDA:0,(anonymous_14)
FNDA:0,(anonymous_15)
FNDA:0,(anonymous_16)
FNDA:128,(anonymous_17)
FNDA:192,(anonymous_18)
FNDA:6,(anonymous_19)
FNDA:0,(anonymous_20)
FNDA:0,(anonymous_21)
FNDA:0,(anonymous_22)
FNDA:0,(anonymous_23)
FNDA:0,(anonymous_24)
FNDA:0,(anonymous_25)
FNDA:0,(anonymous_26)
FNDA:0,(anonymous_27)
FNDA:0,(anonymous_28)
FNDA:0,(anonymous_29)
FNDA:0,(anonymous_30)
FNDA:33,(anonymous_31)
FNDA:0,(anonymous_32)
DA:8,11
DA:9,11
DA:10,11
DA:21,11
DA:22,11
DA:23,11
DA:24,11
DA:25,11
DA:26,11
DA:29,11
DA:30,11
DA:31,11
DA:32,11
DA:70,11
DA:78,32
DA:79,32
DA:80,32
DA:81,32
DA:82,32
DA:83,32
DA:85,32
DA:93,32
DA:101,0
DA:108,0
DA:109,0
DA:112,0
DA:113,0
DA:114,0
DA:125,0
DA:136,32
DA:144,0
DA:149,0
DA:150,0
DA:153,0
DA:154,0
DA:155,0
DA:166,0
DA:177,32
DA:185,0
DA:190,0
DA:191,0
DA:194,0
DA:195,0
DA:196,0
DA:207,0
DA:216,32
DA:217,32
DA:225,0
DA:226,0
DA:236,0
DA:259,8
DA:261,8
DA:270,8
DA:271,8
DA:275,8
DA:277,8
DA:278,8
DA:287,8
DA:299,8
DA:300,0
DA:307,8
DA:317,0
DA:318,0
DA:319,0
DA:322,0
DA:323,0
DA:326,0
DA:327,0
DA:328,0
DA:329,0
DA:333,0
DA:334,0
DA:336,0
DA:337,0
DA:340,0
DA:341,0
DA:344,0
DA:345,0
DA:351,0
DA:352,0
DA:353,0
DA:356,0
DA:367,128
DA:368,192
DA:369,128
DA:376,6
DA:386,0
DA:387,0
DA:388,0
DA:392,0
DA:398,0
DA:399,0
DA:400,0
DA:401,0
DA:405,0
DA:406,0
DA:407,0
DA:408,0
DA:415,0
DA:416,0
DA:417,0
DA:420,0
DA:421,0
DA:422,0
DA:429,0
DA:441,0
DA:443,0
DA:444,0
DA:447,0
DA:448,0
DA:451,0
DA:452,0
DA:453,0
DA:456,0
DA:457,0
DA:458,0
DA:461,0
DA:468,0
DA:469,0
DA:470,0
DA:472,0
DA:473,0
DA:476,0
DA:480,0
DA:494,0
DA:498,0
DA:499,0
DA:500,0
DA:504,0
DA:507,0
DA:508,0
DA:509,0
DA:510,0
DA:513,0
DA:520,33
DA:527,0
LF:136
LH:41
BRDA:21,0,0,11
BRDA:21,0,1,11
BRDA:29,1,0,11
BRDA:29,1,1,11
BRDA:113,2,0,0
BRDA:128,3,0,0
BRDA:128,3,1,0
BRDA:154,4,0,0
BRDA:169,5,0,0
BRDA:169,5,1,0
BRDA:195,6,0,0
BRDA:210,7,0,0
BRDA:210,7,1,0
BRDA:231,8,0,0
BRDA:231,8,1,0
BRDA:240,9,0,0
BRDA:240,9,1,0
BRDA:264,10,0,8
BRDA:264,10,1,2
BRDA:265,11,0,8
BRDA:265,11,1,2
BRDA:267,12,0,8
BRDA:267,12,1,0
BRDA:285,13,0,0
BRDA:299,14,0,0
BRDA:327,15,0,0
BRDA:336,16,0,0
BRDA:344,17,0,0
BRDA:344,18,0,0
BRDA:344,18,1,0
BRDA:376,19,0,6
BRDA:376,19,1,0
BRDA:387,20,0,0
BRDA:399,21,0,0
BRDA:416,22,0,0
BRDA:429,23,0,0
BRDA:429,23,1,0
BRDA:443,24,0,0
BRDA:447,25,0,0
BRDA:451,26,0,0
BRDA:456,27,0,0
BRDA:472,28,0,0
BRDA:472,29,0,0
BRDA:472,29,1,0
BRDA:482,30,0,0
BRDA:482,30,1,0
BRDA:498,31,0,0
BRDA:508,32,0,0
BRDA:527,33,0,0
BRDA:527,33,1,0
BRF:50
BRH:10
end_of_record
TN:
SF:src/quantum/QuantumConsensusEngine.ts
FN:27,(anonymous_0)
FNF:1
FNH:1
FNDA:8,(anonymous_0)
DA:10,9
DA:11,9
DA:23,9
DA:31,8
DA:33,6
DA:44,2
DA:45,2
DA:46,2
DA:47,2
DA:50,2
DA:51,5
DA:54,5
DA:64,5
DA:65,5
DA:69,2
DA:70,2
DA:71,3
DA:72,3
DA:74,3
DA:75,3
DA:78,3
DA:79,3
DA:83,2
DA:84,5
DA:85,5
DA:87,5
DA:89,2
DA:90,0
DA:97,2
DA:105,3
DA:113,2
DA:114,5
DA:115,5
DA:118,5
DA:119,5
DA:122,5
DA:125,5
DA:130,0
DA:131,0
DA:132,0
DA:134,0
DA:140,2
DA:141,2
DA:143,2
DA:144,5
DA:145,5
DA:146,2
DA:147,3
DA:151,0
DA:155,2
DA:157,2
DA:158,2
DA:161,2
DA:162,2
DA:164,2
LF:55
LH:49
BRDA:31,0,0,6
BRDA:51,1,0,5
BRDA:51,1,1,3
BRDA:55,2,0,3
BRDA:55,2,1,2
BRDA:57,3,0,2
BRDA:57,3,1,3
BRDA:59,4,0,1
BRDA:59,4,1,4
BRDA:59,5,0,5
BRDA:59,5,1,2
BRDA:85,6,0,5
BRDA:85,6,1,3
BRDA:87,7,0,2
BRDA:87,7,1,3
BRDA:89,8,0,0
BRDA:89,8,1,2
BRDA:125,9,0,0
BRDA:126,10,0,5
BRDA:126,10,1,5
BRDA:130,11,0,0
BRDA:130,11,1,0
BRDA:132,12,0,0
BRDA:145,13,0,2
BRDA:145,13,1,3
BRDA:147,14,0,0
BRDA:148,15,0,3
BRDA:148,15,1,3
BRDA:157,16,0,2
BRDA:157,16,1,0
BRDA:162,17,0,2
BRDA:162,17,1,2
BRF:32
BRH:25
end_of_record
TN:
SF:src/quantum/QuantumEthicalState.ts
FN:10,(anonymous_0)
FN:36,(anonymous_1)
FN:56,(anonymous_2)
FN:77,(anonymous_3)
FN:84,(anonymous_4)
FN:104,(anonymous_5)
FN:119,(anonymous_6)
FN:126,(anonymous_7)
FN:165,(anonymous_8)
FN:172,(anonymous_9)
FNF:10
FNH:10
FNDA:11,(anonymous_0)
FNDA:41,(anonymous_1)
FNDA:415,(anonymous_2)
FNDA:61,(anonymous_3)
FNDA:374,(anonymous_4)
FNDA:15,(anonymous_5)
FNDA:7,(anonymous_6)
FNDA:31,(anonymous_7)
FNDA:2,(anonymous_8)
FNDA:1,(anonymous_9)
DA:8,11
DA:10,11
DA:11,11
DA:12,11
DA:13,11
DA:14,11
DA:30,11
DA:37,41
DA:38,41
DA:39,41
DA:42,41
DA:50,41
DA:58,415
DA:63,415
DA:64,0
DA:65,0
DA:68,415
DA:69,415
DA:70,415
DA:71,415
DA:78,61
DA:85,374
DA:86,0
DA:89,374
DA:90,374
DA:91,374
DA:92,370
DA:93,374
DA:94,370
DA:95,374
DA:96,371
DA:98,374
DA:109,15
DA:120,7
DA:127,31
DA:128,1
DA:131,30
DA:132,30
DA:134,30
DA:141,30
DA:142,36
DA:143,36
DA:144,30
DA:145,30
DA:150,30
DA:151,0
DA:155,30
DA:156,120
DA:159,30
DA:166,2
DA:173,1
LF:51
LH:47
BRDA:10,0,0,11
BRDA:10,0,1,11
BRDA:43,1,0,41
BRDA:43,1,1,3
BRDA:45,2,0,41
BRDA:45,2,1,5
BRDA:46,3,0,41
BRDA:46,3,1,5
BRDA:47,4,0,41
BRDA:47,4,1,5
BRDA:63,5,0,0
BRDA:85,6,0,0
BRDA:89,7,0,374
BRDA:91,8,0,370
BRDA:93,9,0,370
BRDA:95,10,0,371
BRDA:106,11,0,0
BRDA:107,12,0,0
BRDA:127,13,0,1
BRDA:143,14,0,30
BRDA:150,15,0,0
BRDA:156,16,0,30
BRDA:156,16,1,90
BRF:23
BRH:18
end_of_record
TN:
SF:src/quantum/QuantumSupervisionEngine.ts
FN:29,(anonymous_0)
FNF:1
FNH:1
FNDA:23,(anonymous_0)
DA:9,9
DA:25,9
DA:38,23
DA:46,23
DA:47,1
DA:48,1
DA:49,1
DA:50,1
DA:54,23
DA:55,6
DA:56,6
DA:57,6
DA:60,23
DA:61,23
DA:64,23
DA:65,23
DA:66,46
DA:67,368
DA:68,368
DA:69,368
DA:71,368
DA:73,364
DA:87,4
DA:99,0
DA:108,23
DA:111,23
DA:114,23
DA:115,23
DA:117,23
DA:118,22
DA:119,1
DA:121,0
DA:122,0
DA:125,1
DA:129,23
DA:131,23
LF:36
LH:33
BRDA:32,0,0,0
BRDA:33,1,0,0
BRDA:34,2,0,0
BRDA:46,3,0,1
BRDA:54,4,0,6
BRDA:54,5,0,23
BRDA:54,5,1,6
BRDA:55,6,0,6
BRDA:55,6,1,0
BRDA:56,7,0,6
BRDA:56,7,1,0
BRDA:57,8,0,6
BRDA:57,8,1,0
BRDA:71,9,0,364
BRDA:71,9,1,4
BRDA:117,10,0,22
BRDA:117,10,1,1
BRDA:119,11,0,0
BRDA:119,11,1,1
BRF:19
BRH:12
end_of_record
TN:
SF:src/reversibility/ReversibilityEngine.ts
FN:42,(anonymous_0)
FN:53,(anonymous_1)
FN:137,(anonymous_2)
FN:143,(anonymous_3)
FN:144,(anonymous_4)
FN:152,(anonymous_5)
FN:167,(anonymous_6)
FN:178,(anonymous_7)
FN:242,(anonymous_8)
FN:258,(anonymous_9)
FN:271,(anonymous_10)
FN:276,(anonymous_11)
FN:277,(anonymous_12)
FN:285,(anonymous_13)
FN:297,(anonymous_14)
FN:305,(anonymous_15)
FN:309,(anonymous_16)
FN:313,(anonymous_17)
FN:322,(anonymous_18)
FN:325,(anonymous_19)
FN:327,(anonymous_20)
FN:329,(anonymous_21)
FN:334,(anonymous_22)
FN:355,(anonymous_23)
FN:377,(anonymous_24)
FN:384,(anonymous_25)
FNF:26
FNH:2
FNDA:32,(anonymous_0)
FNDA:0,(anonymous_1)
FNDA:0,(anonymous_2)
FNDA:0,(anonymous_3)
FNDA:0,(anonymous_4)
FNDA:0,(anonymous_5)
FNDA:0,(anonymous_6)
FNDA:0,(anonymous_7)
FNDA:0,(anonymous_8)
FNDA:0,(anonymous_9)
FNDA:0,(anonymous_10)
FNDA:0,(anonymous_11)
FNDA:0,(anonymous_12)
FNDA:0,(anonymous_13)
FNDA:0,(anonymous_14)
FNDA:0,(anonymous_15)
FNDA:0,(anonymous_16)
FNDA:0,(anonymous_17)
FNDA:72,(anonymous_18)
FNDA:0,(anonymous_19)
FNDA:0,(anonymous_20)
FNDA:0,(anonymous_21)
FNDA:0,(anonymous_22)
FNDA:0,(anonymous_23)
FNDA:0,(anonymous_24)
FNDA:0,(anonymous_25)
DA:8,9
DA:9,9
DA:36,9
DA:43,32
DA:44,32
DA:45,32
DA:46,32
DA:47,32
DA:60,0
DA:61,0
DA:69,0
DA:76,0
DA:78,0
DA:79,0
DA:81,0
DA:82,0
DA:84,0
DA:90,0
DA:91,0
DA:93,0
DA:100,0
DA:101,0
DA:103,0
DA:104,0
DA:108,0
DA:110,0
DA:111,0
DA:112,0
DA:114,0
DA:120,0
DA:121,0
DA:122,0
DA:124,0
DA:126,0
DA:141,0
DA:144,0
DA:153,0
DA:160,0
DA:161,0
DA:168,0
DA:169,0
DA:170,0
DA:171,0
DA:182,0
DA:183,0
DA:184,0
DA:185,0
DA:188,0
DA:189,0
DA:190,0
DA:194,0
DA:195,0
DA:196,0
DA:197,0
DA:198,0
DA:202,0
DA:203,0
DA:204,0
DA:206,0
DA:207,0
DA:210,0
DA:218,0
DA:219,0
DA:221,0
DA:223,0
DA:232,0
DA:233,0
DA:235,0
DA:246,0
DA:249,0
DA:250,0
DA:251,0
DA:253,0
DA:254,0
DA:258,0
DA:260,0
DA:275,0
DA:276,0
DA:277,0
DA:279,0
DA:286,0
DA:289,0
DA:290,0
DA:302,0
DA:304,0
DA:305,0
DA:308,0
DA:309,0
DA:312,0
DA:313,0
DA:316,0
DA:323,72
DA:324,72
DA:325,0
DA:327,72
DA:328,72
DA:329,0
DA:332,72
DA:333,72
DA:334,0
DA:337,72
DA:339,72
DA:356,0
DA:359,0
DA:360,0
DA:364,0
DA:365,0
DA:366,0
DA:370,0
DA:371,0
DA:378,0
DA:385,0
LF:112
LH:16
BRDA:42,0,0,0
BRDA:47,1,0,32
BRDA:47,1,1,0
BRDA:58,2,0,0
BRDA:72,3,0,0
BRDA:73,4,0,0
BRDA:103,5,0,0
BRDA:108,6,0,0
BRDA:111,7,0,0
BRDA:121,8,0,0
BRDA:129,9,0,0
BRDA:129,9,1,0
BRDA:169,10,0,0
BRDA:180,11,0,0
BRDA:183,12,0,0
BRDA:188,13,0,0
BRDA:194,14,0,0
BRDA:196,15,0,0
BRDA:196,16,0,0
BRDA:196,16,1,0
BRDA:244,17,0,0
BRDA:253,18,0,0
BRDA:253,19,0,0
BRDA:253,19,1,0
BRDA:273,20,0,0
BRDA:276,21,0,0
BRDA:276,21,1,0
BRDA:289,22,0,0
BRDA:304,23,0,0
BRDA:308,24,0,0
BRDA:312,25,0,0
BRDA:325,26,0,0
BRDA:325,26,1,0
BRDA:329,27,0,0
BRDA:329,27,1,0
BRDA:337,28,0,0
BRDA:337,28,1,72
BRDA:360,29,0,0
BRDA:361,30,0,0
BRDA:361,30,1,0
BRDA:361,30,2,0
BRDA:378,31,0,0
BRDA:378,31,1,0
BRDA:385,32,0,0
BRDA:385,32,1,0
BRF:45
BRH:2
end_of_record
TN:
SF:src/reversibility/TemporalForkingEngine.ts
FN:33,(anonymous_0)
FN:52,(anonymous_1)
FN:76,(anonymous_2)
FN:147,(anonymous_3)
FN:183,(anonymous_4)
FN:191,(anonymous_5)
FN:192,(anonymous_6)
FNF:7
FNH:7
FNDA:32,(anonymous_0)
FNDA:3,(anonymous_1)
FNDA:3,(anonymous_2)
FNDA:2,(anonymous_3)
FNDA:4,(anonymous_4)
FNDA:4,(anonymous_5)
FNDA:5,(anonymous_6)
DA:9,9
DA:29,9
DA:34,32
DA:35,32
DA:38,32
DA:53,3
DA:54,3
DA:55,0
DA:58,3
DA:59,3
DA:69,3
DA:70,3
DA:81,3
DA:82,3
DA:83,0
DA:86,3
DA:87,0
DA:92,3
DA:93,3
DA:96,3
DA:97,24
DA:98,24
DA:99,24
DA:100,2
DA:101,2
DA:104,0
DA:107,0
DA:112,3
DA:113,1
DA:115,3
DA:116,2
DA:120,3
DA:121,3
DA:126,3
DA:129,3
DA:130,3
DA:132,3
DA:133,1
DA:136,3
DA:148,2
DA:149,2
DA:150,0
DA:153,2
DA:154,1
DA:159,1
DA:160,1
DA:161,0
DA:164,1
DA:165,1
DA:166,0
DA:170,1
DA:174,1
DA:176,1
DA:177,1
DA:184,4
DA:185,4
DA:192,5
LF:57
LH:49
BRDA:52,0,0,2
BRDA:54,1,0,0
BRDA:82,2,0,0
BRDA:86,3,0,0
BRDA:99,4,0,2
BRDA:112,5,0,1
BRDA:115,6,0,2
BRDA:115,7,0,3
BRDA:115,7,1,2
BRDA:126,8,0,3
BRDA:126,8,1,2
BRDA:132,9,0,1
BRDA:149,10,0,0
BRDA:153,11,0,1
BRDA:160,12,0,0
BRDA:165,13,0,0
BRDA:185,14,0,4
BRDA:185,14,1,0
BRF:18
BRH:11
end_of_record
TN:
SF:src/server/DashboardServer.ts
FN:22,(anonymous_0)
FN:37,(anonymous_1)
FN:135,(anonymous_2)
FN:188,(anonymous_3)
FN:189,(anonymous_4)
FN:190,(anonymous_5)
FN:223,(anonymous_6)
FN:226,(anonymous_7)
FN:275,(anonymous_8)
FN:297,(anonymous_9)
FN:303,(anonymous_10)
FN:349,(anonymous_11)
FN:359,(anonymous_12)
FN:360,(anonymous_13)
FN:459,(anonymous_14)
FN:462,(anonymous_15)
FN:527,(anonymous_16)
FN:530,(anonymous_17)
FN:561,(anonymous_18)
FN:588,(anonymous_19)
FN:591,(anonymous_20)
FN:611,(anonymous_21)
FN:623,(anonymous_22)
FN:627,(anonymous_23)
FN:635,(anonymous_24)
FN:667,(anonymous_25)
FN:670,(anonymous_26)
FN:689,(anonymous_27)
FN:720,(anonymous_28)
FN:723,(anonymous_29)
FN:758,(anonymous_30)
FN:761,(anonymous_31)
FN:812,(anonymous_32)
FN:815,(anonymous_33)
FN:848,(anonymous_34)
FN:851,(anonymous_35)
FN:926,(anonymous_36)
FN:929,(anonymous_37)
FN:952,(anonymous_38)
FN:975,(anonymous_39)
FN:978,(anonymous_40)
FN:1155,(anonymous_41)
FN:1158,(anonymous_42)
FN:1200,(anonymous_43)
FN:1203,(anonymous_44)
FN:1229,(anonymous_45)
FN:1232,(anonymous_46)
FN:1246,(anonymous_47)
FN:1325,(anonymous_48)
FN:1328,(anonymous_49)
FN:1372,(anonymous_50)
FN:1393,(anonymous_51)
FN:1400,(anonymous_52)
FN:1409,(anonymous_53)
FN:1410,(anonymous_54)
FN:1412,(anonymous_55)
FNF:56
FNH:32
FNDA:2,(anonymous_0)
FNDA:2,(anonymous_1)
FNDA:2,(anonymous_2)
FNDA:2,(anonymous_3)
FNDA:2,(anonymous_4)
FNDA:11,(anonymous_5)
FNDA:0,(anonymous_6)
FNDA:0,(anonymous_7)
FNDA:0,(anonymous_8)
FNDA:6,(anonymous_9)
FNDA:17,(anonymous_10)
FNDA:6,(anonymous_11)
FNDA:6,(anonymous_12)
FNDA:8,(anonymous_13)
FNDA:1,(anonymous_14)
FNDA:1,(anonymous_15)
FNDA:0,(anonymous_16)
FNDA:0,(anonymous_17)
FNDA:0,(anonymous_18)
FNDA:1,(anonymous_19)
FNDA:1,(anonymous_20)
FNDA:0,(anonymous_21)
FNDA:9,(anonymous_22)
FNDA:9,(anonymous_23)
FNDA:9,(anonymous_24)
FNDA:1,(anonymous_25)
FNDA:1,(anonymous_26)
FNDA:9,(anonymous_27)
FNDA:0,(anonymous_28)
FNDA:0,(anonymous_29)
FNDA:0,(anonymous_30)
FNDA:0,(anonymous_31)
FNDA:0,(anonymous_32)
FNDA:0,(anonymous_33)
FNDA:1,(anonymous_34)
FNDA:1,(anonymous_35)
FNDA:0,(anonymous_36)
FNDA:0,(anonymous_37)
FNDA:0,(anonymous_38)
FNDA:0,(anonymous_39)
FNDA:0,(anonymous_40)
FNDA:0,(anonymous_41)
FNDA:0,(anonymous_42)
FNDA:1,(anonymous_43)
FNDA:1,(anonymous_44)
FNDA:1,(anonymous_45)
FNDA:1,(anonymous_46)
FNDA:1,(anonymous_47)
FNDA:0,(anonymous_48)
FNDA:0,(anonymous_49)
FNDA:0,(anonymous_50)
FNDA:2,(anonymous_51)
FNDA:0,(anonymous_52)
FNDA:2,(anonymous_53)
FNDA:2,(anonymous_54)
FNDA:2,(anonymous_55)
DA:8,9
DA:9,9
DA:10,9
DA:11,9
DA:12,9
DA:14,9
DA:16,9
DA:17,2
DA:23,2
DA:24,2
DA:28,2
DA:30,2
DA:31,2
DA:38,2
DA:42,2
DA:80,2
DA:86,2
DA:90,2
DA:125,2
DA:136,2
DA:143,2
DA:150,2
DA:158,2
DA:165,2
DA:172,2
DA:180,2
DA:181,2
DA:182,2
DA:189,2
DA:190,2
DA:191,11
DA:192,11
DA:195,11
DA:196,11
DA:197,11
DA:198,11
DA:199,11
DA:201,11
DA:202,0
DA:203,0
DA:204,0
DA:209,11
DA:210,0
DA:211,0
DA:218,0
DA:221,11
DA:222,0
DA:223,0
DA:224,0
DA:226,0
DA:227,0
DA:228,0
DA:229,0
DA:231,0
DA:232,0
DA:233,0
DA:234,0
DA:235,0
DA:236,0
DA:238,0
DA:239,0
DA:250,0
DA:251,0
DA:252,0
DA:259,0
DA:262,11
DA:263,0
DA:264,0
DA:270,0
DA:273,11
DA:274,0
DA:275,0
DA:276,0
DA:277,0
DA:278,0
DA:280,0
DA:281,0
DA:282,0
DA:283,0
DA:285,0
DA:286,0
DA:290,0
DA:293,11
DA:294,2
DA:295,2
DA:297,6
DA:301,2
DA:303,17
DA:311,2
DA:312,2
DA:313,2
DA:316,2
DA:317,2
DA:318,6
DA:324,6
DA:325,6
DA:328,2
DA:329,2
DA:330,4
DA:331,4
DA:332,4
DA:333,4
DA:336,4
DA:341,4
DA:348,2
DA:350,6
DA:351,6
DA:360,8
DA:370,2
DA:371,2
DA:453,2
DA:457,9
DA:458,1
DA:459,1
DA:460,1
DA:462,1
DA:463,1
DA:464,1
DA:465,1
DA:466,1
DA:467,0
DA:468,0
DA:469,0
DA:471,1
DA:475,1
DA:476,1
DA:484,0
DA:485,0
DA:486,0
DA:493,1
DA:496,8
DA:497,0
DA:498,0
DA:499,0
DA:500,0
DA:508,0
DA:509,0
DA:510,0
DA:516,0
DA:519,8
DA:520,0
DA:521,0
DA:522,0
DA:525,8
DA:526,0
DA:527,0
DA:528,0
DA:530,0
DA:531,0
DA:532,0
DA:534,0
DA:536,0
DA:537,0
DA:538,0
DA:541,0
DA:544,0
DA:552,0
DA:553,0
DA:559,0
DA:561,0
DA:566,0
DA:567,0
DA:574,0
DA:575,0
DA:576,0
DA:583,0
DA:586,8
DA:587,1
DA:588,1
DA:589,1
DA:591,1
DA:592,1
DA:593,1
DA:594,1
DA:596,1
DA:597,0
DA:598,0
DA:603,0
DA:606,1
DA:611,0
DA:615,1
DA:616,1
DA:624,9
DA:626,9
DA:627,9
DA:628,9
DA:633,1
DA:635,9
DA:644,1
DA:645,1
DA:653,0
DA:654,0
DA:655,0
DA:662,1
DA:665,7
DA:666,1
DA:667,1
DA:668,1
DA:670,1
DA:671,1
DA:672,1
DA:673,1
DA:675,1
DA:676,0
DA:677,0
DA:680,0
DA:683,1
DA:687,1
DA:689,9
DA:698,1
DA:699,1
DA:706,0
DA:707,0
DA:708,0
DA:715,1
DA:718,6
DA:719,0
DA:720,0
DA:721,0
DA:723,0
DA:724,0
DA:725,0
DA:726,0
DA:727,0
DA:728,0
DA:729,0
DA:730,0
DA:732,0
DA:736,0
DA:737,0
DA:744,0
DA:745,0
DA:746,0
DA:753,0
DA:756,6
DA:757,0
DA:758,0
DA:759,0
DA:761,0
DA:762,0
DA:763,0
DA:764,0
DA:765,0
DA:766,0
DA:767,0
DA:772,0
DA:774,0
DA:783,0
DA:785,0
DA:790,0
DA:791,0
DA:798,0
DA:799,0
DA:800,0
DA:807,0
DA:810,6
DA:811,0
DA:812,0
DA:813,0
DA:815,0
DA:816,0
DA:817,0
DA:818,0
DA:819,0
DA:820,0
DA:821,0
DA:822,0
DA:825,0
DA:826,0
DA:827,0
DA:834,0
DA:835,0
DA:836,0
DA:843,0
DA:846,6
DA:847,1
DA:848,1
DA:849,1
DA:851,1
DA:852,1
DA:853,1
DA:854,1
DA:856,1
DA:857,0
DA:858,0
DA:863,0
DA:867,1
DA:878,1
DA:879,1
DA:880,1
DA:882,1
DA:883,1
DA:896,0
DA:897,0
DA:904,1
DA:907,5
DA:908,0
DA:909,0
DA:910,0
DA:911,0
DA:913,0
DA:914,0
DA:915,0
DA:921,0
DA:924,5
DA:925,0
DA:926,0
DA:927,0
DA:929,0
DA:930,0
DA:931,0
DA:932,0
DA:933,0
DA:934,0
DA:935,0
DA:938,0
DA:941,0
DA:942,0
DA:943,0
DA:944,0
DA:945,0
DA:946,0
DA:951,0
DA:952,0
DA:958,0
DA:959,0
DA:961,0
DA:962,0
DA:963,0
DA:970,0
DA:973,5
DA:974,0
DA:975,0
DA:976,0
DA:978,0
DA:979,0
DA:980,0
DA:981,0
DA:982,0
DA:983,0
DA:984,0
DA:989,0
DA:991,0
DA:996,0
DA:997,0
DA:998,0
DA:1000,0
DA:1001,0
DA:1002,0
DA:1009,0
DA:1012,5
DA:1013,0
DA:1014,0
DA:1015,0
DA:1016,0
DA:1017,0
DA:1019,0
DA:1020,0
DA:1021,0
DA:1027,0
DA:1030,5
DA:1031,0
DA:1032,0
DA:1033,0
DA:1034,0
DA:1036,0
DA:1037,0
DA:1038,0
DA:1044,0
DA:1047,5
DA:1048,0
DA:1049,0
DA:1050,0
DA:1051,0
DA:1053,0
DA:1054,0
DA:1055,0
DA:1062,0
DA:1065,5
DA:1066,0
DA:1067,0
DA:1068,0
DA:1069,0
DA:1070,0
DA:1071,0
DA:1072,0
DA:1074,0
DA:1075,0
DA:1076,0
DA:1082,0
DA:1085,5
DA:1086,0
DA:1087,0
DA:1088,0
DA:1089,0
DA:1091,0
DA:1092,0
DA:1093,0
DA:1099,0
DA:1102,5
DA:1103,0
DA:1104,0
DA:1105,0
DA:1106,0
DA:1108,0
DA:1109,0
DA:1110,0
DA:1116,0
DA:1119,5
DA:1120,0
DA:1121,0
DA:1122,0
DA:1123,0
DA:1125,0
DA:1126,0
DA:1127,0
DA:1133,0
DA:1136,5
DA:1137,0
DA:1138,0
DA:1139,0
DA:1140,0
DA:1142,0
DA:1143,0
DA:1144,0
DA:1150,0
DA:1153,5
DA:1154,0
DA:1155,0
DA:1156,0
DA:1158,0
DA:1159,0
DA:1160,0
DA:1161,0
DA:1162,0
DA:1163,0
DA:1164,0
DA:1169,0
DA:1171,0
DA:1177,0
DA:1178,0
DA:1186,0
DA:1187,0
DA:1188,0
DA:1195,0
DA:1198,5
DA:1199,1
DA:1200,1
DA:1201,1
DA:1203,1
DA:1204,1
DA:1205,1
DA:1206,1
DA:1207,1
DA:1208,0
DA:1209,0
DA:1210,0
DA:1212,1
DA:1213,1
DA:1215,1
DA:1216,1
DA:1217,1
DA:1219,0
DA:1220,0
DA:1221,0
DA:1224,1
DA:1227,4
DA:1228,1
DA:1229,1
DA:1230,1
DA:1232,1
DA:1233,1
DA:1234,1
DA:1235,1
DA:1236,1
DA:1237,0
DA:1238,0
DA:1239,0
DA:1241,1
DA:1242,1
DA:1243,1
DA:1246,1
DA:1250,0
DA:1251,0
DA:1252,0
DA:1255,1
DA:1258,3
DA:1259,1
DA:1260,1
DA:1261,1
DA:1262,1
DA:1264,0
DA:1265,0
DA:1266,0
DA:1268,1
DA:1271,2
DA:1272,1
DA:1273,1
DA:1274,1
DA:1282,0
DA:1283,0
DA:1284,0
DA:1286,1
DA:1289,1
DA:1290,1
DA:1291,1
DA:1292,1
DA:1293,1
DA:1295,0
DA:1296,0
DA:1297,0
DA:1299,1
DA:1302,0
DA:1303,0
DA:1304,0
DA:1305,0
DA:1306,0
DA:1307,0
DA:1315,0
DA:1316,0
DA:1317,0
DA:1319,0
DA:1322,0
DA:1323,0
DA:1324,0
DA:1325,0
DA:1326,0
DA:1328,0
DA:1329,0
DA:1330,0
DA:1331,0
DA:1332,0
DA:1334,0
DA:1335,0
DA:1336,0
DA:1338,0
DA:1339,0
DA:1343,0
DA:1344,0
DA:1345,0
DA:1347,0
DA:1351,0
DA:1352,0
DA:1358,0
DA:1359,0
DA:1360,0
DA:1361,0
DA:1364,0
DA:1365,0
DA:1366,0
DA:1367,0
DA:1368,0
DA:1369,0
DA:1370,0
DA:1372,0
DA:1373,0
DA:1374,0
DA:1375,0
DA:1376,0
DA:1378,0
DA:1379,0
DA:1382,0
DA:1383,0
DA:1386,0
DA:1389,0
DA:1390,0
DA:1393,2
DA:1394,2
DA:1397,2
DA:1400,2
DA:1401,0
DA:1410,2
DA:1411,2
DA:1412,2
DA:1413,2
DA:1416,0
LF:576
LH:208
BRDA:22,0,0,0
BRDA:191,1,0,11
BRDA:191,1,1,0
BRDA:192,2,0,11
BRDA:192,2,1,0
BRDA:195,3,0,11
BRDA:201,4,0,0
BRDA:209,5,0,0
BRDA:209,6,0,11
BRDA:209,6,1,0
BRDA:213,7,0,0
BRDA:213,7,1,0
BRDA:214,8,0,0
BRDA:214,8,1,0
BRDA:215,9,0,0
BRDA:215,9,1,0
BRDA:221,10,0,0
BRDA:221,11,0,11
BRDA:221,11,1,0
BRDA:231,12,0,0
BRDA:233,13,0,0
BRDA:235,14,0,0
BRDA:243,15,0,0
BRDA:243,15,1,0
BRDA:244,16,0,0
BRDA:244,16,1,0
BRDA:245,17,0,0
BRDA:245,17,1,0
BRDA:254,18,0,0
BRDA:254,18,1,0
BRDA:262,19,0,0
BRDA:262,20,0,11
BRDA:262,20,1,0
BRDA:273,21,0,0
BRDA:273,22,0,11
BRDA:273,22,1,0
BRDA:276,23,0,0
BRDA:276,23,1,0
BRDA:283,24,0,0
BRDA:283,24,1,0
BRDA:293,25,0,2
BRDA:293,26,0,11
BRDA:293,26,1,2
BRDA:319,27,0,4
BRDA:319,27,1,2
BRDA:353,28,0,6
BRDA:353,28,1,0
BRDA:457,29,0,1
BRDA:457,30,0,9
BRDA:457,30,1,1
BRDA:466,31,0,0
BRDA:473,32,0,1
BRDA:473,32,1,0
BRDA:488,33,0,0
BRDA:488,33,1,0
BRDA:496,34,0,0
BRDA:496,35,0,8
BRDA:496,35,1,0
BRDA:512,36,0,0
BRDA:512,36,1,0
BRDA:519,37,0,0
BRDA:519,38,0,8
BRDA:519,38,1,0
BRDA:525,39,0,0
BRDA:525,40,0,8
BRDA:525,40,1,0
BRDA:536,41,0,0
BRDA:536,42,0,0
BRDA:536,42,1,0
BRDA:552,43,0,0
BRDA:578,44,0,0
BRDA:578,44,1,0
BRDA:586,45,0,1
BRDA:586,46,0,8
BRDA:586,46,1,1
BRDA:596,47,0,0
BRDA:596,48,0,1
BRDA:596,48,1,1
BRDA:596,48,2,1
BRDA:606,49,0,1
BRDA:606,49,1,0
BRDA:608,50,0,0
BRDA:608,50,1,0
BRDA:624,51,0,0
BRDA:657,52,0,0
BRDA:657,52,1,0
BRDA:665,53,0,1
BRDA:665,54,0,7
BRDA:665,54,1,1
BRDA:675,55,0,0
BRDA:675,56,0,1
BRDA:675,56,1,1
BRDA:710,57,0,0
BRDA:710,57,1,0
BRDA:718,58,0,0
BRDA:718,59,0,6
BRDA:718,59,1,0
BRDA:727,60,0,0
BRDA:748,61,0,0
BRDA:748,61,1,0
BRDA:756,62,0,0
BRDA:756,63,0,6
BRDA:756,63,1,0
BRDA:765,64,0,0
BRDA:765,65,0,0
BRDA:765,65,1,0
BRDA:765,65,2,0
BRDA:802,66,0,0
BRDA:802,66,1,0
BRDA:810,67,0,0
BRDA:810,68,0,6
BRDA:810,68,1,0
BRDA:819,69,0,0
BRDA:838,70,0,0
BRDA:838,70,1,0
BRDA:846,71,0,1
BRDA:846,72,0,6
BRDA:846,72,1,1
BRDA:856,73,0,0
BRDA:856,74,0,1
BRDA:856,74,1,1
BRDA:874,75,0,1
BRDA:874,75,1,1
BRDA:907,76,0,0
BRDA:907,77,0,5
BRDA:907,77,1,0
BRDA:917,78,0,0
BRDA:917,78,1,0
BRDA:924,79,0,0
BRDA:924,80,0,5
BRDA:924,80,1,0
BRDA:933,81,0,0
BRDA:943,82,0,0
BRDA:965,83,0,0
BRDA:965,83,1,0
BRDA:973,84,0,0
BRDA:973,85,0,5
BRDA:973,85,1,0
BRDA:982,86,0,0
BRDA:982,87,0,0
BRDA:982,87,1,0
BRDA:982,87,2,0
BRDA:1004,88,0,0
BRDA:1004,88,1,0
BRDA:1012,89,0,0
BRDA:1012,90,0,5
BRDA:1012,90,1,0
BRDA:1023,91,0,0
BRDA:1023,91,1,0
BRDA:1030,92,0,0
BRDA:1030,93,0,5
BRDA:1030,93,1,0
BRDA:1040,94,0,0
BRDA:1040,94,1,0
BRDA:1047,95,0,0
BRDA:1047,96,0,5
BRDA:1047,96,1,0
BRDA:1058,97,0,0
BRDA:1058,97,1,0
BRDA:1065,98,0,0
BRDA:1065,99,0,5
BRDA:1065,99,1,0
BRDA:1078,100,0,0
BRDA:1078,100,1,0
BRDA:1085,101,0,0
BRDA:1085,102,0,5
BRDA:1085,102,1,0
BRDA:1095,103,0,0
BRDA:1095,103,1,0
BRDA:1102,104,0,0
BRDA:1102,105,0,5
BRDA:1102,105,1,0
BRDA:1112,106,0,0
BRDA:1112,106,1,0
BRDA:1119,107,0,0
BRDA:1119,108,0,5
BRDA:1119,108,1,0
BRDA:1129,109,0,0
BRDA:1129,109,1,0
BRDA:1136,110,0,0
BRDA:1136,111,0,5
BRDA:1136,111,1,0
BRDA:1146,112,0,0
BRDA:1146,112,1,0
BRDA:1153,113,0,0
BRDA:1153,114,0,5
BRDA:1153,114,1,0
BRDA:1162,115,0,0
BRDA:1162,116,0,0
BRDA:1162,116,1,0
BRDA:1174,117,0,0
BRDA:1174,117,1,0
BRDA:1175,118,0,0
BRDA:1175,118,1,0
BRDA:1190,119,0,0
BRDA:1190,119,1,0
BRDA:1198,120,0,1
BRDA:1198,121,0,5
BRDA:1198,121,1,1
BRDA:1207,122,0,0
BRDA:1207,123,0,1
BRDA:1207,123,1,1
BRDA:1212,124,0,1
BRDA:1221,125,0,0
BRDA:1221,125,1,0
BRDA:1227,126,0,1
BRDA:1227,127,0,4
BRDA:1227,127,1,1
BRDA:1236,128,0,0
BRDA:1236,129,0,1
BRDA:1236,129,1,1
BRDA:1252,130,0,0
BRDA:1252,130,1,0
BRDA:1258,131,0,1
BRDA:1258,132,0,3
BRDA:1258,132,1,1
BRDA:1266,133,0,0
BRDA:1266,133,1,0
BRDA:1271,134,0,1
BRDA:1271,135,0,2
BRDA:1271,135,1,1
BRDA:1284,136,0,0
BRDA:1284,136,1,0
BRDA:1289,137,0,1
BRDA:1289,138,0,1
BRDA:1289,138,1,1
BRDA:1297,139,0,0
BRDA:1297,139,1,0
BRDA:1302,140,0,0
BRDA:1302,141,0,0
BRDA:1302,141,1,0
BRDA:1304,142,0,0
BRDA:1304,142,1,0
BRDA:1317,143,0,0
BRDA:1317,143,1,0
BRDA:1322,144,0,0
BRDA:1322,145,0,0
BRDA:1322,145,1,0
BRDA:1331,146,0,0
BRDA:1345,147,0,0
BRDA:1345,147,1,0
BRDA:1351,148,0,0
BRDA:1354,149,0,0
BRDA:1354,149,1,0
BRDA:1358,150,0,0
BRDA:1366,151,0,0
BRDA:1366,151,1,0
BRDA:1367,152,0,0
BRDA:1367,152,1,0
BRDA:1368,153,0,0
BRDA:1368,153,1,0
BRDA:1369,154,0,0
BRDA:1369,154,1,0
BRDA:1370,155,0,0
BRDA:1373,156,0,0
BRDA:1373,156,1,0
BRDA:1374,157,0,0
BRDA:1374,157,1,0
BRDA:1411,158,0,2
BRDA:1411,158,1,0
BRF:260
BRH:75
end_of_record
